QA output created by 005
*** touch deep symlinks

touch: symlink_08: Too many levels of symbolic links
touch: symlink_09: Too many levels of symbolic links
touch: symlink_10: Too many levels of symbolic links
touch: symlink_11: Too many levels of symbolic links
touch: symlink_12: Too many levels of symbolic links
touch: symlink_13: Too many levels of symbolic links
touch: symlink_14: Too many levels of symbolic links
touch: symlink_15: Too many levels of symbolic links
touch: symlink_16: Too many levels of symbolic links
touch: symlink_17: Too many levels of symbolic links
touch: symlink_18: Too many levels of symbolic links
touch: symlink_19: Too many levels of symbolic links
touch: symlink_20: Too many levels of symbolic links
touch: symlink_21: Too many levels of symbolic links
touch: symlink_22: Too many levels of symbolic links
touch: symlink_23: Too many levels of symbolic links
touch: symlink_24: Too many levels of symbolic links
touch: symlink_25: Too many levels of symbolic links
touch: symlink_26: Too many levels of symbolic links
touch: symlink_27: Too many levels of symbolic links
touch: symlink_28: Too many levels of symbolic links
touch: symlink_29: Too many levels of symbolic links
touch: symlink_30: Too many levels of symbolic links
touch: symlink_31: Too many levels of symbolic links
touch: symlink_32: Too many levels of symbolic links
touch: symlink_33: Too many levels of symbolic links
touch: symlink_34: Too many levels of symbolic links
touch: symlink_35: Too many levels of symbolic links
touch: symlink_36: Too many levels of symbolic links
touch: symlink_37: Too many levels of symbolic links
touch: symlink_38: Too many levels of symbolic links
touch: symlink_39: Too many levels of symbolic links

*** touch recusive symlinks

touch: symlink_self: Too many levels of symbolic links
