QA output created by 010
dbtest v1.0

Creating database containing 1000 records...
	performing lookups for 5 iterations...
	using BLEEP as seed for srandom()...

	
There were BLEEP duplicate checksums generated

Performing lookups on database...

	Sequential lookups...


	Random lookups...

Lookups succeeded...

Performing lookups on database...

	Sequential lookups...


	Random lookups...

Lookups succeeded...

Performing lookups on database...

	Sequential lookups...


	Random lookups...

Lookups succeeded...

Performing lookups on database...

	Sequential lookups...


	Random lookups...

Lookups succeeded...

Performing lookups on database...

	Sequential lookups...


	Random lookups...

Lookups succeeded...

Cleaning up database...
	
There were BLEEP duplicate checksums generated
