QA output created by 018
*** init FS
meta-data=DDEV isize=XXX agcount=N, agsize=XXX blks
data     = bsize=XXX blocks=XXX, imaxpct=PCT
         = sunit=XXX swidth=XXX, unwritten=X
naming   =VERN bsize=XXX
log      =LDEV bsize=XXX blocks=XXX
realtime =RDEV extsz=XXX blocks=XXX, rtextents=XXX
*** compare logprint: 018.noquota.op with 018.op.mnt-ologbsize=32k.mkfs-lversion=1.filtered
*** compare logprint: 018.noquota.trans_inode with 018.trans_inode.mnt-ologbsize=32k.mkfs-lversion=1.filtered
*** compare logprint: 018.noquota.trans_buf with 018.trans_buf.mnt-ologbsize=32k.mkfs-lversion=1.filtered
meta-data=DDEV isize=XXX agcount=N, agsize=XXX blks
data     = bsize=XXX blocks=XXX, imaxpct=PCT
         = sunit=XXX swidth=XXX, unwritten=X
naming   =VERN bsize=XXX
log      =LDEV bsize=XXX blocks=XXX
realtime =RDEV extsz=XXX blocks=XXX, rtextents=XXX
*** compare logprint: 018.noquota.op with 018.op.mnt-ologbsize=32k.mkfs-lversion=2.filtered
*** compare logprint: 018.noquota.trans_inode with 018.trans_inode.mnt-ologbsize=32k.mkfs-lversion=2.filtered
*** compare logprint: 018.noquota.trans_buf with 018.trans_buf.mnt-ologbsize=32k.mkfs-lversion=2.filtered
meta-data=DDEV isize=XXX agcount=N, agsize=XXX blks
data     = bsize=XXX blocks=XXX, imaxpct=PCT
         = sunit=XXX swidth=XXX, unwritten=X
naming   =VERN bsize=XXX
log      =LDEV bsize=XXX blocks=XXX
realtime =RDEV extsz=XXX blocks=XXX, rtextents=XXX
*** compare logprint: 018.noquota.op with 018.op.mnt-ologbsize=64k.mkfs-lversion=2.filtered
*** compare logprint: 018.noquota.trans_inode with 018.trans_inode.mnt-ologbsize=64k.mkfs-lversion=2.filtered
*** compare logprint: 018.noquota.trans_buf with 018.trans_buf.mnt-ologbsize=64k.mkfs-lversion=2.filtered
meta-data=DDEV isize=XXX agcount=N, agsize=XXX blks
data     = bsize=XXX blocks=XXX, imaxpct=PCT
         = sunit=XXX swidth=XXX, unwritten=X
naming   =VERN bsize=XXX
log      =LDEV bsize=XXX blocks=XXX
realtime =RDEV extsz=XXX blocks=XXX, rtextents=XXX
*** compare logprint: 018.noquota.op with 018.op.mnt-ologbsize=128k.mkfs-lversion=2.filtered
*** compare logprint: 018.noquota.trans_inode with 018.trans_inode.mnt-ologbsize=128k.mkfs-lversion=2.filtered
*** compare logprint: 018.noquota.trans_buf with 018.trans_buf.mnt-ologbsize=128k.mkfs-lversion=2.filtered
meta-data=DDEV isize=XXX agcount=N, agsize=XXX blks
data     = bsize=XXX blocks=XXX, imaxpct=PCT
         = sunit=XXX swidth=XXX, unwritten=X
naming   =VERN bsize=XXX
log      =LDEV bsize=XXX blocks=XXX
realtime =RDEV extsz=XXX blocks=XXX, rtextents=XXX
*** compare logprint: 018.noquota.op with 018.op.mnt-ologbsize=256k.mkfs-lversion=2.filtered
*** compare logprint: 018.noquota.trans_inode with 018.trans_inode.mnt-ologbsize=256k.mkfs-lversion=2.filtered
*** compare logprint: 018.noquota.trans_buf with 018.trans_buf.mnt-ologbsize=256k.mkfs-lversion=2.filtered
meta-data=DDEV isize=XXX agcount=N, agsize=XXX blks
data     = bsize=XXX blocks=XXX, imaxpct=PCT
         = sunit=XXX swidth=XXX, unwritten=X
naming   =VERN bsize=XXX
log      =LDEV bsize=XXX blocks=XXX
realtime =RDEV extsz=XXX blocks=XXX, rtextents=XXX
*** compare logprint: 018.noquota.op with 018.op.mnt-ologbsize=32k.mkfs-lversion=2,su=4096.filtered
*** compare logprint: 018.noquota.trans_inode with 018.trans_inode.mnt-ologbsize=32k.mkfs-lversion=2,su=4096.filtered
*** compare logprint: 018.noquota.trans_buf with 018.trans_buf.mnt-ologbsize=32k.mkfs-lversion=2,su=4096.filtered
meta-data=DDEV isize=XXX agcount=N, agsize=XXX blks
data     = bsize=XXX blocks=XXX, imaxpct=PCT
         = sunit=XXX swidth=XXX, unwritten=X
naming   =VERN bsize=XXX
log      =LDEV bsize=XXX blocks=XXX
realtime =RDEV extsz=XXX blocks=XXX, rtextents=XXX
*** compare logprint: 018.ugquota.trans_inode with 018.trans_inode.mnt-ousrquota,grpquota.mkfs-lversion=1.filtered
*** unmount
