QA output created by 021
*** mkfs
*** mount FS
*** make test file 1
Attribute "a1" has a 3 byte value for <TESTFILE>.1
Attribute "a2--" has a 5 byte value for <TESTFILE>.1
*** make test file 2
1+0 records in
1+0 records out
Attribute "a1" has a 8 byte value for <TESTFILE>.2
Attribute "a3" has a 65535 byte value for <TESTFILE>.2
Attribute "a2-----" has a 8 byte value for <TESTFILE>.2
*** unmount FS
*** dump attributes (1)
a.sfattr.hdr.totsize = 24
a.sfattr.hdr.count = 2
a.sfattr.list[0].namelen = 2
a.sfattr.list[0].valuelen = 3
a.sfattr.list[0].root = 0
a.sfattr.list[0].name = "a1"
a.sfattr.list[0].value = "v1\d"
a.sfattr.list[1].namelen = 4
a.sfattr.list[1].valuelen = 5
a.sfattr.list[1].root = 0
a.sfattr.list[1].name = "a2--"
a.sfattr.list[1].value = "v2--\d"
*** dump attributes (2)
hdr.info.forw = 0
hdr.info.back = 0
hdr.info.magic = 0xfbee
hdr.count = 3
hdr.usedbytes = 52
hdr.firstused = 4044
hdr.holes = 0
hdr.freemap[0-2] = [base,size] 0:[56,3988] 1:[0,0] 2:[0,0]
entries[0-2] = [hashval,nameidx,incomplete,root,local] 0:[0x30b1,4080,0,0,1] 1:[0x30b3,4044,0,0,0] 2:[0xd5aad33f,4060,0,0,1]
nvlist[0].valuelen = 8
nvlist[0].namelen = 2
nvlist[0].name = "a1"
nvlist[0].value = "value_1\d"
nvlist[1].valueblk = 0x1
nvlist[1].valuelen = 65535
nvlist[1].namelen = 2
nvlist[1].name = "a3"
nvlist[2].valuelen = 8
nvlist[2].namelen = 7
nvlist[2].name = "a2-----"
nvlist[2].value = "value_2\d"
*** done
*** unmount
