QA output created by 029

meta-data=DDEV isize=XXX agcount=N, agsize=XXX blks
data     = bsize=XXX blocks=XXX, imaxpct=PCT
         = sunit=XXX swidth=XXX, unwritten=X
naming   =VERN bsize=XXX
log      =LDEV bsize=XXX blocks=XXX
realtime =RDEV extsz=XXX blocks=XXX, rtextents=XXX

xfs_logprint:
    data device: DDEV
    log device: LDEV daddr: XXX length: XXX

cycle: 1	version: <VERN>		lsn: 1,0	tail_lsn: 1,0
length of Log Record: <LEN>	prev offset: -1		num ops: 1
uuid: <UUID> format: <FORMAT>
h_size: <H_SIZE>
----------------------------------------------------------------------------
Oper (0): tid: b0c0d0d0  len: 8  clientid: LOG  flags: UNMOUNT 
Unmount filesystem

============================================================================
xfs_logprint: skipped XXX zeroed blocks in range: XXX - XXX
xfs_logprint: physical end of log
============================================================================
xfs_logprint: logical end of log
============================================================================
