QA output created by 047
Dumping to file...
xfsdump  -f DUMP_FILE -M stress_tape_media -L session.0 SCRATCH_MNT
xfsdump: version 3.0 - Running single-threaded
xfsdump: level 0 dump of HOSTNAME:SCRATCH_MNT
xfsdump: dump date: DATE
xfsdump: session id: ID
xfsdump: session label: "session.0"
xfsdump: ino map phase 1: skipping (no subtrees specified)
xfsdump: ino map phase 2: constructing initial dump list
xfsdump: ino map phase 3: skipping (no pruning necessary)
xfsdump: ino map phase 4: skipping (size estimated in phase 2)
xfsdump: ino map phase 5: skipping (only one dump stream)
xfsdump: ino map construction complete
xfsdump: estimated dump size: NUM bytes
xfsdump: /var/xfsdump/inventory created
xfsdump: creating dump session media file 0 (media 0, file 0)
xfsdump: dumping ino map
xfsdump: dumping directories
xfsdump: dumping non-directory files
xfsdump: ending media file
xfsdump: media file size NUM bytes
xfsdump: dump size (non-dir files) : 0 bytes
xfsdump: dump complete: SECS seconds elapsed
Dumping to file...
xfsdump  -f DUMP_FILE -M stress_tape_media -L session.1 SCRATCH_MNT
xfsdump: version 3.0 - Running single-threaded
xfsdump: level 0 dump of HOSTNAME:SCRATCH_MNT
xfsdump: dump date: DATE
xfsdump: session id: ID
xfsdump: session label: "session.1"
xfsdump: ino map phase 1: skipping (no subtrees specified)
xfsdump: ino map phase 2: constructing initial dump list
xfsdump: ino map phase 3: skipping (no pruning necessary)
xfsdump: ino map phase 4: skipping (size estimated in phase 2)
xfsdump: ino map phase 5: skipping (only one dump stream)
xfsdump: ino map construction complete
xfsdump: estimated dump size: NUM bytes
xfsdump: creating dump session media file 0 (media 0, file 0)
xfsdump: dumping ino map
xfsdump: dumping directories
xfsdump: dumping non-directory files
xfsdump: ending media file
xfsdump: media file size NUM bytes
xfsdump: dump size (non-dir files) : 0 bytes
xfsdump: dump complete: SECS seconds elapsed
Dumping to file...
xfsdump  -f DUMP_FILE -M stress_tape_media -L session.2 SCRATCH_MNT
xfsdump: version 3.0 - Running single-threaded
xfsdump: level 0 dump of HOSTNAME:SCRATCH_MNT
xfsdump: dump date: DATE
xfsdump: session id: ID
xfsdump: session label: "session.2"
xfsdump: ino map phase 1: skipping (no subtrees specified)
xfsdump: ino map phase 2: constructing initial dump list
xfsdump: ino map phase 3: skipping (no pruning necessary)
xfsdump: ino map phase 4: skipping (size estimated in phase 2)
xfsdump: ino map phase 5: skipping (only one dump stream)
xfsdump: ino map construction complete
xfsdump: estimated dump size: NUM bytes
xfsdump: creating dump session media file 0 (media 0, file 0)
xfsdump: dumping ino map
xfsdump: dumping directories
xfsdump: dumping non-directory files
xfsdump: ending media file
xfsdump: media file size NUM bytes
xfsdump: dump size (non-dir files) : 0 bytes
xfsdump: dump complete: SECS seconds elapsed
Dumping to file...
xfsdump  -f DUMP_FILE -M stress_tape_media -L session.3 SCRATCH_MNT
xfsdump: version 3.0 - Running single-threaded
xfsdump: level 0 dump of HOSTNAME:SCRATCH_MNT
xfsdump: dump date: DATE
xfsdump: session id: ID
xfsdump: session label: "session.3"
xfsdump: ino map phase 1: skipping (no subtrees specified)
xfsdump: ino map phase 2: constructing initial dump list
xfsdump: ino map phase 3: skipping (no pruning necessary)
xfsdump: ino map phase 4: skipping (size estimated in phase 2)
xfsdump: ino map phase 5: skipping (only one dump stream)
xfsdump: ino map construction complete
xfsdump: estimated dump size: NUM bytes
xfsdump: creating dump session media file 0 (media 0, file 0)
xfsdump: dumping ino map
xfsdump: dumping directories
xfsdump: dumping non-directory files
xfsdump: ending media file
xfsdump: media file size NUM bytes
xfsdump: dump size (non-dir files) : 0 bytes
xfsdump: dump complete: SECS seconds elapsed
Dumping to file...
xfsdump  -f DUMP_FILE -M stress_tape_media -L session.4 SCRATCH_MNT
xfsdump: version 3.0 - Running single-threaded
xfsdump: level 0 dump of HOSTNAME:SCRATCH_MNT
xfsdump: dump date: DATE
xfsdump: session id: ID
xfsdump: session label: "session.4"
xfsdump: ino map phase 1: skipping (no subtrees specified)
xfsdump: ino map phase 2: constructing initial dump list
xfsdump: ino map phase 3: skipping (no pruning necessary)
xfsdump: ino map phase 4: skipping (size estimated in phase 2)
xfsdump: ino map phase 5: skipping (only one dump stream)
xfsdump: ino map construction complete
xfsdump: estimated dump size: NUM bytes
xfsdump: creating dump session media file 0 (media 0, file 0)
xfsdump: dumping ino map
xfsdump: dumping directories
xfsdump: dumping non-directory files
xfsdump: ending media file
xfsdump: media file size NUM bytes
xfsdump: dump size (non-dir files) : 0 bytes
xfsdump: dump complete: SECS seconds elapsed
file system 0:
	fs id: ID
	session 0:
		mount point:	HOSTNAME:SCRATCH_MNT
		device:		HOSTNAME:SCRATCH_DEV
		time: TIME
		session label:	"session.0"
		session id: ID
		level:		0
		resumed:	NO
		subtree:	NO
		streams:	1
		stream 0:
			pathname:	DUMP_FILE
			start:		ino 0 offset 0
			end:		ino 1 offset 0
			interrupted:	NO
			media files:	1
			media file 0:
				mfile index:	0
				mfile type:	data
				mfile size:	21016
				mfile start:	ino 0 offset 0
				mfile end:	ino 1 offset 0
				media label:	"stress_tape_media"
				media id: ID
	session 1:
		mount point:	HOSTNAME:SCRATCH_MNT
		device:		HOSTNAME:SCRATCH_DEV
		time: TIME
		session label:	"session.1"
		session id: ID
		level:		0
		resumed:	NO
		subtree:	NO
		streams:	1
		stream 0:
			pathname:	DUMP_FILE
			start:		ino 0 offset 0
			end:		ino 1 offset 0
			interrupted:	NO
			media files:	1
			media file 0:
				mfile index:	0
				mfile type:	data
				mfile size:	21016
				mfile start:	ino 0 offset 0
				mfile end:	ino 1 offset 0
				media label:	"stress_tape_media"
				media id: ID
	session 2:
		mount point:	HOSTNAME:SCRATCH_MNT
		device:		HOSTNAME:SCRATCH_DEV
		time: TIME
		session label:	"session.2"
		session id: ID
		level:		0
		resumed:	NO
		subtree:	NO
		streams:	1
		stream 0:
			pathname:	DUMP_FILE
			start:		ino 0 offset 0
			end:		ino 1 offset 0
			interrupted:	NO
			media files:	1
			media file 0:
				mfile index:	0
				mfile type:	data
				mfile size:	21016
				mfile start:	ino 0 offset 0
				mfile end:	ino 1 offset 0
				media label:	"stress_tape_media"
				media id: ID
	session 3:
		mount point:	HOSTNAME:SCRATCH_MNT
		device:		HOSTNAME:SCRATCH_DEV
		time: TIME
		session label:	"session.3"
		session id: ID
		level:		0
		resumed:	NO
		subtree:	NO
		streams:	1
		stream 0:
			pathname:	DUMP_FILE
			start:		ino 0 offset 0
			end:		ino 1 offset 0
			interrupted:	NO
			media files:	1
			media file 0:
				mfile index:	0
				mfile type:	data
				mfile size:	21016
				mfile start:	ino 0 offset 0
				mfile end:	ino 1 offset 0
				media label:	"stress_tape_media"
				media id: ID
	session 4:
		mount point:	HOSTNAME:SCRATCH_MNT
		device:		HOSTNAME:SCRATCH_DEV
		time: TIME
		session label:	"session.4"
		session id: ID
		level:		0
		resumed:	NO
		subtree:	NO
		streams:	1
		stream 0:
			pathname:	DUMP_FILE
			start:		ino 0 offset 0
			end:		ino 1 offset 0
			interrupted:	NO
			media files:	1
			media file 0:
				mfile index:	0
				mfile type:	data
				mfile size:	21016
				mfile start:	ino 0 offset 0
				mfile end:	ino 1 offset 0
				media label:	"stress_tape_media"
				media id: ID
Processing file /var/xfsdump/inventory/UUIDstab
   Found entry for HOSTNAME:SCRATCH_MNT
      processing index file 
       /var/xfsdump/inventory/UUID.InvIndex
         Checking access for
          /var/xfsdump/inventory/UUID.StObj
          Mount point match
            Session 0: HOSTNAME:SCRATCH_MNT
-------------------------------------------------
An entry matching the mount point/time is :
UUID		:	ID
MOUNT POINT	:	HOSTNAME:SCRATCH_MNT
DEV PATH	:	HOSTNAME:SCRATCH_DEV
TIME OF DUMP	:	TIME

Do you want to prune this entry: [y/n] -------------------------------------------------

            Session 1: HOSTNAME:SCRATCH_MNT
-------------------------------------------------
An entry matching the mount point/time is :
UUID		:	ID
MOUNT POINT	:	HOSTNAME:SCRATCH_MNT
DEV PATH	:	HOSTNAME:SCRATCH_DEV
TIME OF DUMP	:	TIME

Do you want to prune this entry: [y/n] -------------------------------------------------

            Session 2: HOSTNAME:SCRATCH_MNT
-------------------------------------------------
An entry matching the mount point/time is :
UUID		:	ID
MOUNT POINT	:	HOSTNAME:SCRATCH_MNT
DEV PATH	:	HOSTNAME:SCRATCH_DEV
TIME OF DUMP	:	TIME

Do you want to prune this entry: [y/n] -------------------------------------------------

            Session 3: HOSTNAME:SCRATCH_MNT
            Session 4: HOSTNAME:SCRATCH_MNT
file system 0:
	fs id: ID
	session 0:
		mount point:	HOSTNAME:SCRATCH_MNT
		device:		HOSTNAME:SCRATCH_DEV
		time: TIME
		session label:	"session.0"
		session id: ID
		level:		0
		resumed:	NO
		subtree:	NO
		streams:	1
		stream 0:
			pathname:	DUMP_FILE
			start:		ino 0 offset 0
			end:		ino 1 offset 0
			interrupted:	NO
			media files:	1
			media file 0:
				mfile index:	0
				mfile type:	data
				mfile size:	21016
				mfile start:	ino 0 offset 0
				mfile end:	ino 1 offset 0
				media label:	"stress_tape_media"
				media id: ID
	session 1:
		mount point:	HOSTNAME:SCRATCH_MNT
		device:		HOSTNAME:SCRATCH_DEV
		time: TIME
		session label:	"session.3"
		session id: ID
		level:		0
		resumed:	NO
		subtree:	NO
		streams:	1
		stream 0:
			pathname:	DUMP_FILE
			start:		ino 0 offset 0
			end:		ino 1 offset 0
			interrupted:	NO
			media files:	1
			media file 0:
				mfile index:	0
				mfile type:	data
				mfile size:	21016
				mfile start:	ino 0 offset 0
				mfile end:	ino 1 offset 0
				media label:	"stress_tape_media"
				media id: ID
	session 2:
		mount point:	HOSTNAME:SCRATCH_MNT
		device:		HOSTNAME:SCRATCH_DEV
		time: TIME
		session label:	"session.4"
		session id: ID
		level:		0
		resumed:	NO
		subtree:	NO
		streams:	1
		stream 0:
			pathname:	DUMP_FILE
			start:		ino 0 offset 0
			end:		ino 1 offset 0
			interrupted:	NO
			media files:	1
			media file 0:
				mfile index:	0
				mfile type:	data
				mfile size:	21016
				mfile start:	ino 0 offset 0
				mfile end:	ino 1 offset 0
				media label:	"stress_tape_media"
				media id: ID
