QA output created by 057
-rwxr-x-w- 0 0 file1

access, default, irix-semantics
file1: access irix-empty
file1: default irix-empty

access, default, linux-semantics
file1: access u::rwx,g::r-x,o::-w-
file1: default linux-empty

access, fd, irix-semantics
file1: access irix-empty

access, fd, linux-semantics
file1: access u::rwx,g::r-x,o::-w-

file1 [u::rwx,g::rw-,o::---,u:id1:r-x,g:id1:r--,m::rwx]
-rwxrwx--- 0 0 file1

access, default, irix-semantics
file1: access u::rwx,g::rw-,o::---,u:id1:r-x,g:id1:r--,m::rwx
file1: default irix-empty

access, default, linux-semantics
file1: access u::rwx,g::rw-,o::---,u:id1:r-x,g:id1:r--,m::rwx
file1: default linux-empty

access, fd, irix-semantics
file1: access u::rwx,g::rw-,o::---,u:id1:r-x,g:id1:r--,m::rwx

access, fd, linux-semantics
file1: access u::rwx,g::rw-,o::---,u:id1:r-x,g:id1:r--,m::rwx

