QA output created by 064
Creating directory system of hardlinks to incrementally dump.
creating hardlink file1_h1 to file1
creating hardlink file1_h2 to file1
creating hardlink file1_h3 to file1
creating hardlink file1_h4 to file1
creating hardlink file1_h5 to file1
creating hardlink file2_h1 to file2
creating hardlink file2_h2 to file2
creating hardlink file2_h3 to file2
creating hardlink file2_h4 to file2
creating hardlink file2_h5 to file2
creating hardlink file3_h1 to file3
creating hardlink file3_h2 to file3
creating hardlink file3_h3 to file3
creating hardlink file3_h4 to file3
creating hardlink file3_h5 to file3
creating hardlink file4_h1 to file4
creating hardlink file4_h2 to file4
creating hardlink file4_h3 to file4
creating hardlink file4_h4 to file4
creating hardlink file4_h5 to file4
creating hardlink file5_h1 to file5
creating hardlink file5_h2 to file5
creating hardlink file5_h3 to file5
creating hardlink file5_h4 to file5
creating hardlink file5_h5 to file5
creating hardlink file6_h1 to file6
creating hardlink file6_h2 to file6
creating hardlink file6_h3 to file6
creating hardlink file6_h4 to file6
creating hardlink file6_h5 to file6
creating hardlink file7_h1 to file7
creating hardlink file7_h2 to file7
creating hardlink file7_h3 to file7
creating hardlink file7_h4 to file7
creating hardlink file7_h5 to file7
creating hardlink file8_h1 to file8
creating hardlink file8_h2 to file8
creating hardlink file8_h3 to file8
creating hardlink file8_h4 to file8
creating hardlink file8_h5 to file8
creating hardlink file9_h1 to file9
creating hardlink file9_h2 to file9
creating hardlink file9_h3 to file9
creating hardlink file9_h4 to file9
creating hardlink file9_h5 to file9
Do the incremental dumps
Dumping to file...
xfsdump  -l0 -f DUMP_FILE -M stress_tape_media -L stress_064 SCRATCH_MNT
xfsdump: using file dump (drive_simple) strategy
xfsdump: level 0 dump of HOSTNAME:SCRATCH_MNT
xfsdump: dump date: DATE
xfsdump: session id: ID
xfsdump: session label: "stress_064"
xfsdump: ino map <PHASES>
xfsdump: ino map construction complete
xfsdump: estimated dump size: NUM bytes
xfsdump: /var/xfsdump/inventory created
xfsdump: creating dump session media file 0 (media 0, file 0)
xfsdump: dumping ino map
xfsdump: dumping directories
xfsdump: dumping non-directory files
xfsdump: ending media file
xfsdump: media file size NUM bytes
xfsdump: dump size (non-dir files) : NUM bytes
xfsdump: dump complete: SECS seconds elapsed
xfsdump: Dump Status: SUCCESS
Dumping to file...
xfsdump  -l1 -f DUMP_FILE -M stress_tape_media -L stress_064 SCRATCH_MNT
xfsdump: using file dump (drive_simple) strategy
xfsdump: level 1 incremental dump of HOSTNAME:SCRATCH_MNT based on level 0 dump begun DATE
xfsdump: dump date: DATE
xfsdump: session id: ID
xfsdump: session label: "stress_064"
xfsdump: ino map <PHASES>
xfsdump: ino map construction complete
xfsdump: estimated dump size: NUM bytes
xfsdump: creating dump session media file 0 (media 0, file 0)
xfsdump: dumping ino map
xfsdump: dumping directories
xfsdump: dumping non-directory files
xfsdump: ending media file
xfsdump: media file size NUM bytes
xfsdump: dump size (non-dir files) : NUM bytes
xfsdump: dump complete: SECS seconds elapsed
xfsdump: Dump Status: SUCCESS
Dumping to file...
xfsdump  -l2 -f DUMP_FILE -M stress_tape_media -L stress_064 SCRATCH_MNT
xfsdump: using file dump (drive_simple) strategy
xfsdump: level 2 incremental dump of HOSTNAME:SCRATCH_MNT based on level 1 dump begun DATE
xfsdump: dump date: DATE
xfsdump: session id: ID
xfsdump: session label: "stress_064"
xfsdump: ino map <PHASES>
xfsdump: ino map construction complete
xfsdump: estimated dump size: NUM bytes
xfsdump: creating dump session media file 0 (media 0, file 0)
xfsdump: dumping ino map
xfsdump: dumping directories
xfsdump: dumping non-directory files
xfsdump: ending media file
xfsdump: media file size NUM bytes
xfsdump: dump size (non-dir files) : NUM bytes
xfsdump: dump complete: SECS seconds elapsed
xfsdump: Dump Status: SUCCESS
Dumping to file...
xfsdump  -l3 -f DUMP_FILE -M stress_tape_media -L stress_064 SCRATCH_MNT
xfsdump: using file dump (drive_simple) strategy
xfsdump: level 3 incremental dump of HOSTNAME:SCRATCH_MNT based on level 2 dump begun DATE
xfsdump: dump date: DATE
xfsdump: session id: ID
xfsdump: session label: "stress_064"
xfsdump: ino map <PHASES>
xfsdump: ino map construction complete
xfsdump: estimated dump size: NUM bytes
xfsdump: creating dump session media file 0 (media 0, file 0)
xfsdump: dumping ino map
xfsdump: dumping directories
xfsdump: dumping non-directory files
xfsdump: ending media file
xfsdump: media file size NUM bytes
xfsdump: dump size (non-dir files) : NUM bytes
xfsdump: dump complete: SECS seconds elapsed
xfsdump: Dump Status: SUCCESS
Dumping to file...
xfsdump  -l4 -f DUMP_FILE -M stress_tape_media -L stress_064 SCRATCH_MNT
xfsdump: using file dump (drive_simple) strategy
xfsdump: level 4 incremental dump of HOSTNAME:SCRATCH_MNT based on level 3 dump begun DATE
xfsdump: dump date: DATE
xfsdump: session id: ID
xfsdump: session label: "stress_064"
xfsdump: ino map <PHASES>
xfsdump: ino map construction complete
xfsdump: estimated dump size: NUM bytes
xfsdump: creating dump session media file 0 (media 0, file 0)
xfsdump: dumping ino map
xfsdump: dumping directories
xfsdump: dumping non-directory files
xfsdump: ending media file
xfsdump: media file size NUM bytes
xfsdump: dump size (non-dir files) : NUM bytes
xfsdump: dump complete: SECS seconds elapsed
xfsdump: Dump Status: SUCCESS
Dumping to file...
xfsdump  -l5 -f DUMP_FILE -M stress_tape_media -L stress_064 SCRATCH_MNT
xfsdump: using file dump (drive_simple) strategy
xfsdump: level 5 incremental dump of HOSTNAME:SCRATCH_MNT based on level 4 dump begun DATE
xfsdump: dump date: DATE
xfsdump: session id: ID
xfsdump: session label: "stress_064"
xfsdump: ino map <PHASES>
xfsdump: ino map construction complete
xfsdump: estimated dump size: NUM bytes
xfsdump: creating dump session media file 0 (media 0, file 0)
xfsdump: dumping ino map
xfsdump: dumping directories
xfsdump: dumping non-directory files
xfsdump: ending media file
xfsdump: media file size NUM bytes
xfsdump: dump size (non-dir files) : NUM bytes
xfsdump: dump complete: SECS seconds elapsed
xfsdump: Dump Status: SUCCESS
Dumping to file...
xfsdump  -l6 -f DUMP_FILE -M stress_tape_media -L stress_064 SCRATCH_MNT
xfsdump: using file dump (drive_simple) strategy
xfsdump: level 6 incremental dump of HOSTNAME:SCRATCH_MNT based on level 5 dump begun DATE
xfsdump: dump date: DATE
xfsdump: session id: ID
xfsdump: session label: "stress_064"
xfsdump: ino map <PHASES>
xfsdump: ino map construction complete
xfsdump: estimated dump size: NUM bytes
xfsdump: creating dump session media file 0 (media 0, file 0)
xfsdump: dumping ino map
xfsdump: dumping directories
xfsdump: dumping non-directory files
xfsdump: ending media file
xfsdump: media file size NUM bytes
xfsdump: dump size (non-dir files) : NUM bytes
xfsdump: dump complete: SECS seconds elapsed
xfsdump: Dump Status: SUCCESS
Dumping to file...
xfsdump  -l7 -f DUMP_FILE -M stress_tape_media -L stress_064 SCRATCH_MNT
xfsdump: using file dump (drive_simple) strategy
xfsdump: level 7 incremental dump of HOSTNAME:SCRATCH_MNT based on level 6 dump begun DATE
xfsdump: dump date: DATE
xfsdump: session id: ID
xfsdump: session label: "stress_064"
xfsdump: ino map <PHASES>
xfsdump: ino map construction complete
xfsdump: estimated dump size: NUM bytes
xfsdump: creating dump session media file 0 (media 0, file 0)
xfsdump: dumping ino map
xfsdump: dumping directories
xfsdump: dumping non-directory files
xfsdump: ending media file
xfsdump: media file size NUM bytes
xfsdump: dump size (non-dir files) : NUM bytes
xfsdump: dump complete: SECS seconds elapsed
xfsdump: Dump Status: SUCCESS
Dumping to file...
xfsdump  -l8 -f DUMP_FILE -M stress_tape_media -L stress_064 SCRATCH_MNT
xfsdump: using file dump (drive_simple) strategy
xfsdump: level 8 incremental dump of HOSTNAME:SCRATCH_MNT based on level 7 dump begun DATE
xfsdump: dump date: DATE
xfsdump: session id: ID
xfsdump: session label: "stress_064"
xfsdump: ino map <PHASES>
xfsdump: ino map construction complete
xfsdump: estimated dump size: NUM bytes
xfsdump: creating dump session media file 0 (media 0, file 0)
xfsdump: dumping ino map
xfsdump: dumping directories
xfsdump: dumping non-directory files
xfsdump: ending media file
xfsdump: media file size NUM bytes
xfsdump: dump size (non-dir files) : NUM bytes
xfsdump: dump complete: SECS seconds elapsed
xfsdump: Dump Status: SUCCESS
Dumping to file...
xfsdump  -l9 -f DUMP_FILE -M stress_tape_media -L stress_064 SCRATCH_MNT
xfsdump: using file dump (drive_simple) strategy
xfsdump: level 9 incremental dump of HOSTNAME:SCRATCH_MNT based on level 8 dump begun DATE
xfsdump: dump date: DATE
xfsdump: session id: ID
xfsdump: session label: "stress_064"
xfsdump: ino map <PHASES>
xfsdump: ino map construction complete
xfsdump: estimated dump size: NUM bytes
xfsdump: creating dump session media file 0 (media 0, file 0)
xfsdump: dumping ino map
xfsdump: dumping directories
xfsdump: dumping non-directory files
xfsdump: ending media file
xfsdump: media file size NUM bytes
xfsdump: dump size (non-dir files) : NUM bytes
xfsdump: dump complete: SECS seconds elapsed
xfsdump: Dump Status: SUCCESS
Listing of what files we start with:
12 file1
12 file1_h1
12 file1_h2
12 file1_h3
12 file1_h4
12 file1_h5
12 file2
12 file2_h1
12 file2_h2
12 file2_h3
12 file2_h4
12 file2_h5
12 file3
12 file3_h1
12 file3_h2
12 file3_h3
12 file3_h4
12 file3_h5
12 file4
12 file4_h1
12 file4_h2
12 file4_h3
12 file4_h4
12 file4_h5
12 file5
12 file5_h1
12 file5_h2
12 file5_h3
12 file5_h4
12 file5_h5
12 file6
12 file6_h1
12 file6_h2
12 file6_h3
12 file6_h4
12 file6_h5
12 file7
12 file7_h1
12 file7_h2
12 file7_h3
12 file7_h4
12 file7_h5
12 file8
12 file8_h1
12 file8_h2
12 file8_h3
12 file8_h4
12 file8_h5
12 file9
12 file9_h1
12 file9_h2
12 file9_h3
12 file9_h4
12 file9_h5
Look at what files are contained in the inc. dump

restoring from df.level0
Contents of dump ...
xfsrestore  -f DUMP_FILE -t
xfsrestore: using file dump (drive_simple) strategy
xfsrestore: searching media for dump
xfsrestore: examining media file 0
xfsrestore: dump description: 
xfsrestore: hostname: HOSTNAME
xfsrestore: mount point: SCRATCH_MNT
xfsrestore: volume: SCRATCH_DEV
xfsrestore: session time: TIME
xfsrestore: level: 0
xfsrestore: session label: "stress_064"
xfsrestore: media label: "stress_tape_media"
xfsrestore: file system ID: ID
xfsrestore: session id: ID
xfsrestore: media ID: ID
xfsrestore: using online session inventory
xfsrestore: searching media for directory dump
xfsrestore: reading directories
xfsrestore: 2 directories and 55 entries processed
xfsrestore: directory post-processing
xfsrestore: reading non-directory files
xfsrestore: table of contents display complete: SECS seconds elapsed
xfsrestore: Restore Status: SUCCESS

dumpdir/file1
dumpdir/file1_h1
dumpdir/file1_h2
dumpdir/file1_h3
dumpdir/file1_h4
dumpdir/file1_h5
dumpdir/file2
dumpdir/file2_h1
dumpdir/file2_h2
dumpdir/file2_h3
dumpdir/file2_h4
dumpdir/file2_h5
dumpdir/file3
dumpdir/file3_h1
dumpdir/file3_h2
dumpdir/file3_h3
dumpdir/file3_h4
dumpdir/file3_h5
dumpdir/file4
dumpdir/file4_h1
dumpdir/file4_h2
dumpdir/file4_h3
dumpdir/file4_h4
dumpdir/file4_h5
dumpdir/file5
dumpdir/file5_h1
dumpdir/file5_h2
dumpdir/file5_h3
dumpdir/file5_h4
dumpdir/file5_h5
dumpdir/file6
dumpdir/file6_h1
dumpdir/file6_h2
dumpdir/file6_h3
dumpdir/file6_h4
dumpdir/file6_h5
dumpdir/file7
dumpdir/file7_h1
dumpdir/file7_h2
dumpdir/file7_h3
dumpdir/file7_h4
dumpdir/file7_h5
dumpdir/file8
dumpdir/file8_h1
dumpdir/file8_h2
dumpdir/file8_h3
dumpdir/file8_h4
dumpdir/file8_h5
dumpdir/file9
dumpdir/file9_h1
dumpdir/file9_h2
dumpdir/file9_h3
dumpdir/file9_h4
dumpdir/file9_h5

restoring from df.level1
Contents of dump ...
xfsrestore  -f DUMP_FILE -t
xfsrestore: using file dump (drive_simple) strategy
xfsrestore: searching media for dump
xfsrestore: examining media file 0
xfsrestore: dump description: 
xfsrestore: hostname: HOSTNAME
xfsrestore: mount point: SCRATCH_MNT
xfsrestore: volume: SCRATCH_DEV
xfsrestore: session time: TIME
xfsrestore: level: 1
xfsrestore: session label: "stress_064"
xfsrestore: media label: "stress_tape_media"
xfsrestore: file system ID: ID
xfsrestore: session id: ID
xfsrestore: media ID: ID
xfsrestore: using online session inventory
xfsrestore: searching media for directory dump
xfsrestore: reading directories
xfsrestore: 2 directories and 55 entries processed
xfsrestore: directory post-processing
xfsrestore: reading non-directory files
xfsrestore: table of contents display complete: SECS seconds elapsed
xfsrestore: Restore Status: SUCCESS

dumpdir/file1
dumpdir/file1_h1
dumpdir/file1_h2
dumpdir/file1_h3
dumpdir/file1_h4
dumpdir/file1_h5

restoring from df.level2
Contents of dump ...
xfsrestore  -f DUMP_FILE -t
xfsrestore: using file dump (drive_simple) strategy
xfsrestore: searching media for dump
xfsrestore: examining media file 0
xfsrestore: dump description: 
xfsrestore: hostname: HOSTNAME
xfsrestore: mount point: SCRATCH_MNT
xfsrestore: volume: SCRATCH_DEV
xfsrestore: session time: TIME
xfsrestore: level: 2
xfsrestore: session label: "stress_064"
xfsrestore: media label: "stress_tape_media"
xfsrestore: file system ID: ID
xfsrestore: session id: ID
xfsrestore: media ID: ID
xfsrestore: using online session inventory
xfsrestore: searching media for directory dump
xfsrestore: reading directories
xfsrestore: 2 directories and 55 entries processed
xfsrestore: directory post-processing
xfsrestore: reading non-directory files
xfsrestore: table of contents display complete: SECS seconds elapsed
xfsrestore: Restore Status: SUCCESS

dumpdir/file2
dumpdir/file2_h1
dumpdir/file2_h2
dumpdir/file2_h3
dumpdir/file2_h4
dumpdir/file2_h5

restoring from df.level3
Contents of dump ...
xfsrestore  -f DUMP_FILE -t
xfsrestore: using file dump (drive_simple) strategy
xfsrestore: searching media for dump
xfsrestore: examining media file 0
xfsrestore: dump description: 
xfsrestore: hostname: HOSTNAME
xfsrestore: mount point: SCRATCH_MNT
xfsrestore: volume: SCRATCH_DEV
xfsrestore: session time: TIME
xfsrestore: level: 3
xfsrestore: session label: "stress_064"
xfsrestore: media label: "stress_tape_media"
xfsrestore: file system ID: ID
xfsrestore: session id: ID
xfsrestore: media ID: ID
xfsrestore: using online session inventory
xfsrestore: searching media for directory dump
xfsrestore: reading directories
xfsrestore: 2 directories and 55 entries processed
xfsrestore: directory post-processing
xfsrestore: reading non-directory files
xfsrestore: table of contents display complete: SECS seconds elapsed
xfsrestore: Restore Status: SUCCESS

dumpdir/file3
dumpdir/file3_h1
dumpdir/file3_h2
dumpdir/file3_h3
dumpdir/file3_h4
dumpdir/file3_h5

restoring from df.level4
Contents of dump ...
xfsrestore  -f DUMP_FILE -t
xfsrestore: using file dump (drive_simple) strategy
xfsrestore: searching media for dump
xfsrestore: examining media file 0
xfsrestore: dump description: 
xfsrestore: hostname: HOSTNAME
xfsrestore: mount point: SCRATCH_MNT
xfsrestore: volume: SCRATCH_DEV
xfsrestore: session time: TIME
xfsrestore: level: 4
xfsrestore: session label: "stress_064"
xfsrestore: media label: "stress_tape_media"
xfsrestore: file system ID: ID
xfsrestore: session id: ID
xfsrestore: media ID: ID
xfsrestore: using online session inventory
xfsrestore: searching media for directory dump
xfsrestore: reading directories
xfsrestore: 2 directories and 55 entries processed
xfsrestore: directory post-processing
xfsrestore: reading non-directory files
xfsrestore: table of contents display complete: SECS seconds elapsed
xfsrestore: Restore Status: SUCCESS

dumpdir/file4
dumpdir/file4_h1
dumpdir/file4_h2
dumpdir/file4_h3
dumpdir/file4_h4
dumpdir/file4_h5

restoring from df.level5
Contents of dump ...
xfsrestore  -f DUMP_FILE -t
xfsrestore: using file dump (drive_simple) strategy
xfsrestore: searching media for dump
xfsrestore: examining media file 0
xfsrestore: dump description: 
xfsrestore: hostname: HOSTNAME
xfsrestore: mount point: SCRATCH_MNT
xfsrestore: volume: SCRATCH_DEV
xfsrestore: session time: TIME
xfsrestore: level: 5
xfsrestore: session label: "stress_064"
xfsrestore: media label: "stress_tape_media"
xfsrestore: file system ID: ID
xfsrestore: session id: ID
xfsrestore: media ID: ID
xfsrestore: using online session inventory
xfsrestore: searching media for directory dump
xfsrestore: reading directories
xfsrestore: 2 directories and 55 entries processed
xfsrestore: directory post-processing
xfsrestore: reading non-directory files
xfsrestore: table of contents display complete: SECS seconds elapsed
xfsrestore: Restore Status: SUCCESS

dumpdir/file5
dumpdir/file5_h1
dumpdir/file5_h2
dumpdir/file5_h3
dumpdir/file5_h4
dumpdir/file5_h5

restoring from df.level6
Contents of dump ...
xfsrestore  -f DUMP_FILE -t
xfsrestore: using file dump (drive_simple) strategy
xfsrestore: searching media for dump
xfsrestore: examining media file 0
xfsrestore: dump description: 
xfsrestore: hostname: HOSTNAME
xfsrestore: mount point: SCRATCH_MNT
xfsrestore: volume: SCRATCH_DEV
xfsrestore: session time: TIME
xfsrestore: level: 6
xfsrestore: session label: "stress_064"
xfsrestore: media label: "stress_tape_media"
xfsrestore: file system ID: ID
xfsrestore: session id: ID
xfsrestore: media ID: ID
xfsrestore: using online session inventory
xfsrestore: searching media for directory dump
xfsrestore: reading directories
xfsrestore: 2 directories and 55 entries processed
xfsrestore: directory post-processing
xfsrestore: reading non-directory files
xfsrestore: table of contents display complete: SECS seconds elapsed
xfsrestore: Restore Status: SUCCESS

dumpdir/file6
dumpdir/file6_h1
dumpdir/file6_h2
dumpdir/file6_h3
dumpdir/file6_h4
dumpdir/file6_h5

restoring from df.level7
Contents of dump ...
xfsrestore  -f DUMP_FILE -t
xfsrestore: using file dump (drive_simple) strategy
xfsrestore: searching media for dump
xfsrestore: examining media file 0
xfsrestore: dump description: 
xfsrestore: hostname: HOSTNAME
xfsrestore: mount point: SCRATCH_MNT
xfsrestore: volume: SCRATCH_DEV
xfsrestore: session time: TIME
xfsrestore: level: 7
xfsrestore: session label: "stress_064"
xfsrestore: media label: "stress_tape_media"
xfsrestore: file system ID: ID
xfsrestore: session id: ID
xfsrestore: media ID: ID
xfsrestore: using online session inventory
xfsrestore: searching media for directory dump
xfsrestore: reading directories
xfsrestore: 2 directories and 55 entries processed
xfsrestore: directory post-processing
xfsrestore: reading non-directory files
xfsrestore: table of contents display complete: SECS seconds elapsed
xfsrestore: Restore Status: SUCCESS

dumpdir/file7
dumpdir/file7_h1
dumpdir/file7_h2
dumpdir/file7_h3
dumpdir/file7_h4
dumpdir/file7_h5

restoring from df.level8
Contents of dump ...
xfsrestore  -f DUMP_FILE -t
xfsrestore: using file dump (drive_simple) strategy
xfsrestore: searching media for dump
xfsrestore: examining media file 0
xfsrestore: dump description: 
xfsrestore: hostname: HOSTNAME
xfsrestore: mount point: SCRATCH_MNT
xfsrestore: volume: SCRATCH_DEV
xfsrestore: session time: TIME
xfsrestore: level: 8
xfsrestore: session label: "stress_064"
xfsrestore: media label: "stress_tape_media"
xfsrestore: file system ID: ID
xfsrestore: session id: ID
xfsrestore: media ID: ID
xfsrestore: using online session inventory
xfsrestore: searching media for directory dump
xfsrestore: reading directories
xfsrestore: 2 directories and 55 entries processed
xfsrestore: directory post-processing
xfsrestore: reading non-directory files
xfsrestore: table of contents display complete: SECS seconds elapsed
xfsrestore: Restore Status: SUCCESS

dumpdir/file8
dumpdir/file8_h1
dumpdir/file8_h2
dumpdir/file8_h3
dumpdir/file8_h4
dumpdir/file8_h5

restoring from df.level9
Contents of dump ...
xfsrestore  -f DUMP_FILE -t
xfsrestore: using file dump (drive_simple) strategy
xfsrestore: searching media for dump
xfsrestore: examining media file 0
xfsrestore: dump description: 
xfsrestore: hostname: HOSTNAME
xfsrestore: mount point: SCRATCH_MNT
xfsrestore: volume: SCRATCH_DEV
xfsrestore: session time: TIME
xfsrestore: level: 9
xfsrestore: session label: "stress_064"
xfsrestore: media label: "stress_tape_media"
xfsrestore: file system ID: ID
xfsrestore: session id: ID
xfsrestore: media ID: ID
xfsrestore: using online session inventory
xfsrestore: searching media for directory dump
xfsrestore: reading directories
xfsrestore: 2 directories and 55 entries processed
xfsrestore: directory post-processing
xfsrestore: reading non-directory files
xfsrestore: table of contents display complete: SECS seconds elapsed
xfsrestore: Restore Status: SUCCESS

dumpdir/file9
dumpdir/file9_h1
dumpdir/file9_h2
dumpdir/file9_h3
dumpdir/file9_h4
dumpdir/file9_h5
Do the cumulative restores

restoring from df.level0
Restoring cumumlative from file...
xfsrestore  -f DUMP_FILE -r RESTORE_DIR
xfsrestore: using file dump (drive_simple) strategy
xfsrestore: searching media for dump
xfsrestore: examining media file 0
xfsrestore: dump description: 
xfsrestore: hostname: HOSTNAME
xfsrestore: mount point: SCRATCH_MNT
xfsrestore: volume: SCRATCH_DEV
xfsrestore: session time: TIME
xfsrestore: level: 0
xfsrestore: session label: "stress_064"
xfsrestore: media label: "stress_tape_media"
xfsrestore: file system ID: ID
xfsrestore: session id: ID
xfsrestore: media ID: ID
xfsrestore: using online session inventory
xfsrestore: searching media for directory dump
xfsrestore: reading directories
xfsrestore: 2 directories and 55 entries processed
xfsrestore: directory post-processing
xfsrestore: restoring non-directory files
xfsrestore: restore complete: SECS seconds elapsed
xfsrestore: Restore Status: SUCCESS
ls -l restore_dir
0 file1
0 file1_h1
0 file1_h2
0 file1_h3
0 file1_h4
0 file1_h5
0 file2
0 file2_h1
0 file2_h2
0 file2_h3
0 file2_h4
0 file2_h5
0 file3
0 file3_h1
0 file3_h2
0 file3_h3
0 file3_h4
0 file3_h5
0 file4
0 file4_h1
0 file4_h2
0 file4_h3
0 file4_h4
0 file4_h5
0 file5
0 file5_h1
0 file5_h2
0 file5_h3
0 file5_h4
0 file5_h5
0 file6
0 file6_h1
0 file6_h2
0 file6_h3
0 file6_h4
0 file6_h5
0 file7
0 file7_h1
0 file7_h2
0 file7_h3
0 file7_h4
0 file7_h5
0 file8
0 file8_h1
0 file8_h2
0 file8_h3
0 file8_h4
0 file8_h5
0 file9
0 file9_h1
0 file9_h2
0 file9_h3
0 file9_h4
0 file9_h5

restoring from df.level1
Restoring cumumlative from file...
xfsrestore  -f DUMP_FILE -r RESTORE_DIR
xfsrestore: using file dump (drive_simple) strategy
xfsrestore: searching media for dump
xfsrestore: examining media file 0
xfsrestore: dump description: 
xfsrestore: hostname: HOSTNAME
xfsrestore: mount point: SCRATCH_MNT
xfsrestore: volume: SCRATCH_DEV
xfsrestore: session time: TIME
xfsrestore: level: 1
xfsrestore: session label: "stress_064"
xfsrestore: media label: "stress_tape_media"
xfsrestore: file system ID: ID
xfsrestore: session id: ID
xfsrestore: media ID: ID
xfsrestore: using online session inventory
xfsrestore: searching media for directory dump
xfsrestore: reading directories
xfsrestore: 2 directories and 55 entries processed
xfsrestore: directory post-processing
xfsrestore: restoring non-directory files
xfsrestore: restore complete: SECS seconds elapsed
xfsrestore: Restore Status: SUCCESS
ls -l restore_dir
12 file1
12 file1_h1
12 file1_h2
12 file1_h3
12 file1_h4
12 file1_h5
0 file2
0 file2_h1
0 file2_h2
0 file2_h3
0 file2_h4
0 file2_h5
0 file3
0 file3_h1
0 file3_h2
0 file3_h3
0 file3_h4
0 file3_h5
0 file4
0 file4_h1
0 file4_h2
0 file4_h3
0 file4_h4
0 file4_h5
0 file5
0 file5_h1
0 file5_h2
0 file5_h3
0 file5_h4
0 file5_h5
0 file6
0 file6_h1
0 file6_h2
0 file6_h3
0 file6_h4
0 file6_h5
0 file7
0 file7_h1
0 file7_h2
0 file7_h3
0 file7_h4
0 file7_h5
0 file8
0 file8_h1
0 file8_h2
0 file8_h3
0 file8_h4
0 file8_h5
0 file9
0 file9_h1
0 file9_h2
0 file9_h3
0 file9_h4
0 file9_h5

restoring from df.level2
Restoring cumumlative from file...
xfsrestore  -f DUMP_FILE -r RESTORE_DIR
xfsrestore: using file dump (drive_simple) strategy
xfsrestore: searching media for dump
xfsrestore: examining media file 0
xfsrestore: dump description: 
xfsrestore: hostname: HOSTNAME
xfsrestore: mount point: SCRATCH_MNT
xfsrestore: volume: SCRATCH_DEV
xfsrestore: session time: TIME
xfsrestore: level: 2
xfsrestore: session label: "stress_064"
xfsrestore: media label: "stress_tape_media"
xfsrestore: file system ID: ID
xfsrestore: session id: ID
xfsrestore: media ID: ID
xfsrestore: using online session inventory
xfsrestore: searching media for directory dump
xfsrestore: reading directories
xfsrestore: 2 directories and 55 entries processed
xfsrestore: directory post-processing
xfsrestore: restoring non-directory files
xfsrestore: restore complete: SECS seconds elapsed
xfsrestore: Restore Status: SUCCESS
ls -l restore_dir
12 file1
12 file1_h1
12 file1_h2
12 file1_h3
12 file1_h4
12 file1_h5
12 file2
12 file2_h1
12 file2_h2
12 file2_h3
12 file2_h4
12 file2_h5
0 file3
0 file3_h1
0 file3_h2
0 file3_h3
0 file3_h4
0 file3_h5
0 file4
0 file4_h1
0 file4_h2
0 file4_h3
0 file4_h4
0 file4_h5
0 file5
0 file5_h1
0 file5_h2
0 file5_h3
0 file5_h4
0 file5_h5
0 file6
0 file6_h1
0 file6_h2
0 file6_h3
0 file6_h4
0 file6_h5
0 file7
0 file7_h1
0 file7_h2
0 file7_h3
0 file7_h4
0 file7_h5
0 file8
0 file8_h1
0 file8_h2
0 file8_h3
0 file8_h4
0 file8_h5
0 file9
0 file9_h1
0 file9_h2
0 file9_h3
0 file9_h4
0 file9_h5

restoring from df.level3
Restoring cumumlative from file...
xfsrestore  -f DUMP_FILE -r RESTORE_DIR
xfsrestore: using file dump (drive_simple) strategy
xfsrestore: searching media for dump
xfsrestore: examining media file 0
xfsrestore: dump description: 
xfsrestore: hostname: HOSTNAME
xfsrestore: mount point: SCRATCH_MNT
xfsrestore: volume: SCRATCH_DEV
xfsrestore: session time: TIME
xfsrestore: level: 3
xfsrestore: session label: "stress_064"
xfsrestore: media label: "stress_tape_media"
xfsrestore: file system ID: ID
xfsrestore: session id: ID
xfsrestore: media ID: ID
xfsrestore: using online session inventory
xfsrestore: searching media for directory dump
xfsrestore: reading directories
xfsrestore: 2 directories and 55 entries processed
xfsrestore: directory post-processing
xfsrestore: restoring non-directory files
xfsrestore: restore complete: SECS seconds elapsed
xfsrestore: Restore Status: SUCCESS
ls -l restore_dir
12 file1
12 file1_h1
12 file1_h2
12 file1_h3
12 file1_h4
12 file1_h5
12 file2
12 file2_h1
12 file2_h2
12 file2_h3
12 file2_h4
12 file2_h5
12 file3
12 file3_h1
12 file3_h2
12 file3_h3
12 file3_h4
12 file3_h5
0 file4
0 file4_h1
0 file4_h2
0 file4_h3
0 file4_h4
0 file4_h5
0 file5
0 file5_h1
0 file5_h2
0 file5_h3
0 file5_h4
0 file5_h5
0 file6
0 file6_h1
0 file6_h2
0 file6_h3
0 file6_h4
0 file6_h5
0 file7
0 file7_h1
0 file7_h2
0 file7_h3
0 file7_h4
0 file7_h5
0 file8
0 file8_h1
0 file8_h2
0 file8_h3
0 file8_h4
0 file8_h5
0 file9
0 file9_h1
0 file9_h2
0 file9_h3
0 file9_h4
0 file9_h5

restoring from df.level4
Restoring cumumlative from file...
xfsrestore  -f DUMP_FILE -r RESTORE_DIR
xfsrestore: using file dump (drive_simple) strategy
xfsrestore: searching media for dump
xfsrestore: examining media file 0
xfsrestore: dump description: 
xfsrestore: hostname: HOSTNAME
xfsrestore: mount point: SCRATCH_MNT
xfsrestore: volume: SCRATCH_DEV
xfsrestore: session time: TIME
xfsrestore: level: 4
xfsrestore: session label: "stress_064"
xfsrestore: media label: "stress_tape_media"
xfsrestore: file system ID: ID
xfsrestore: session id: ID
xfsrestore: media ID: ID
xfsrestore: using online session inventory
xfsrestore: searching media for directory dump
xfsrestore: reading directories
xfsrestore: 2 directories and 55 entries processed
xfsrestore: directory post-processing
xfsrestore: restoring non-directory files
xfsrestore: restore complete: SECS seconds elapsed
xfsrestore: Restore Status: SUCCESS
ls -l restore_dir
12 file1
12 file1_h1
12 file1_h2
12 file1_h3
12 file1_h4
12 file1_h5
12 file2
12 file2_h1
12 file2_h2
12 file2_h3
12 file2_h4
12 file2_h5
12 file3
12 file3_h1
12 file3_h2
12 file3_h3
12 file3_h4
12 file3_h5
12 file4
12 file4_h1
12 file4_h2
12 file4_h3
12 file4_h4
12 file4_h5
0 file5
0 file5_h1
0 file5_h2
0 file5_h3
0 file5_h4
0 file5_h5
0 file6
0 file6_h1
0 file6_h2
0 file6_h3
0 file6_h4
0 file6_h5
0 file7
0 file7_h1
0 file7_h2
0 file7_h3
0 file7_h4
0 file7_h5
0 file8
0 file8_h1
0 file8_h2
0 file8_h3
0 file8_h4
0 file8_h5
0 file9
0 file9_h1
0 file9_h2
0 file9_h3
0 file9_h4
0 file9_h5

restoring from df.level5
Restoring cumumlative from file...
xfsrestore  -f DUMP_FILE -r RESTORE_DIR
xfsrestore: using file dump (drive_simple) strategy
xfsrestore: searching media for dump
xfsrestore: examining media file 0
xfsrestore: dump description: 
xfsrestore: hostname: HOSTNAME
xfsrestore: mount point: SCRATCH_MNT
xfsrestore: volume: SCRATCH_DEV
xfsrestore: session time: TIME
xfsrestore: level: 5
xfsrestore: session label: "stress_064"
xfsrestore: media label: "stress_tape_media"
xfsrestore: file system ID: ID
xfsrestore: session id: ID
xfsrestore: media ID: ID
xfsrestore: using online session inventory
xfsrestore: searching media for directory dump
xfsrestore: reading directories
xfsrestore: 2 directories and 55 entries processed
xfsrestore: directory post-processing
xfsrestore: restoring non-directory files
xfsrestore: restore complete: SECS seconds elapsed
xfsrestore: Restore Status: SUCCESS
ls -l restore_dir
12 file1
12 file1_h1
12 file1_h2
12 file1_h3
12 file1_h4
12 file1_h5
12 file2
12 file2_h1
12 file2_h2
12 file2_h3
12 file2_h4
12 file2_h5
12 file3
12 file3_h1
12 file3_h2
12 file3_h3
12 file3_h4
12 file3_h5
12 file4
12 file4_h1
12 file4_h2
12 file4_h3
12 file4_h4
12 file4_h5
12 file5
12 file5_h1
12 file5_h2
12 file5_h3
12 file5_h4
12 file5_h5
0 file6
0 file6_h1
0 file6_h2
0 file6_h3
0 file6_h4
0 file6_h5
0 file7
0 file7_h1
0 file7_h2
0 file7_h3
0 file7_h4
0 file7_h5
0 file8
0 file8_h1
0 file8_h2
0 file8_h3
0 file8_h4
0 file8_h5
0 file9
0 file9_h1
0 file9_h2
0 file9_h3
0 file9_h4
0 file9_h5

restoring from df.level6
Restoring cumumlative from file...
xfsrestore  -f DUMP_FILE -r RESTORE_DIR
xfsrestore: using file dump (drive_simple) strategy
xfsrestore: searching media for dump
xfsrestore: examining media file 0
xfsrestore: dump description: 
xfsrestore: hostname: HOSTNAME
xfsrestore: mount point: SCRATCH_MNT
xfsrestore: volume: SCRATCH_DEV
xfsrestore: session time: TIME
xfsrestore: level: 6
xfsrestore: session label: "stress_064"
xfsrestore: media label: "stress_tape_media"
xfsrestore: file system ID: ID
xfsrestore: session id: ID
xfsrestore: media ID: ID
xfsrestore: using online session inventory
xfsrestore: searching media for directory dump
xfsrestore: reading directories
xfsrestore: 2 directories and 55 entries processed
xfsrestore: directory post-processing
xfsrestore: restoring non-directory files
xfsrestore: restore complete: SECS seconds elapsed
xfsrestore: Restore Status: SUCCESS
ls -l restore_dir
12 file1
12 file1_h1
12 file1_h2
12 file1_h3
12 file1_h4
12 file1_h5
12 file2
12 file2_h1
12 file2_h2
12 file2_h3
12 file2_h4
12 file2_h5
12 file3
12 file3_h1
12 file3_h2
12 file3_h3
12 file3_h4
12 file3_h5
12 file4
12 file4_h1
12 file4_h2
12 file4_h3
12 file4_h4
12 file4_h5
12 file5
12 file5_h1
12 file5_h2
12 file5_h3
12 file5_h4
12 file5_h5
12 file6
12 file6_h1
12 file6_h2
12 file6_h3
12 file6_h4
12 file6_h5
0 file7
0 file7_h1
0 file7_h2
0 file7_h3
0 file7_h4
0 file7_h5
0 file8
0 file8_h1
0 file8_h2
0 file8_h3
0 file8_h4
0 file8_h5
0 file9
0 file9_h1
0 file9_h2
0 file9_h3
0 file9_h4
0 file9_h5

restoring from df.level7
Restoring cumumlative from file...
xfsrestore  -f DUMP_FILE -r RESTORE_DIR
xfsrestore: using file dump (drive_simple) strategy
xfsrestore: searching media for dump
xfsrestore: examining media file 0
xfsrestore: dump description: 
xfsrestore: hostname: HOSTNAME
xfsrestore: mount point: SCRATCH_MNT
xfsrestore: volume: SCRATCH_DEV
xfsrestore: session time: TIME
xfsrestore: level: 7
xfsrestore: session label: "stress_064"
xfsrestore: media label: "stress_tape_media"
xfsrestore: file system ID: ID
xfsrestore: session id: ID
xfsrestore: media ID: ID
xfsrestore: using online session inventory
xfsrestore: searching media for directory dump
xfsrestore: reading directories
xfsrestore: 2 directories and 55 entries processed
xfsrestore: directory post-processing
xfsrestore: restoring non-directory files
xfsrestore: restore complete: SECS seconds elapsed
xfsrestore: Restore Status: SUCCESS
ls -l restore_dir
12 file1
12 file1_h1
12 file1_h2
12 file1_h3
12 file1_h4
12 file1_h5
12 file2
12 file2_h1
12 file2_h2
12 file2_h3
12 file2_h4
12 file2_h5
12 file3
12 file3_h1
12 file3_h2
12 file3_h3
12 file3_h4
12 file3_h5
12 file4
12 file4_h1
12 file4_h2
12 file4_h3
12 file4_h4
12 file4_h5
12 file5
12 file5_h1
12 file5_h2
12 file5_h3
12 file5_h4
12 file5_h5
12 file6
12 file6_h1
12 file6_h2
12 file6_h3
12 file6_h4
12 file6_h5
12 file7
12 file7_h1
12 file7_h2
12 file7_h3
12 file7_h4
12 file7_h5
0 file8
0 file8_h1
0 file8_h2
0 file8_h3
0 file8_h4
0 file8_h5
0 file9
0 file9_h1
0 file9_h2
0 file9_h3
0 file9_h4
0 file9_h5

restoring from df.level8
Restoring cumumlative from file...
xfsrestore  -f DUMP_FILE -r RESTORE_DIR
xfsrestore: using file dump (drive_simple) strategy
xfsrestore: searching media for dump
xfsrestore: examining media file 0
xfsrestore: dump description: 
xfsrestore: hostname: HOSTNAME
xfsrestore: mount point: SCRATCH_MNT
xfsrestore: volume: SCRATCH_DEV
xfsrestore: session time: TIME
xfsrestore: level: 8
xfsrestore: session label: "stress_064"
xfsrestore: media label: "stress_tape_media"
xfsrestore: file system ID: ID
xfsrestore: session id: ID
xfsrestore: media ID: ID
xfsrestore: using online session inventory
xfsrestore: searching media for directory dump
xfsrestore: reading directories
xfsrestore: 2 directories and 55 entries processed
xfsrestore: directory post-processing
xfsrestore: restoring non-directory files
xfsrestore: restore complete: SECS seconds elapsed
xfsrestore: Restore Status: SUCCESS
ls -l restore_dir
12 file1
12 file1_h1
12 file1_h2
12 file1_h3
12 file1_h4
12 file1_h5
12 file2
12 file2_h1
12 file2_h2
12 file2_h3
12 file2_h4
12 file2_h5
12 file3
12 file3_h1
12 file3_h2
12 file3_h3
12 file3_h4
12 file3_h5
12 file4
12 file4_h1
12 file4_h2
12 file4_h3
12 file4_h4
12 file4_h5
12 file5
12 file5_h1
12 file5_h2
12 file5_h3
12 file5_h4
12 file5_h5
12 file6
12 file6_h1
12 file6_h2
12 file6_h3
12 file6_h4
12 file6_h5
12 file7
12 file7_h1
12 file7_h2
12 file7_h3
12 file7_h4
12 file7_h5
12 file8
12 file8_h1
12 file8_h2
12 file8_h3
12 file8_h4
12 file8_h5
0 file9
0 file9_h1
0 file9_h2
0 file9_h3
0 file9_h4
0 file9_h5

restoring from df.level9
Restoring cumumlative from file...
xfsrestore  -f DUMP_FILE -r RESTORE_DIR
xfsrestore: using file dump (drive_simple) strategy
xfsrestore: searching media for dump
xfsrestore: examining media file 0
xfsrestore: dump description: 
xfsrestore: hostname: HOSTNAME
xfsrestore: mount point: SCRATCH_MNT
xfsrestore: volume: SCRATCH_DEV
xfsrestore: session time: TIME
xfsrestore: level: 9
xfsrestore: session label: "stress_064"
xfsrestore: media label: "stress_tape_media"
xfsrestore: file system ID: ID
xfsrestore: session id: ID
xfsrestore: media ID: ID
xfsrestore: using online session inventory
xfsrestore: searching media for directory dump
xfsrestore: reading directories
xfsrestore: 2 directories and 55 entries processed
xfsrestore: directory post-processing
xfsrestore: restoring non-directory files
xfsrestore: restore complete: SECS seconds elapsed
xfsrestore: Restore Status: SUCCESS
ls -l restore_dir
12 file1
12 file1_h1
12 file1_h2
12 file1_h3
12 file1_h4
12 file1_h5
12 file2
12 file2_h1
12 file2_h2
12 file2_h3
12 file2_h4
12 file2_h5
12 file3
12 file3_h1
12 file3_h2
12 file3_h3
12 file3_h4
12 file3_h5
12 file4
12 file4_h1
12 file4_h2
12 file4_h3
12 file4_h4
12 file4_h5
12 file5
12 file5_h1
12 file5_h2
12 file5_h3
12 file5_h4
12 file5_h5
12 file6
12 file6_h1
12 file6_h2
12 file6_h3
12 file6_h4
12 file6_h5
12 file7
12 file7_h1
12 file7_h2
12 file7_h3
12 file7_h4
12 file7_h5
12 file8
12 file8_h1
12 file8_h2
12 file8_h3
12 file8_h4
12 file8_h5
12 file9
12 file9_h1
12 file9_h2
12 file9_h3
12 file9_h4
12 file9_h5
