QA output created by 065
Do the incremental dumps
Listing of what files we have at level 0:
dumpdir/addeddir1 XXX drwxr-xr-x 0,0
dumpdir/addeddir2 XXX drwxr-xr-x 0,0
dumpdir/addeddir3 XXX drwxr-xr-x 0,0
dumpdir/addeddir3/addedfile4 5 -rw-r--r-- 0,0
dumpdir/addeddir4 XXX drwxr-xr-x 0,0
dumpdir/addeddir4/addedfile5 5 -rw-r--r-- 0,0
dumpdir/addedfile0 5 -rw-r--r-- 0,0
dumpdir/addedfile1 5 -rw-r--r-- 0,0
dumpdir/addedfile2 5 -rw-r--r-- 0,0
dumpdir/addedfile3 5 -rw-r--r-- 0,0
Dumping to file...
xfsdump  -l0 -f DUMP_FILE -M stress_tape_media -L stress_065 SCRATCH_MNT
xfsdump: using file dump (drive_simple) strategy
xfsdump: level 0 dump of HOSTNAME:SCRATCH_MNT
xfsdump: dump date: DATE
xfsdump: session id: ID
xfsdump: session label: "stress_065"
xfsdump: ino map <PHASES>
xfsdump: ino map construction complete
xfsdump: estimated dump size: NUM bytes
xfsdump: /var/xfsdump/inventory created
xfsdump: creating dump session media file 0 (media 0, file 0)
xfsdump: dumping ino map
xfsdump: dumping directories
xfsdump: dumping non-directory files
xfsdump: ending media file
xfsdump: media file size NUM bytes
xfsdump: dump size (non-dir files) : NUM bytes
xfsdump: dump complete: SECS seconds elapsed
xfsdump: Dump Status: SUCCESS
Listing of what files we have at level 1:
dumpdir/addeddir1 XXX drwxr-xr-x 0,0
dumpdir/addeddir4 XXX drwxr-xr-x 0,0
dumpdir/addeddir4/addedfile5 5 -rw-r--r-- 0,0
dumpdir/addedfile0 5 -rw-r--r-- 0,0
dumpdir/addedfile1 5 -rw-r--r-- 0,0
dumpdir/addedfile3 5 -rw-r--r-- 0,0
Dumping to file...
xfsdump  -l1 -f DUMP_FILE -M stress_tape_media -L stress_065 SCRATCH_MNT
xfsdump: using file dump (drive_simple) strategy
xfsdump: level 1 incremental dump of HOSTNAME:SCRATCH_MNT based on level 0 dump begun DATE
xfsdump: dump date: DATE
xfsdump: session id: ID
xfsdump: session label: "stress_065"
xfsdump: ino map <PHASES>
xfsdump: ino map construction complete
xfsdump: estimated dump size: NUM bytes
xfsdump: creating dump session media file 0 (media 0, file 0)
xfsdump: dumping ino map
xfsdump: dumping directories
xfsdump: dumping non-directory files
xfsdump: ending media file
xfsdump: media file size NUM bytes
xfsdump: dump size (non-dir files) : NUM bytes
xfsdump: dump complete: SECS seconds elapsed
xfsdump: Dump Status: SUCCESS
Listing of what files we have at level 2:
dumpdir/addeddir2 XXX drwxr-xr-x 0,0
dumpdir/addeddir6 XXX drwxr-xr-x 0,0
dumpdir/addeddir6/addedfile4 5 -rw-r--r-- 0,0
dumpdir/addedfile0 5 -rw-r--r-- 0,0
dumpdir/addedfile2 5 -rw-r--r-- 0,0
dumpdir/addedfile3 5 -rw-r--r-- 0,0
Dumping to file...
xfsdump  -l2 -f DUMP_FILE -M stress_tape_media -L stress_065 SCRATCH_MNT
xfsdump: using file dump (drive_simple) strategy
xfsdump: level 2 incremental dump of HOSTNAME:SCRATCH_MNT based on level 1 dump begun DATE
xfsdump: dump date: DATE
xfsdump: session id: ID
xfsdump: session label: "stress_065"
xfsdump: ino map <PHASES>
xfsdump: ino map construction complete
xfsdump: estimated dump size: NUM bytes
xfsdump: creating dump session media file 0 (media 0, file 0)
xfsdump: dumping ino map
xfsdump: dumping directories
xfsdump: dumping non-directory files
xfsdump: ending media file
xfsdump: media file size NUM bytes
xfsdump: dump size (non-dir files) : NUM bytes
xfsdump: dump complete: SECS seconds elapsed
xfsdump: Dump Status: SUCCESS
Listing of what files we have at level 3:
dumpdir/addeddir2 XXX drwxr-xr-x 0,0
dumpdir/addeddir6 XXX drwxr-xr-x 0,0
dumpdir/addeddir6/addedfile4 5 -rw-r--r-- 0,0
dumpdir/addedfile0 5 -rw-r--r-- 0,0
dumpdir/addedfile2 5 -rw-r--r-- 0,0
dumpdir/addedfile3 5 -rw-r--r-- 0,0
dumpdir/linkfile0 5 -rw-r--r-- 0,0
dumpdir/linkfile0_1 5 -rw-r--r-- 0,0
dumpdir/linkfile2 5 -rw-r--r-- 0,0
dumpdir/linkfile64 5 -rw-r--r-- 0,0
Dumping to file...
xfsdump  -l3 -f DUMP_FILE -M stress_tape_media -L stress_065 SCRATCH_MNT
xfsdump: using file dump (drive_simple) strategy
xfsdump: level 3 incremental dump of HOSTNAME:SCRATCH_MNT based on level 2 dump begun DATE
xfsdump: dump date: DATE
xfsdump: session id: ID
xfsdump: session label: "stress_065"
xfsdump: ino map <PHASES>
xfsdump: ino map construction complete
xfsdump: estimated dump size: NUM bytes
xfsdump: creating dump session media file 0 (media 0, file 0)
xfsdump: dumping ino map
xfsdump: dumping directories
xfsdump: dumping non-directory files
xfsdump: ending media file
xfsdump: media file size NUM bytes
xfsdump: dump size (non-dir files) : NUM bytes
xfsdump: dump complete: SECS seconds elapsed
xfsdump: Dump Status: SUCCESS
Listing of what files we have at level 4:
dumpdir/addeddir2 XXX drwxr-xr-x 0,0
dumpdir/addeddir6 XXX drwxr-xr-x 0,0
dumpdir/addedfile0 5 -rw-r--r-- 0,0
dumpdir/addedfile3 5 -rw-r--r-- 0,0
dumpdir/linkfile0_1 5 -rw-r--r-- 0,0
dumpdir/linkfile2 5 -rw-r--r-- 0,0
Dumping to file...
xfsdump  -l4 -f DUMP_FILE -M stress_tape_media -L stress_065 SCRATCH_MNT
xfsdump: using file dump (drive_simple) strategy
xfsdump: level 4 incremental dump of HOSTNAME:SCRATCH_MNT based on level 3 dump begun DATE
xfsdump: dump date: DATE
xfsdump: session id: ID
xfsdump: session label: "stress_065"
xfsdump: ino map <PHASES>
xfsdump: ino map construction complete
xfsdump: estimated dump size: NUM bytes
xfsdump: creating dump session media file 0 (media 0, file 0)
xfsdump: dumping ino map
xfsdump: dumping directories
xfsdump: dumping non-directory files
xfsdump: ending media file
xfsdump: media file size NUM bytes
xfsdump: dump size (non-dir files) : NUM bytes
xfsdump: dump complete: SECS seconds elapsed
xfsdump: Dump Status: SUCCESS
Listing of what files we have at level 5:
dumpdir/addedfile6 5 -rw-r--r-- 0,0
dumpdir/linkfile6_1 5 -rw-r--r-- 0,0
dumpdir/linkfile6_2 5 -rw-r--r-- 0,0
dumpdir/linkfile6_3 5 -rw-r--r-- 0,0
Dumping to file...
xfsdump  -l5 -f DUMP_FILE -M stress_tape_media -L stress_065 SCRATCH_MNT
xfsdump: using file dump (drive_simple) strategy
xfsdump: level 5 incremental dump of HOSTNAME:SCRATCH_MNT based on level 4 dump begun DATE
xfsdump: dump date: DATE
xfsdump: session id: ID
xfsdump: session label: "stress_065"
xfsdump: ino map <PHASES>
xfsdump: ino map construction complete
xfsdump: estimated dump size: NUM bytes
xfsdump: creating dump session media file 0 (media 0, file 0)
xfsdump: dumping ino map
xfsdump: dumping directories
xfsdump: dumping non-directory files
xfsdump: ending media file
xfsdump: media file size NUM bytes
xfsdump: dump size (non-dir files) : NUM bytes
xfsdump: dump complete: SECS seconds elapsed
xfsdump: Dump Status: SUCCESS
Listing of what files we have at level 6:
dumpdir/addedfile6_mv 5 -rw-r--r-- 0,0
dumpdir/linkfile6_mv_1 5 -rw-r--r-- 0,0
dumpdir/linkfile6_mv_2 5 -rw-r--r-- 0,0
dumpdir/linkfile6_mv_3 5 -rw-r--r-- 0,0
Dumping to file...
xfsdump  -l6 -f DUMP_FILE -M stress_tape_media -L stress_065 SCRATCH_MNT
xfsdump: using file dump (drive_simple) strategy
xfsdump: level 6 incremental dump of HOSTNAME:SCRATCH_MNT based on level 5 dump begun DATE
xfsdump: dump date: DATE
xfsdump: session id: ID
xfsdump: session label: "stress_065"
xfsdump: ino map <PHASES>
xfsdump: ino map construction complete
xfsdump: estimated dump size: NUM bytes
xfsdump: creating dump session media file 0 (media 0, file 0)
xfsdump: dumping ino map
xfsdump: dumping directories
xfsdump: dumping non-directory files
xfsdump: ending media file
xfsdump: media file size NUM bytes
xfsdump: dump size (non-dir files) : NUM bytes
xfsdump: dump complete: SECS seconds elapsed
xfsdump: Dump Status: SUCCESS
Listing of what files we have at level 7:
dumpdir/addedfile6_mv 5 -rw-r--r-- 0,0
dumpdir/linkfile6_mv_1 5 -rw-r--r-- 0,0
dumpdir/linkfile6_mv_2 5 -rw-r--r-- 0,0
dumpdir/linkfile6_mv_3 5 -rw-r--r-- 0,0
Dumping to file...
xfsdump  -l7 -f DUMP_FILE -M stress_tape_media -L stress_065 SCRATCH_MNT
xfsdump: using file dump (drive_simple) strategy
xfsdump: level 7 incremental dump of HOSTNAME:SCRATCH_MNT based on level 6 dump begun DATE
xfsdump: dump date: DATE
xfsdump: session id: ID
xfsdump: session label: "stress_065"
xfsdump: ino map <PHASES>
xfsdump: ino map construction complete
xfsdump: estimated dump size: NUM bytes
xfsdump: creating dump session media file 0 (media 0, file 0)
xfsdump: dumping ino map
xfsdump: dumping directories
xfsdump: dumping non-directory files
xfsdump: ending media file
xfsdump: media file size NUM bytes
xfsdump: dump size (non-dir files) : NUM bytes
xfsdump: dump complete: SECS seconds elapsed
xfsdump: Dump Status: SUCCESS
Listing of what files we have at level 8:
dumpdir/addedfile6_mv 5 -rw-r--r-- 0,0
dumpdir/linkfile6_mv_1 5 -rw-r--r-- 0,0
dumpdir/linkfile6_mv_2 5 -rw-r--r-- 0,0
dumpdir/linkfile6_mv_3 5 -rw-r--r-- 0,0
Dumping to file...
xfsdump  -l8 -f DUMP_FILE -M stress_tape_media -L stress_065 SCRATCH_MNT
xfsdump: using file dump (drive_simple) strategy
xfsdump: level 8 incremental dump of HOSTNAME:SCRATCH_MNT based on level 7 dump begun DATE
xfsdump: dump date: DATE
xfsdump: session id: ID
xfsdump: session label: "stress_065"
xfsdump: ino map <PHASES>
xfsdump: ino map construction complete
xfsdump: estimated dump size: NUM bytes
xfsdump: creating dump session media file 0 (media 0, file 0)
xfsdump: dumping ino map
xfsdump: dumping directories
xfsdump: dumping non-directory files
xfsdump: ending media file
xfsdump: media file size NUM bytes
xfsdump: dump size (non-dir files) : NUM bytes
xfsdump: dump complete: SECS seconds elapsed
xfsdump: Dump Status: SUCCESS
Look at what files are contained in the inc. dump

restoring from df.level0
Contents of dump ...
xfsrestore  -f DUMP_FILE -t
xfsrestore: using file dump (drive_simple) strategy
xfsrestore: searching media for dump
xfsrestore: examining media file 0
xfsrestore: dump description: 
xfsrestore: hostname: HOSTNAME
xfsrestore: mount point: SCRATCH_MNT
xfsrestore: volume: SCRATCH_DEV
xfsrestore: session time: TIME
xfsrestore: level: 0
xfsrestore: session label: "stress_065"
xfsrestore: media label: "stress_tape_media"
xfsrestore: file system ID: ID
xfsrestore: session id: ID
xfsrestore: media ID: ID
xfsrestore: using online session inventory
xfsrestore: searching media for directory dump
xfsrestore: reading directories
xfsrestore: 6 directories and 11 entries processed
xfsrestore: directory post-processing
xfsrestore: reading non-directory files
xfsrestore: table of contents display complete: SECS seconds elapsed
xfsrestore: Restore Status: SUCCESS

dumpdir/addeddir3/addedfile4
dumpdir/addeddir4/addedfile5
dumpdir/addedfile0
dumpdir/addedfile1
dumpdir/addedfile2
dumpdir/addedfile3

restoring from df.level1
Contents of dump ...
xfsrestore  -f DUMP_FILE -t
xfsrestore: using file dump (drive_simple) strategy
xfsrestore: searching media for dump
xfsrestore: examining media file 0
xfsrestore: dump description: 
xfsrestore: hostname: HOSTNAME
xfsrestore: mount point: SCRATCH_MNT
xfsrestore: volume: SCRATCH_DEV
xfsrestore: session time: TIME
xfsrestore: level: 1
xfsrestore: session label: "stress_065"
xfsrestore: media label: "stress_tape_media"
xfsrestore: file system ID: ID
xfsrestore: session id: ID
xfsrestore: media ID: ID
xfsrestore: using online session inventory
xfsrestore: searching media for directory dump
xfsrestore: reading directories
xfsrestore: 2 directories and 6 entries processed
xfsrestore: directory post-processing
xfsrestore: reading non-directory files
xfsrestore: table of contents display complete: SECS seconds elapsed
xfsrestore: Restore Status: SUCCESS


restoring from df.level2
Contents of dump ...
xfsrestore  -f DUMP_FILE -t
xfsrestore: using file dump (drive_simple) strategy
xfsrestore: searching media for dump
xfsrestore: examining media file 0
xfsrestore: dump description: 
xfsrestore: hostname: HOSTNAME
xfsrestore: mount point: SCRATCH_MNT
xfsrestore: volume: SCRATCH_DEV
xfsrestore: session time: TIME
xfsrestore: level: 2
xfsrestore: session label: "stress_065"
xfsrestore: media label: "stress_tape_media"
xfsrestore: file system ID: ID
xfsrestore: session id: ID
xfsrestore: media ID: ID
xfsrestore: using online session inventory
xfsrestore: searching media for directory dump
xfsrestore: reading directories
xfsrestore: 4 directories and 7 entries processed
xfsrestore: directory post-processing
xfsrestore: reading non-directory files
xfsrestore: table of contents display complete: SECS seconds elapsed
xfsrestore: Restore Status: SUCCESS

dumpdir/addeddir6/addedfile4
dumpdir/addedfile2

restoring from df.level3
Contents of dump ...
xfsrestore  -f DUMP_FILE -t
xfsrestore: using file dump (drive_simple) strategy
xfsrestore: searching media for dump
xfsrestore: examining media file 0
xfsrestore: dump description: 
xfsrestore: hostname: HOSTNAME
xfsrestore: mount point: SCRATCH_MNT
xfsrestore: volume: SCRATCH_DEV
xfsrestore: session time: TIME
xfsrestore: level: 3
xfsrestore: session label: "stress_065"
xfsrestore: media label: "stress_tape_media"
xfsrestore: file system ID: ID
xfsrestore: session id: ID
xfsrestore: media ID: ID
xfsrestore: using online session inventory
xfsrestore: searching media for directory dump
xfsrestore: reading directories
xfsrestore: 3 directories and 11 entries processed
xfsrestore: directory post-processing
xfsrestore: reading non-directory files
xfsrestore: table of contents display complete: SECS seconds elapsed
xfsrestore: Restore Status: SUCCESS

dumpdir/addeddir6/addedfile4
dumpdir/addedfile0
dumpdir/addedfile2
dumpdir/linkfile0
dumpdir/linkfile0_1
dumpdir/linkfile2
dumpdir/linkfile64

restoring from df.level4
Contents of dump ...
xfsrestore  -f DUMP_FILE -t
xfsrestore: using file dump (drive_simple) strategy
xfsrestore: searching media for dump
xfsrestore: examining media file 0
xfsrestore: dump description: 
xfsrestore: hostname: HOSTNAME
xfsrestore: mount point: SCRATCH_MNT
xfsrestore: volume: SCRATCH_DEV
xfsrestore: session time: TIME
xfsrestore: level: 4
xfsrestore: session label: "stress_065"
xfsrestore: media label: "stress_tape_media"
xfsrestore: file system ID: ID
xfsrestore: session id: ID
xfsrestore: media ID: ID
xfsrestore: using online session inventory
xfsrestore: searching media for directory dump
xfsrestore: reading directories
xfsrestore: 3 directories and 7 entries processed
xfsrestore: directory post-processing
xfsrestore: reading non-directory files
xfsrestore: table of contents display complete: SECS seconds elapsed
xfsrestore: Restore Status: SUCCESS

dumpdir/addedfile0
dumpdir/linkfile0_1
dumpdir/linkfile2

restoring from df.level5
Contents of dump ...
xfsrestore  -f DUMP_FILE -t
xfsrestore: using file dump (drive_simple) strategy
xfsrestore: searching media for dump
xfsrestore: examining media file 0
xfsrestore: dump description: 
xfsrestore: hostname: HOSTNAME
xfsrestore: mount point: SCRATCH_MNT
xfsrestore: volume: SCRATCH_DEV
xfsrestore: session time: TIME
xfsrestore: level: 5
xfsrestore: session label: "stress_065"
xfsrestore: media label: "stress_tape_media"
xfsrestore: file system ID: ID
xfsrestore: session id: ID
xfsrestore: media ID: ID
xfsrestore: using online session inventory
xfsrestore: searching media for directory dump
xfsrestore: reading directories
xfsrestore: 2 directories and 5 entries processed
xfsrestore: directory post-processing
xfsrestore: reading non-directory files
xfsrestore: table of contents display complete: SECS seconds elapsed
xfsrestore: Restore Status: SUCCESS

dumpdir/addedfile6
dumpdir/linkfile6_1
dumpdir/linkfile6_2
dumpdir/linkfile6_3

restoring from df.level6
Contents of dump ...
xfsrestore  -f DUMP_FILE -t
xfsrestore: using file dump (drive_simple) strategy
xfsrestore: searching media for dump
xfsrestore: examining media file 0
xfsrestore: dump description: 
xfsrestore: hostname: HOSTNAME
xfsrestore: mount point: SCRATCH_MNT
xfsrestore: volume: SCRATCH_DEV
xfsrestore: session time: TIME
xfsrestore: level: 6
xfsrestore: session label: "stress_065"
xfsrestore: media label: "stress_tape_media"
xfsrestore: file system ID: ID
xfsrestore: session id: ID
xfsrestore: media ID: ID
xfsrestore: using online session inventory
xfsrestore: searching media for directory dump
xfsrestore: reading directories
xfsrestore: 2 directories and 5 entries processed
xfsrestore: directory post-processing
xfsrestore: reading non-directory files
xfsrestore: table of contents display complete: SECS seconds elapsed
xfsrestore: Restore Status: SUCCESS

dumpdir/addedfile6_mv
dumpdir/linkfile6_mv_1
dumpdir/linkfile6_mv_2
dumpdir/linkfile6_mv_3

restoring from df.level7
Contents of dump ...
xfsrestore  -f DUMP_FILE -t
xfsrestore: using file dump (drive_simple) strategy
xfsrestore: searching media for dump
xfsrestore: examining media file 0
xfsrestore: dump description: 
xfsrestore: hostname: HOSTNAME
xfsrestore: mount point: SCRATCH_MNT
xfsrestore: volume: SCRATCH_DEV
xfsrestore: session time: TIME
xfsrestore: level: 7
xfsrestore: session label: "stress_065"
xfsrestore: media label: "stress_tape_media"
xfsrestore: file system ID: ID
xfsrestore: session id: ID
xfsrestore: media ID: ID
xfsrestore: using online session inventory
xfsrestore: searching media for directory dump
xfsrestore: reading directories
xfsrestore: 0 directories and 0 entries processed
xfsrestore: directory post-processing
xfsrestore: table of contents display complete: SECS seconds elapsed
xfsrestore: Restore Status: SUCCESS


restoring from df.level8
Contents of dump ...
xfsrestore  -f DUMP_FILE -t
xfsrestore: using file dump (drive_simple) strategy
xfsrestore: searching media for dump
xfsrestore: examining media file 0
xfsrestore: dump description: 
xfsrestore: hostname: HOSTNAME
xfsrestore: mount point: SCRATCH_MNT
xfsrestore: volume: SCRATCH_DEV
xfsrestore: session time: TIME
xfsrestore: level: 8
xfsrestore: session label: "stress_065"
xfsrestore: media label: "stress_tape_media"
xfsrestore: file system ID: ID
xfsrestore: session id: ID
xfsrestore: media ID: ID
xfsrestore: using online session inventory
xfsrestore: searching media for directory dump
xfsrestore: reading directories
xfsrestore: 0 directories and 0 entries processed
xfsrestore: directory post-processing
xfsrestore: table of contents display complete: SECS seconds elapsed
xfsrestore: Restore Status: SUCCESS

Do the cumulative restores

restoring from df.level0
Restoring cumumlative from file...
xfsrestore  -f DUMP_FILE -r RESTORE_DIR
xfsrestore: using file dump (drive_simple) strategy
xfsrestore: searching media for dump
xfsrestore: examining media file 0
xfsrestore: dump description: 
xfsrestore: hostname: HOSTNAME
xfsrestore: mount point: SCRATCH_MNT
xfsrestore: volume: SCRATCH_DEV
xfsrestore: session time: TIME
xfsrestore: level: 0
xfsrestore: session label: "stress_065"
xfsrestore: media label: "stress_tape_media"
xfsrestore: file system ID: ID
xfsrestore: session id: ID
xfsrestore: media ID: ID
xfsrestore: using online session inventory
xfsrestore: searching media for directory dump
xfsrestore: reading directories
xfsrestore: 6 directories and 11 entries processed
xfsrestore: directory post-processing
xfsrestore: restoring non-directory files
xfsrestore: restore complete: SECS seconds elapsed
xfsrestore: Restore Status: SUCCESS
list restore_dir
dumpdir/addeddir1 XXX drwxr-xr-x 0,0
dumpdir/addeddir2 XXX drwxr-xr-x 0,0
dumpdir/addeddir3 XXX drwxr-xr-x 0,0
dumpdir/addeddir3/addedfile4 5 -rw-r--r-- 0,0
dumpdir/addeddir4 XXX drwxr-xr-x 0,0
dumpdir/addeddir4/addedfile5 5 -rw-r--r-- 0,0
dumpdir/addedfile0 5 -rw-r--r-- 0,0
dumpdir/addedfile1 5 -rw-r--r-- 0,0
dumpdir/addedfile2 5 -rw-r--r-- 0,0
dumpdir/addedfile3 5 -rw-r--r-- 0,0

restoring from df.level1
Restoring cumumlative from file...
xfsrestore  -f DUMP_FILE -r RESTORE_DIR
xfsrestore: using file dump (drive_simple) strategy
xfsrestore: searching media for dump
xfsrestore: examining media file 0
xfsrestore: dump description: 
xfsrestore: hostname: HOSTNAME
xfsrestore: mount point: SCRATCH_MNT
xfsrestore: volume: SCRATCH_DEV
xfsrestore: session time: TIME
xfsrestore: level: 1
xfsrestore: session label: "stress_065"
xfsrestore: media label: "stress_tape_media"
xfsrestore: file system ID: ID
xfsrestore: session id: ID
xfsrestore: media ID: ID
xfsrestore: using online session inventory
xfsrestore: searching media for directory dump
xfsrestore: reading directories
xfsrestore: 2 directories and 6 entries processed
xfsrestore: directory post-processing
xfsrestore: restoring non-directory files
xfsrestore: restore complete: SECS seconds elapsed
xfsrestore: Restore Status: SUCCESS
list restore_dir
dumpdir/addeddir1 XXX drwxr-xr-x 0,0
dumpdir/addeddir4 XXX drwxr-xr-x 0,0
dumpdir/addeddir4/addedfile5 5 -rw-r--r-- 0,0
dumpdir/addedfile0 5 -rw-r--r-- 0,0
dumpdir/addedfile1 5 -rw-r--r-- 0,0
dumpdir/addedfile3 5 -rw-r--r-- 0,0

restoring from df.level2
Restoring cumumlative from file...
xfsrestore  -f DUMP_FILE -r RESTORE_DIR
xfsrestore: using file dump (drive_simple) strategy
xfsrestore: searching media for dump
xfsrestore: examining media file 0
xfsrestore: dump description: 
xfsrestore: hostname: HOSTNAME
xfsrestore: mount point: SCRATCH_MNT
xfsrestore: volume: SCRATCH_DEV
xfsrestore: session time: TIME
xfsrestore: level: 2
xfsrestore: session label: "stress_065"
xfsrestore: media label: "stress_tape_media"
xfsrestore: file system ID: ID
xfsrestore: session id: ID
xfsrestore: media ID: ID
xfsrestore: using online session inventory
xfsrestore: searching media for directory dump
xfsrestore: reading directories
xfsrestore: 4 directories and 7 entries processed
xfsrestore: directory post-processing
xfsrestore: restoring non-directory files
xfsrestore: restore complete: SECS seconds elapsed
xfsrestore: Restore Status: SUCCESS
list restore_dir
dumpdir/addeddir2 XXX drwxr-xr-x 0,0
dumpdir/addeddir6 XXX drwxr-xr-x 0,0
dumpdir/addeddir6/addedfile4 5 -rw-r--r-- 0,0
dumpdir/addedfile0 5 -rw-r--r-- 0,0
dumpdir/addedfile2 5 -rw-r--r-- 0,0
dumpdir/addedfile3 5 -rw-r--r-- 0,0

restoring from df.level3
Restoring cumumlative from file...
xfsrestore  -f DUMP_FILE -r RESTORE_DIR
xfsrestore: using file dump (drive_simple) strategy
xfsrestore: searching media for dump
xfsrestore: examining media file 0
xfsrestore: dump description: 
xfsrestore: hostname: HOSTNAME
xfsrestore: mount point: SCRATCH_MNT
xfsrestore: volume: SCRATCH_DEV
xfsrestore: session time: TIME
xfsrestore: level: 3
xfsrestore: session label: "stress_065"
xfsrestore: media label: "stress_tape_media"
xfsrestore: file system ID: ID
xfsrestore: session id: ID
xfsrestore: media ID: ID
xfsrestore: using online session inventory
xfsrestore: searching media for directory dump
xfsrestore: reading directories
xfsrestore: 3 directories and 11 entries processed
xfsrestore: directory post-processing
xfsrestore: restoring non-directory files
xfsrestore: restore complete: SECS seconds elapsed
xfsrestore: Restore Status: SUCCESS
list restore_dir
dumpdir/addeddir2 XXX drwxr-xr-x 0,0
dumpdir/addeddir6 XXX drwxr-xr-x 0,0
dumpdir/addeddir6/addedfile4 5 -rw-r--r-- 0,0
dumpdir/addedfile0 5 -rw-r--r-- 0,0
dumpdir/addedfile2 5 -rw-r--r-- 0,0
dumpdir/addedfile3 5 -rw-r--r-- 0,0
dumpdir/linkfile0 5 -rw-r--r-- 0,0
dumpdir/linkfile0_1 5 -rw-r--r-- 0,0
dumpdir/linkfile2 5 -rw-r--r-- 0,0
dumpdir/linkfile64 5 -rw-r--r-- 0,0

restoring from df.level4
Restoring cumumlative from file...
xfsrestore  -f DUMP_FILE -r RESTORE_DIR
xfsrestore: using file dump (drive_simple) strategy
xfsrestore: searching media for dump
xfsrestore: examining media file 0
xfsrestore: dump description: 
xfsrestore: hostname: HOSTNAME
xfsrestore: mount point: SCRATCH_MNT
xfsrestore: volume: SCRATCH_DEV
xfsrestore: session time: TIME
xfsrestore: level: 4
xfsrestore: session label: "stress_065"
xfsrestore: media label: "stress_tape_media"
xfsrestore: file system ID: ID
xfsrestore: session id: ID
xfsrestore: media ID: ID
xfsrestore: using online session inventory
xfsrestore: searching media for directory dump
xfsrestore: reading directories
xfsrestore: 3 directories and 7 entries processed
xfsrestore: directory post-processing
xfsrestore: restoring non-directory files
xfsrestore: restore complete: SECS seconds elapsed
xfsrestore: Restore Status: SUCCESS
list restore_dir
dumpdir/addeddir2 XXX drwxr-xr-x 0,0
dumpdir/addeddir6 XXX drwxr-xr-x 0,0
dumpdir/addedfile0 5 -rw-r--r-- 0,0
dumpdir/addedfile3 5 -rw-r--r-- 0,0
dumpdir/linkfile0_1 5 -rw-r--r-- 0,0
dumpdir/linkfile2 5 -rw-r--r-- 0,0

restoring from df.level5
Restoring cumumlative from file...
xfsrestore  -f DUMP_FILE -r RESTORE_DIR
xfsrestore: using file dump (drive_simple) strategy
xfsrestore: searching media for dump
xfsrestore: examining media file 0
xfsrestore: dump description: 
xfsrestore: hostname: HOSTNAME
xfsrestore: mount point: SCRATCH_MNT
xfsrestore: volume: SCRATCH_DEV
xfsrestore: session time: TIME
xfsrestore: level: 5
xfsrestore: session label: "stress_065"
xfsrestore: media label: "stress_tape_media"
xfsrestore: file system ID: ID
xfsrestore: session id: ID
xfsrestore: media ID: ID
xfsrestore: using online session inventory
xfsrestore: searching media for directory dump
xfsrestore: reading directories
xfsrestore: 2 directories and 5 entries processed
xfsrestore: directory post-processing
xfsrestore: restoring non-directory files
xfsrestore: restore complete: SECS seconds elapsed
xfsrestore: Restore Status: SUCCESS
list restore_dir
dumpdir/addedfile6 5 -rw-r--r-- 0,0
dumpdir/linkfile6_1 5 -rw-r--r-- 0,0
dumpdir/linkfile6_2 5 -rw-r--r-- 0,0
dumpdir/linkfile6_3 5 -rw-r--r-- 0,0

restoring from df.level6
Restoring cumumlative from file...
xfsrestore  -f DUMP_FILE -r RESTORE_DIR
xfsrestore: using file dump (drive_simple) strategy
xfsrestore: searching media for dump
xfsrestore: examining media file 0
xfsrestore: dump description: 
xfsrestore: hostname: HOSTNAME
xfsrestore: mount point: SCRATCH_MNT
xfsrestore: volume: SCRATCH_DEV
xfsrestore: session time: TIME
xfsrestore: level: 6
xfsrestore: session label: "stress_065"
xfsrestore: media label: "stress_tape_media"
xfsrestore: file system ID: ID
xfsrestore: session id: ID
xfsrestore: media ID: ID
xfsrestore: using online session inventory
xfsrestore: searching media for directory dump
xfsrestore: reading directories
xfsrestore: 2 directories and 5 entries processed
xfsrestore: directory post-processing
xfsrestore: restoring non-directory files
xfsrestore: restore complete: SECS seconds elapsed
xfsrestore: Restore Status: SUCCESS
list restore_dir
dumpdir/addedfile6_mv 5 -rw-r--r-- 0,0
dumpdir/linkfile6_mv_1 5 -rw-r--r-- 0,0
dumpdir/linkfile6_mv_2 5 -rw-r--r-- 0,0
dumpdir/linkfile6_mv_3 5 -rw-r--r-- 0,0

restoring from df.level7
Restoring cumumlative from file...
xfsrestore  -f DUMP_FILE -r RESTORE_DIR
xfsrestore: using file dump (drive_simple) strategy
xfsrestore: searching media for dump
xfsrestore: examining media file 0
xfsrestore: dump description: 
xfsrestore: hostname: HOSTNAME
xfsrestore: mount point: SCRATCH_MNT
xfsrestore: volume: SCRATCH_DEV
xfsrestore: session time: TIME
xfsrestore: level: 7
xfsrestore: session label: "stress_065"
xfsrestore: media label: "stress_tape_media"
xfsrestore: file system ID: ID
xfsrestore: session id: ID
xfsrestore: media ID: ID
xfsrestore: using online session inventory
xfsrestore: searching media for directory dump
xfsrestore: reading directories
xfsrestore: 0 directories and 0 entries processed
xfsrestore: directory post-processing
xfsrestore: restoring non-directory files
xfsrestore: restore complete: SECS seconds elapsed
xfsrestore: Restore Status: SUCCESS
list restore_dir
dumpdir/addedfile6_mv 5 -rw-r--r-- 0,0
dumpdir/linkfile6_mv_1 5 -rw-r--r-- 0,0
dumpdir/linkfile6_mv_2 5 -rw-r--r-- 0,0
dumpdir/linkfile6_mv_3 5 -rw-r--r-- 0,0

restoring from df.level8
Restoring cumumlative from file...
xfsrestore  -f DUMP_FILE -r RESTORE_DIR
xfsrestore: using file dump (drive_simple) strategy
xfsrestore: searching media for dump
xfsrestore: examining media file 0
xfsrestore: dump description: 
xfsrestore: hostname: HOSTNAME
xfsrestore: mount point: SCRATCH_MNT
xfsrestore: volume: SCRATCH_DEV
xfsrestore: session time: TIME
xfsrestore: level: 8
xfsrestore: session label: "stress_065"
xfsrestore: media label: "stress_tape_media"
xfsrestore: file system ID: ID
xfsrestore: session id: ID
xfsrestore: media ID: ID
xfsrestore: using online session inventory
xfsrestore: searching media for directory dump
xfsrestore: reading directories
xfsrestore: 0 directories and 0 entries processed
xfsrestore: directory post-processing
xfsrestore: restoring non-directory files
xfsrestore: restore complete: SECS seconds elapsed
xfsrestore: Restore Status: SUCCESS
list restore_dir
dumpdir/addedfile6_mv 5 -rw-r--r-- 0,0
dumpdir/linkfile6_mv_1 5 -rw-r--r-- 0,0
dumpdir/linkfile6_mv_2 5 -rw-r--r-- 0,0
dumpdir/linkfile6_mv_3 5 -rw-r--r-- 0,0

Do the ls comparison
Comparing ls of FS with restored FS at level 0
Files TMP.ls.0 and TMP.restorals.0 are identical

Comparing ls of FS with restored FS at level 1
Files TMP.ls.1 and TMP.restorals.1 are identical

Comparing ls of FS with restored FS at level 2
Files TMP.ls.2 and TMP.restorals.2 are identical

Comparing ls of FS with restored FS at level 3
Files TMP.ls.3 and TMP.restorals.3 are identical

Comparing ls of FS with restored FS at level 4
Files TMP.ls.4 and TMP.restorals.4 are identical

Comparing ls of FS with restored FS at level 5
Files TMP.ls.5 and TMP.restorals.5 are identical

Comparing ls of FS with restored FS at level 6
Files TMP.ls.6 and TMP.restorals.6 are identical

Comparing ls of FS with restored FS at level 7
Files TMP.ls.7 and TMP.restorals.7 are identical

Comparing ls of FS with restored FS at level 8
Files TMP.ls.8 and TMP.restorals.8 are identical

