QA output created by 066
dd a largefile at offset 4294967297
10+0 records in
10+0 records out
ls dumpdir/largefile
22 largefile
Dumping to file...
xfsdump  -f DUMP_FILE -M stress_tape_media -L stress_066 SCRATCH_MNT
xfsdump: using file dump (drive_simple) strategy
xfsdump: level 0 dump of HOSTNAME:SCRATCH_MNT
xfsdump: dump date: DATE
xfsdump: session id: ID
xfsdump: session label: "stress_066"
xfsdump: ino map phase 1: skipping (no subtrees specified)
xfsdump: ino map phase 2: constructing initial dump list
xfsdump: ino map phase 3: skipping (no pruning necessary)
xfsdump: ino map phase 4: skipping (size estimated in phase 2)
xfsdump: ino map phase 5: skipping (only one dump stream)
xfsdump: ino map construction complete
xfsdump: estimated dump size: NUM bytes
xfsdump: /var/xfsdump/inventory created
xfsdump: creating dump session media file 0 (media 0, file 0)
xfsdump: dumping ino map
xfsdump: dumping directories
xfsdump: dumping non-directory files
xfsdump: ending media file
xfsdump: media file size NUM bytes
xfsdump: dump size (non-dir files) : NUM bytes
xfsdump: dump complete: SECS seconds elapsed
xfsdump: Dump Status: SUCCESS
Restoring from file...
xfsrestore  -f DUMP_FILE  -L stress_066 RESTORE_DIR
xfsrestore: using file dump (drive_simple) strategy
xfsrestore: using online session inventory
xfsrestore: searching media for directory dump
xfsrestore: examining media file 0
xfsrestore: reading directories
xfsrestore: 2 directories and 2 entries processed
xfsrestore: directory post-processing
xfsrestore: restoring non-directory files
xfsrestore: restore complete: SECS seconds elapsed
xfsrestore: Restore Status: SUCCESS
ls restoredir/largefile
22 largefile
