QA output created by 086
*** init FS
--- mkfs=-lversion=2, mnt=-ologbsize=32k, sync=sync ---

*** mkfs ***


*** mount ***


*** ls /mnt/scratch ***

00
01
02
03
04
05
06
07
08
09
10
11
12
13
14
15
16
17
18
19
20
21
22
23
24
25
26
27
28
29
30
31
32
33
34
35
36
37
38
39
40
41
42
43
44
45
46
47
48
49
50
51
52
53
54
55
56
57
58
59
60
61
62
63
64
65
66
67
68
69
70
71
72
73
74
75
76
77
78
79
80
81
82
83
84
85
86
87
88
89
90
91
92
93
94
95
96
97
98
99

*** godown ***


*** unmount ***


*** logprint after going down... ***

dirty log

*** mount with replay ***


*** ls /mnt/scratch ***

00
01
02
03
04
05
06
07
08
09
10
11
12
13
14
15
16
17
18
19
20
21
22
23
24
25
26
27
28
29
30
31
32
33
34
35
36
37
38
39
40
41
42
43
44
45
46
47
48
49
50
51
52
53
54
55
56
57
58
59
60
61
62
63
64
65
66
67
68
69
70
71
72
73
74
75
76
77
78
79
80
81
82
83
84
85
86
87
88
89
90
91
92
93
94
95
96
97
98
99

*** unmount ***


*** logprint after mount and replay... ***

clean log

*** filesystem is checked ok ***

--- mkfs=-lversion=2,su=4096, mnt=-ologbsize=32k, sync=sync ---

*** mkfs ***


*** mount ***


*** ls /mnt/scratch ***

00
01
02
03
04
05
06
07
08
09
10
11
12
13
14
15
16
17
18
19
20
21
22
23
24
25
26
27
28
29
30
31
32
33
34
35
36
37
38
39
40
41
42
43
44
45
46
47
48
49
50
51
52
53
54
55
56
57
58
59
60
61
62
63
64
65
66
67
68
69
70
71
72
73
74
75
76
77
78
79
80
81
82
83
84
85
86
87
88
89
90
91
92
93
94
95
96
97
98
99

*** godown ***


*** unmount ***


*** logprint after going down... ***

dirty log

*** mount with replay ***


*** ls /mnt/scratch ***

00
01
02
03
04
05
06
07
08
09
10
11
12
13
14
15
16
17
18
19
20
21
22
23
24
25
26
27
28
29
30
31
32
33
34
35
36
37
38
39
40
41
42
43
44
45
46
47
48
49
50
51
52
53
54
55
56
57
58
59
60
61
62
63
64
65
66
67
68
69
70
71
72
73
74
75
76
77
78
79
80
81
82
83
84
85
86
87
88
89
90
91
92
93
94
95
96
97
98
99

*** unmount ***


*** logprint after mount and replay... ***

clean log

*** filesystem is checked ok ***

--- mkfs=-lversion=2,su=32768, mnt=-ologbsize=32k, sync=sync ---

*** mkfs ***


*** mount ***


*** ls /mnt/scratch ***

00
01
02
03
04
05
06
07
08
09
10
11
12
13
14
15
16
17
18
19
20
21
22
23
24
25
26
27
28
29
30
31
32
33
34
35
36
37
38
39
40
41
42
43
44
45
46
47
48
49
50
51
52
53
54
55
56
57
58
59
60
61
62
63
64
65
66
67
68
69
70
71
72
73
74
75
76
77
78
79
80
81
82
83
84
85
86
87
88
89
90
91
92
93
94
95
96
97
98
99

*** godown ***


*** unmount ***


*** logprint after going down... ***

dirty log

*** mount with replay ***


*** ls /mnt/scratch ***

00
01
02
03
04
05
06
07
08
09
10
11
12
13
14
15
16
17
18
19
20
21
22
23
24
25
26
27
28
29
30
31
32
33
34
35
36
37
38
39
40
41
42
43
44
45
46
47
48
49
50
51
52
53
54
55
56
57
58
59
60
61
62
63
64
65
66
67
68
69
70
71
72
73
74
75
76
77
78
79
80
81
82
83
84
85
86
87
88
89
90
91
92
93
94
95
96
97
98
99

*** unmount ***


*** logprint after mount and replay... ***

clean log

*** filesystem is checked ok ***

--- mkfs=-lversion=2,su=36864, mnt=-ologbsize=32k, sync=sync ---

*** mkfs ***


*** mount ***


*** mount failed: -ologbsize=32k ***

--- mkfs=-lversion=2,su=5120, mnt=-ologbsize=32k, sync=sync ---

*** mkfs ***


*** Cannot mkfs for this test using option specified: -lversion=2,su=5120 -lsize=2000b ***


*** mkfs failed: -lversion=2,su=5120 ***

--- mkfs=-lversion=2, mnt=-ologbsize=32k, sync=nosync ---

*** mkfs ***


*** mount ***


*** ls /mnt/scratch ***

00
01
02
03
04
05
06
07
08
09
10
11
12
13
14
15
16
17
18
19
20
21
22
23
24
25
26
27
28
29
30
31
32
33
34
35
36
37
38
39
40
41
42
43
44
45
46
47
48
49
50
51
52
53
54
55
56
57
58
59
60
61
62
63
64
65
66
67
68
69
70
71
72
73
74
75
76
77
78
79
80
81
82
83
84
85
86
87
88
89
90
91
92
93
94
95
96
97
98
99

*** godown ***


*** unmount ***


*** logprint after going down... ***

dirty log

*** mount with replay ***


*** ls /mnt/scratch ***

00
01
02
03
04
05
06
07
08
09
10
11
12
13
14
15
16
17
18
19
20
21
22
23
24
25
26
27
28
29
30
31
32
33
34
35
36
37
38
39
40
41
42
43
44
45
46
47
48
49
50
51
52
53
54
55
56
57
58
59
60
61
62
63
64
65
66
67
68
69
70
71
72
73
74
75
76
77
78
79
80
81
82
83
84
85
86
87
88
89
90
91
92
93
94
95
96
97
98
99

*** unmount ***


*** logprint after mount and replay... ***

clean log

*** filesystem is checked ok ***

--- mkfs=-lversion=2,su=4096, mnt=-ologbsize=32k, sync=nosync ---

*** mkfs ***


*** mount ***


*** ls /mnt/scratch ***

00
01
02
03
04
05
06
07
08
09
10
11
12
13
14
15
16
17
18
19
20
21
22
23
24
25
26
27
28
29
30
31
32
33
34
35
36
37
38
39
40
41
42
43
44
45
46
47
48
49
50
51
52
53
54
55
56
57
58
59
60
61
62
63
64
65
66
67
68
69
70
71
72
73
74
75
76
77
78
79
80
81
82
83
84
85
86
87
88
89
90
91
92
93
94
95
96
97
98
99

*** godown ***


*** unmount ***


*** logprint after going down... ***

dirty log

*** mount with replay ***


*** ls /mnt/scratch ***

00
01
02
03
04
05
06
07
08
09
10
11
12
13
14
15
16
17
18
19
20
21
22
23
24
25
26
27
28
29
30
31
32
33
34
35
36
37
38
39
40
41
42
43
44
45
46
47
48
49
50
51
52
53
54
55
56
57
58
59
60
61
62
63
64
65
66
67
68
69
70
71
72
73
74
75
76
77
78
79
80
81
82
83
84
85
86
87
88
89
90
91
92
93
94
95
96
97
98
99

*** unmount ***


*** logprint after mount and replay... ***

clean log

*** filesystem is checked ok ***

--- mkfs=-lversion=2,su=32768, mnt=-ologbsize=32k, sync=nosync ---

*** mkfs ***


*** mount ***


*** ls /mnt/scratch ***

00
01
02
03
04
05
06
07
08
09
10
11
12
13
14
15
16
17
18
19
20
21
22
23
24
25
26
27
28
29
30
31
32
33
34
35
36
37
38
39
40
41
42
43
44
45
46
47
48
49
50
51
52
53
54
55
56
57
58
59
60
61
62
63
64
65
66
67
68
69
70
71
72
73
74
75
76
77
78
79
80
81
82
83
84
85
86
87
88
89
90
91
92
93
94
95
96
97
98
99

*** godown ***


*** unmount ***


*** logprint after going down... ***

dirty log

*** mount with replay ***


*** ls /mnt/scratch ***

00
01
02
03
04
05
06
07
08
09
10
11
12
13
14
15
16
17
18
19
20
21
22
23
24
25
26
27
28
29
30
31
32
33
34
35
36
37
38
39
40
41
42
43
44
45
46
47
48
49
50
51
52
53
54
55
56
57
58
59
60
61
62
63
64
65
66
67
68
69
70
71
72
73
74
75
76
77
78
79
80
81
82
83
84
85
86
87
88
89
90
91
92
93
94
95
96
97
98
99

*** unmount ***


*** logprint after mount and replay... ***

clean log

*** filesystem is checked ok ***

--- mkfs=-lversion=2,su=36864, mnt=-ologbsize=32k, sync=nosync ---

*** mkfs ***


*** mount ***


*** mount failed: -ologbsize=32k ***

--- mkfs=-lversion=2,su=5120, mnt=-ologbsize=32k, sync=nosync ---

*** mkfs ***


*** Cannot mkfs for this test using option specified: -lversion=2,su=5120 -lsize=2000b ***


*** mkfs failed: -lversion=2,su=5120 ***

