QA output created by 103
*** mkfs
*** mount
*** testing nosymlinks directories
*** setting nosymlinks bit
---------n SCRATCH_MNT/nosymlinks 
ln: creating symbolic link `SCRATCH_MNT/nosymlinks/target' to `SCRATCH_MNT/nosymlinks/source': Operation not permitted
*** 1st listing...
SCRATCH_MNT
SCRATCH_MNT/nosymlinks
SCRATCH_MNT/nosymlinks/source
SCRATCH_MNT/nosymlinks/hardlinksareok
*** clearing nosymlinks bit
---------- SCRATCH_MNT/nosymlinks 
*** 2nd listing...
SCRATCH_MNT
SCRATCH_MNT/nosymlinks
SCRATCH_MNT/nosymlinks/source
SCRATCH_MNT/nosymlinks/hardlinksareok
SCRATCH_MNT/nosymlinks/target
SCRATCH_MNT/nosymlinks/hardlinksareok2
*** finished testing nosymlinks directories
