QA output created by 114
mkfs
mount

Testing create

EA path /dir2/dir3/dir4/file4 matches on path
parent ino 1048704 matches
EA path /dir2/dir3/dir4 matches on path
parent ino 524416 matches
EA path /dir2/dir3 matches on path
parent ino 132 matches
EA path /dir2 matches on path
parent ino 128 matches

Testing hardlink


print out names and check after created hardlinks


Print out hardlink names for given path, dir2/dir3/dir4/l1

Attribute "0000000000100080 0000000000000002" has a 2 byte value for dir2/dir3/dir4/l1
Attribute "0000000000100080 0000000000000003" has a 2 byte value for dir2/dir3/dir4/l1
Attribute "0000000000100080 0000000000000001" has a 5 byte value for dir2/dir3/dir4/l1
Attribute "0000000000100080 0000000000000004" has a 2 byte value for dir2/dir3/dir4/l1
Attribute "0000000000204b80 0000000000000006" has a 2 byte value for dir2/dir3/dir4/l1
Attribute "0000000000204b80 0000000000000007" has a 2 byte value for dir2/dir3/dir4/l1
Attribute "0000000000204b80 0000000000000005" has a 2 byte value for dir2/dir3/dir4/l1
Attribute "0000000000100080 0000000000000002" had a 2 byte value for dir2/dir3/dir4/l1:
l1
Attribute "0000000000100080 0000000000000002" had a 18 byte value for dir2/dir3/dir4/l1:
/dir2/dir3/dir4/l1
Attribute "0000000000100080 0000000000000003" had a 2 byte value for dir2/dir3/dir4/l1:
l2
Attribute "0000000000100080 0000000000000003" had a 18 byte value for dir2/dir3/dir4/l1:
/dir2/dir3/dir4/l2
Attribute "0000000000100080 0000000000000001" had a 5 byte value for dir2/dir3/dir4/l1:
file4
Attribute "0000000000100080 0000000000000001" had a 21 byte value for dir2/dir3/dir4/l1:
/dir2/dir3/dir4/file4
Attribute "0000000000100080 0000000000000004" had a 2 byte value for dir2/dir3/dir4/l1:
l3
Attribute "0000000000100080 0000000000000004" had a 18 byte value for dir2/dir3/dir4/l1:
/dir2/dir3/dir4/l3
Attribute "0000000000204b80 0000000000000006" had a 2 byte value for dir2/dir3/dir4/l1:
l5
Attribute "0000000000204b80 0000000000000006" had a 18 byte value for dir2/dir3/dir4/l1:
/dir2/dir5/dir6/l5
Attribute "0000000000204b80 0000000000000007" had a 2 byte value for dir2/dir3/dir4/l1:
l6
Attribute "0000000000204b80 0000000000000007" had a 18 byte value for dir2/dir3/dir4/l1:
/dir2/dir5/dir6/l6
Attribute "0000000000204b80 0000000000000005" had a 2 byte value for dir2/dir3/dir4/l1:
l4
Attribute "0000000000204b80 0000000000000005" had a 18 byte value for dir2/dir3/dir4/l1:
/dir2/dir5/dir6/l4
EA path /dir2/dir3/dir4/l1 matches on path
parent ino 1048704 matches
EA path /dir2/dir3/dir4 matches on path
parent ino 524416 matches
EA path /dir2/dir3 matches on path
parent ino 132 matches
EA path /dir2 matches on path
parent ino 128 matches

Print out hardlink names for given path, dir2/dir3/dir4/l2

Attribute "0000000000100080 0000000000000002" has a 2 byte value for dir2/dir3/dir4/l2
Attribute "0000000000100080 0000000000000003" has a 2 byte value for dir2/dir3/dir4/l2
Attribute "0000000000100080 0000000000000001" has a 5 byte value for dir2/dir3/dir4/l2
Attribute "0000000000100080 0000000000000004" has a 2 byte value for dir2/dir3/dir4/l2
Attribute "0000000000204b80 0000000000000006" has a 2 byte value for dir2/dir3/dir4/l2
Attribute "0000000000204b80 0000000000000007" has a 2 byte value for dir2/dir3/dir4/l2
Attribute "0000000000204b80 0000000000000005" has a 2 byte value for dir2/dir3/dir4/l2
Attribute "0000000000100080 0000000000000002" had a 2 byte value for dir2/dir3/dir4/l2:
l1
Attribute "0000000000100080 0000000000000002" had a 18 byte value for dir2/dir3/dir4/l2:
/dir2/dir3/dir4/l1
Attribute "0000000000100080 0000000000000003" had a 2 byte value for dir2/dir3/dir4/l2:
l2
Attribute "0000000000100080 0000000000000003" had a 18 byte value for dir2/dir3/dir4/l2:
/dir2/dir3/dir4/l2
Attribute "0000000000100080 0000000000000001" had a 5 byte value for dir2/dir3/dir4/l2:
file4
Attribute "0000000000100080 0000000000000001" had a 21 byte value for dir2/dir3/dir4/l2:
/dir2/dir3/dir4/file4
Attribute "0000000000100080 0000000000000004" had a 2 byte value for dir2/dir3/dir4/l2:
l3
Attribute "0000000000100080 0000000000000004" had a 18 byte value for dir2/dir3/dir4/l2:
/dir2/dir3/dir4/l3
Attribute "0000000000204b80 0000000000000006" had a 2 byte value for dir2/dir3/dir4/l2:
l5
Attribute "0000000000204b80 0000000000000006" had a 18 byte value for dir2/dir3/dir4/l2:
/dir2/dir5/dir6/l5
Attribute "0000000000204b80 0000000000000007" had a 2 byte value for dir2/dir3/dir4/l2:
l6
Attribute "0000000000204b80 0000000000000007" had a 18 byte value for dir2/dir3/dir4/l2:
/dir2/dir5/dir6/l6
Attribute "0000000000204b80 0000000000000005" had a 2 byte value for dir2/dir3/dir4/l2:
l4
Attribute "0000000000204b80 0000000000000005" had a 18 byte value for dir2/dir3/dir4/l2:
/dir2/dir5/dir6/l4
EA path /dir2/dir3/dir4/l2 matches on path
parent ino 1048704 matches
EA path /dir2/dir3/dir4 matches on path
parent ino 524416 matches
EA path /dir2/dir3 matches on path
parent ino 132 matches
EA path /dir2 matches on path
parent ino 128 matches

Print out hardlink names for given path, dir2/dir3/dir4/l3

Attribute "0000000000100080 0000000000000002" has a 2 byte value for dir2/dir3/dir4/l3
Attribute "0000000000100080 0000000000000003" has a 2 byte value for dir2/dir3/dir4/l3
Attribute "0000000000100080 0000000000000001" has a 5 byte value for dir2/dir3/dir4/l3
Attribute "0000000000100080 0000000000000004" has a 2 byte value for dir2/dir3/dir4/l3
Attribute "0000000000204b80 0000000000000006" has a 2 byte value for dir2/dir3/dir4/l3
Attribute "0000000000204b80 0000000000000007" has a 2 byte value for dir2/dir3/dir4/l3
Attribute "0000000000204b80 0000000000000005" has a 2 byte value for dir2/dir3/dir4/l3
Attribute "0000000000100080 0000000000000002" had a 2 byte value for dir2/dir3/dir4/l3:
l1
Attribute "0000000000100080 0000000000000002" had a 18 byte value for dir2/dir3/dir4/l3:
/dir2/dir3/dir4/l1
Attribute "0000000000100080 0000000000000003" had a 2 byte value for dir2/dir3/dir4/l3:
l2
Attribute "0000000000100080 0000000000000003" had a 18 byte value for dir2/dir3/dir4/l3:
/dir2/dir3/dir4/l2
Attribute "0000000000100080 0000000000000001" had a 5 byte value for dir2/dir3/dir4/l3:
file4
Attribute "0000000000100080 0000000000000001" had a 21 byte value for dir2/dir3/dir4/l3:
/dir2/dir3/dir4/file4
Attribute "0000000000100080 0000000000000004" had a 2 byte value for dir2/dir3/dir4/l3:
l3
Attribute "0000000000100080 0000000000000004" had a 18 byte value for dir2/dir3/dir4/l3:
/dir2/dir3/dir4/l3
Attribute "0000000000204b80 0000000000000006" had a 2 byte value for dir2/dir3/dir4/l3:
l5
Attribute "0000000000204b80 0000000000000006" had a 18 byte value for dir2/dir3/dir4/l3:
/dir2/dir5/dir6/l5
Attribute "0000000000204b80 0000000000000007" had a 2 byte value for dir2/dir3/dir4/l3:
l6
Attribute "0000000000204b80 0000000000000007" had a 18 byte value for dir2/dir3/dir4/l3:
/dir2/dir5/dir6/l6
Attribute "0000000000204b80 0000000000000005" had a 2 byte value for dir2/dir3/dir4/l3:
l4
Attribute "0000000000204b80 0000000000000005" had a 18 byte value for dir2/dir3/dir4/l3:
/dir2/dir5/dir6/l4
EA path /dir2/dir3/dir4/l3 matches on path
parent ino 1048704 matches
EA path /dir2/dir3/dir4 matches on path
parent ino 524416 matches
EA path /dir2/dir3 matches on path
parent ino 132 matches
EA path /dir2 matches on path
parent ino 128 matches

Print out hardlink names for given path, dir2/dir5/dir6/l4

Attribute "0000000000100080 0000000000000002" has a 2 byte value for dir2/dir5/dir6/l4
Attribute "0000000000100080 0000000000000003" has a 2 byte value for dir2/dir5/dir6/l4
Attribute "0000000000100080 0000000000000001" has a 5 byte value for dir2/dir5/dir6/l4
Attribute "0000000000100080 0000000000000004" has a 2 byte value for dir2/dir5/dir6/l4
Attribute "0000000000204b80 0000000000000006" has a 2 byte value for dir2/dir5/dir6/l4
Attribute "0000000000204b80 0000000000000007" has a 2 byte value for dir2/dir5/dir6/l4
Attribute "0000000000204b80 0000000000000005" has a 2 byte value for dir2/dir5/dir6/l4
Attribute "0000000000100080 0000000000000002" had a 2 byte value for dir2/dir5/dir6/l4:
l1
Attribute "0000000000100080 0000000000000002" had a 18 byte value for dir2/dir5/dir6/l4:
/dir2/dir3/dir4/l1
Attribute "0000000000100080 0000000000000003" had a 2 byte value for dir2/dir5/dir6/l4:
l2
Attribute "0000000000100080 0000000000000003" had a 18 byte value for dir2/dir5/dir6/l4:
/dir2/dir3/dir4/l2
Attribute "0000000000100080 0000000000000001" had a 5 byte value for dir2/dir5/dir6/l4:
file4
Attribute "0000000000100080 0000000000000001" had a 21 byte value for dir2/dir5/dir6/l4:
/dir2/dir3/dir4/file4
Attribute "0000000000100080 0000000000000004" had a 2 byte value for dir2/dir5/dir6/l4:
l3
Attribute "0000000000100080 0000000000000004" had a 18 byte value for dir2/dir5/dir6/l4:
/dir2/dir3/dir4/l3
Attribute "0000000000204b80 0000000000000006" had a 2 byte value for dir2/dir5/dir6/l4:
l5
Attribute "0000000000204b80 0000000000000006" had a 18 byte value for dir2/dir5/dir6/l4:
/dir2/dir5/dir6/l5
Attribute "0000000000204b80 0000000000000007" had a 2 byte value for dir2/dir5/dir6/l4:
l6
Attribute "0000000000204b80 0000000000000007" had a 18 byte value for dir2/dir5/dir6/l4:
/dir2/dir5/dir6/l6
Attribute "0000000000204b80 0000000000000005" had a 2 byte value for dir2/dir5/dir6/l4:
l4
Attribute "0000000000204b80 0000000000000005" had a 18 byte value for dir2/dir5/dir6/l4:
/dir2/dir5/dir6/l4
EA path /dir2/dir5/dir6/l4 matches on path
parent ino 2116480 matches
EA path /dir2/dir5/dir6 matches on path
parent ino 1572992 matches
EA path /dir2/dir5 matches on path
parent ino 132 matches
EA path /dir2 matches on path
parent ino 128 matches

Print out hardlink names for given path, dir2/dir5/dir6/l5

Attribute "0000000000100080 0000000000000002" has a 2 byte value for dir2/dir5/dir6/l5
Attribute "0000000000100080 0000000000000003" has a 2 byte value for dir2/dir5/dir6/l5
Attribute "0000000000100080 0000000000000001" has a 5 byte value for dir2/dir5/dir6/l5
Attribute "0000000000100080 0000000000000004" has a 2 byte value for dir2/dir5/dir6/l5
Attribute "0000000000204b80 0000000000000006" has a 2 byte value for dir2/dir5/dir6/l5
Attribute "0000000000204b80 0000000000000007" has a 2 byte value for dir2/dir5/dir6/l5
Attribute "0000000000204b80 0000000000000005" has a 2 byte value for dir2/dir5/dir6/l5
Attribute "0000000000100080 0000000000000002" had a 2 byte value for dir2/dir5/dir6/l5:
l1
Attribute "0000000000100080 0000000000000002" had a 18 byte value for dir2/dir5/dir6/l5:
/dir2/dir3/dir4/l1
Attribute "0000000000100080 0000000000000003" had a 2 byte value for dir2/dir5/dir6/l5:
l2
Attribute "0000000000100080 0000000000000003" had a 18 byte value for dir2/dir5/dir6/l5:
/dir2/dir3/dir4/l2
Attribute "0000000000100080 0000000000000001" had a 5 byte value for dir2/dir5/dir6/l5:
file4
Attribute "0000000000100080 0000000000000001" had a 21 byte value for dir2/dir5/dir6/l5:
/dir2/dir3/dir4/file4
Attribute "0000000000100080 0000000000000004" had a 2 byte value for dir2/dir5/dir6/l5:
l3
Attribute "0000000000100080 0000000000000004" had a 18 byte value for dir2/dir5/dir6/l5:
/dir2/dir3/dir4/l3
Attribute "0000000000204b80 0000000000000006" had a 2 byte value for dir2/dir5/dir6/l5:
l5
Attribute "0000000000204b80 0000000000000006" had a 18 byte value for dir2/dir5/dir6/l5:
/dir2/dir5/dir6/l5
Attribute "0000000000204b80 0000000000000007" had a 2 byte value for dir2/dir5/dir6/l5:
l6
Attribute "0000000000204b80 0000000000000007" had a 18 byte value for dir2/dir5/dir6/l5:
/dir2/dir5/dir6/l6
Attribute "0000000000204b80 0000000000000005" had a 2 byte value for dir2/dir5/dir6/l5:
l4
Attribute "0000000000204b80 0000000000000005" had a 18 byte value for dir2/dir5/dir6/l5:
/dir2/dir5/dir6/l4
EA path /dir2/dir5/dir6/l5 matches on path
parent ino 2116480 matches
EA path /dir2/dir5/dir6 matches on path
parent ino 1572992 matches
EA path /dir2/dir5 matches on path
parent ino 132 matches
EA path /dir2 matches on path
parent ino 128 matches

Print out hardlink names for given path, dir2/dir5/dir6/l6

Attribute "0000000000100080 0000000000000002" has a 2 byte value for dir2/dir5/dir6/l6
Attribute "0000000000100080 0000000000000003" has a 2 byte value for dir2/dir5/dir6/l6
Attribute "0000000000100080 0000000000000001" has a 5 byte value for dir2/dir5/dir6/l6
Attribute "0000000000100080 0000000000000004" has a 2 byte value for dir2/dir5/dir6/l6
Attribute "0000000000204b80 0000000000000006" has a 2 byte value for dir2/dir5/dir6/l6
Attribute "0000000000204b80 0000000000000007" has a 2 byte value for dir2/dir5/dir6/l6
Attribute "0000000000204b80 0000000000000005" has a 2 byte value for dir2/dir5/dir6/l6
Attribute "0000000000100080 0000000000000002" had a 2 byte value for dir2/dir5/dir6/l6:
l1
Attribute "0000000000100080 0000000000000002" had a 18 byte value for dir2/dir5/dir6/l6:
/dir2/dir3/dir4/l1
Attribute "0000000000100080 0000000000000003" had a 2 byte value for dir2/dir5/dir6/l6:
l2
Attribute "0000000000100080 0000000000000003" had a 18 byte value for dir2/dir5/dir6/l6:
/dir2/dir3/dir4/l2
Attribute "0000000000100080 0000000000000001" had a 5 byte value for dir2/dir5/dir6/l6:
file4
Attribute "0000000000100080 0000000000000001" had a 21 byte value for dir2/dir5/dir6/l6:
/dir2/dir3/dir4/file4
Attribute "0000000000100080 0000000000000004" had a 2 byte value for dir2/dir5/dir6/l6:
l3
Attribute "0000000000100080 0000000000000004" had a 18 byte value for dir2/dir5/dir6/l6:
/dir2/dir3/dir4/l3
Attribute "0000000000204b80 0000000000000006" had a 2 byte value for dir2/dir5/dir6/l6:
l5
Attribute "0000000000204b80 0000000000000006" had a 18 byte value for dir2/dir5/dir6/l6:
/dir2/dir5/dir6/l5
Attribute "0000000000204b80 0000000000000007" had a 2 byte value for dir2/dir5/dir6/l6:
l6
Attribute "0000000000204b80 0000000000000007" had a 18 byte value for dir2/dir5/dir6/l6:
/dir2/dir5/dir6/l6
Attribute "0000000000204b80 0000000000000005" had a 2 byte value for dir2/dir5/dir6/l6:
l4
Attribute "0000000000204b80 0000000000000005" had a 18 byte value for dir2/dir5/dir6/l6:
/dir2/dir5/dir6/l4
EA path /dir2/dir5/dir6/l6 matches on path
parent ino 2116480 matches
EA path /dir2/dir5/dir6 matches on path
parent ino 1572992 matches
EA path /dir2/dir5 matches on path
parent ino 132 matches
EA path /dir2 matches on path
parent ino 128 matches

now try removing half of the hardlinks

rm'ing dir2/dir3/dir4/l2
rm'ing dir2/dir5/dir6/l4
rm'ing dir2/dir5/dir6/l6

print out names and check after removed hardlinks

looking at dir2/dir3/dir4/l1

Print out hardlink names for given path, dir2/dir3/dir4/l1

Attribute "0000000000100080 0000000000000002" has a 2 byte value for dir2/dir3/dir4/l1
Attribute "0000000000100080 0000000000000001" has a 5 byte value for dir2/dir3/dir4/l1
Attribute "0000000000100080 0000000000000004" has a 2 byte value for dir2/dir3/dir4/l1
Attribute "0000000000204b80 0000000000000006" has a 2 byte value for dir2/dir3/dir4/l1
Attribute "0000000000100080 0000000000000002" had a 2 byte value for dir2/dir3/dir4/l1:
l1
Attribute "0000000000100080 0000000000000002" had a 18 byte value for dir2/dir3/dir4/l1:
/dir2/dir3/dir4/l1
Attribute "0000000000100080 0000000000000001" had a 5 byte value for dir2/dir3/dir4/l1:
file4
Attribute "0000000000100080 0000000000000001" had a 21 byte value for dir2/dir3/dir4/l1:
/dir2/dir3/dir4/file4
Attribute "0000000000100080 0000000000000004" had a 2 byte value for dir2/dir3/dir4/l1:
l3
Attribute "0000000000100080 0000000000000004" had a 18 byte value for dir2/dir3/dir4/l1:
/dir2/dir3/dir4/l3
Attribute "0000000000204b80 0000000000000006" had a 2 byte value for dir2/dir3/dir4/l1:
l5
Attribute "0000000000204b80 0000000000000006" had a 18 byte value for dir2/dir3/dir4/l1:
/dir2/dir5/dir6/l5
EA path /dir2/dir3/dir4/l1 matches on path
parent ino 1048704 matches
EA path /dir2/dir3/dir4 matches on path
parent ino 524416 matches
EA path /dir2/dir3 matches on path
parent ino 132 matches
EA path /dir2 matches on path
parent ino 128 matches
looking at dir2/dir3/dir4/l3

Print out hardlink names for given path, dir2/dir3/dir4/l3

Attribute "0000000000100080 0000000000000002" has a 2 byte value for dir2/dir3/dir4/l3
Attribute "0000000000100080 0000000000000001" has a 5 byte value for dir2/dir3/dir4/l3
Attribute "0000000000100080 0000000000000004" has a 2 byte value for dir2/dir3/dir4/l3
Attribute "0000000000204b80 0000000000000006" has a 2 byte value for dir2/dir3/dir4/l3
Attribute "0000000000100080 0000000000000002" had a 2 byte value for dir2/dir3/dir4/l3:
l1
Attribute "0000000000100080 0000000000000002" had a 18 byte value for dir2/dir3/dir4/l3:
/dir2/dir3/dir4/l1
Attribute "0000000000100080 0000000000000001" had a 5 byte value for dir2/dir3/dir4/l3:
file4
Attribute "0000000000100080 0000000000000001" had a 21 byte value for dir2/dir3/dir4/l3:
/dir2/dir3/dir4/file4
Attribute "0000000000100080 0000000000000004" had a 2 byte value for dir2/dir3/dir4/l3:
l3
Attribute "0000000000100080 0000000000000004" had a 18 byte value for dir2/dir3/dir4/l3:
/dir2/dir3/dir4/l3
Attribute "0000000000204b80 0000000000000006" had a 2 byte value for dir2/dir3/dir4/l3:
l5
Attribute "0000000000204b80 0000000000000006" had a 18 byte value for dir2/dir3/dir4/l3:
/dir2/dir5/dir6/l5
EA path /dir2/dir3/dir4/l3 matches on path
parent ino 1048704 matches
EA path /dir2/dir3/dir4 matches on path
parent ino 524416 matches
EA path /dir2/dir3 matches on path
parent ino 132 matches
EA path /dir2 matches on path
parent ino 128 matches
looking at dir2/dir5/dir6/l5

Print out hardlink names for given path, dir2/dir5/dir6/l5

Attribute "0000000000100080 0000000000000002" has a 2 byte value for dir2/dir5/dir6/l5
Attribute "0000000000100080 0000000000000001" has a 5 byte value for dir2/dir5/dir6/l5
Attribute "0000000000100080 0000000000000004" has a 2 byte value for dir2/dir5/dir6/l5
Attribute "0000000000204b80 0000000000000006" has a 2 byte value for dir2/dir5/dir6/l5
Attribute "0000000000100080 0000000000000002" had a 2 byte value for dir2/dir5/dir6/l5:
l1
Attribute "0000000000100080 0000000000000002" had a 18 byte value for dir2/dir5/dir6/l5:
/dir2/dir3/dir4/l1
Attribute "0000000000100080 0000000000000001" had a 5 byte value for dir2/dir5/dir6/l5:
file4
Attribute "0000000000100080 0000000000000001" had a 21 byte value for dir2/dir5/dir6/l5:
/dir2/dir3/dir4/file4
Attribute "0000000000100080 0000000000000004" had a 2 byte value for dir2/dir5/dir6/l5:
l3
Attribute "0000000000100080 0000000000000004" had a 18 byte value for dir2/dir5/dir6/l5:
/dir2/dir3/dir4/l3
Attribute "0000000000204b80 0000000000000006" had a 2 byte value for dir2/dir5/dir6/l5:
l5
Attribute "0000000000204b80 0000000000000006" had a 18 byte value for dir2/dir5/dir6/l5:
/dir2/dir5/dir6/l5
EA path /dir2/dir5/dir6/l5 matches on path
parent ino 2116480 matches
EA path /dir2/dir5/dir6 matches on path
parent ino 1572992 matches
EA path /dir2/dir5 matches on path
parent ino 132 matches
EA path /dir2 matches on path
parent ino 128 matches

Testing rename


1. in dir, file1 to file2 where file2 does not exist

EA path /ren1/ren2/ren3/ren4/f2 matches on path
parent ino 134 matches
EA path /ren1/ren2/ren3/ren4 matches on path
parent ino 3670144 matches
EA path /ren1/ren2/ren3 matches on path
parent ino 3145856 matches
EA path /ren1/ren2 matches on path
parent ino 2621568 matches
EA path /ren1 matches on path
parent ino 128 matches

2. in dir, file1 to file2 where file2 does exist

EA path /ren1/ren2/ren3/ren4/f2 matches on path
parent ino 134 matches
EA path /ren1/ren2/ren3/ren4 matches on path
parent ino 3670144 matches
EA path /ren1/ren2/ren3 matches on path
parent ino 3145856 matches
EA path /ren1/ren2 matches on path
parent ino 2621568 matches
EA path /ren1 matches on path
parent ino 128 matches

3. dir/file1 to dir2/file2 where file2 does not exist

EA path /ren1/ren2/ren3/ren5/f3 matches on path
parent ino 524418 matches
EA path /ren1/ren2/ren3/ren5 matches on path
parent ino 3670144 matches
EA path /ren1/ren2/ren3 matches on path
parent ino 3145856 matches
EA path /ren1/ren2 matches on path
parent ino 2621568 matches
EA path /ren1 matches on path
parent ino 128 matches

4. dir/file1 to dir2/file2 where file2 does exist

EA path /ren1/ren2/ren3/ren5/f3 matches on path
parent ino 524418 matches
EA path /ren1/ren2/ren3/ren5 matches on path
parent ino 3670144 matches
EA path /ren1/ren2/ren3 matches on path
parent ino 3145856 matches
EA path /ren1/ren2 matches on path
parent ino 2621568 matches
EA path /ren1 matches on path
parent ino 128 matches

5. dir to dir2 where dir2 does not exist

EA path /ren1/ren2/ren3/ren6 matches on path
parent ino 3670144 matches
EA path /ren1/ren2/ren3 matches on path
parent ino 3145856 matches
EA path /ren1/ren2 matches on path
parent ino 2621568 matches
EA path /ren1 matches on path
parent ino 128 matches

Testing symlink

EA path /symlink1 matches on path
parent ino 128 matches
EA path /hlink1 matches on path
parent ino 128 matches
EA path /hlink2 matches on path
parent ino 128 matches
EA path /hlink3 matches on path
parent ino 128 matches

Testing fsstress

ltp/fsstress -z -f rmdir=10 -f link=10 -f creat=10 -f mkdir=10 -f rename=30 -f unlink=10 -f symlink=10 -n 1000 -d outdir -p 3
seed = S
succeeded checking P paths
succeeded checking I inodes

Testing dirstress

src/dirstress -d outdir -f 1000 -k -p 3 -n 1
src/dirstress -d outdir -f 1000 -k -p 3 -n 5
succeeded checking P paths
succeeded checking I inodes
