QA output created by 130
End-of-file zeroing with direct I/O
wrote 65536/65536 bytes at offset 0
XXX Bytes, X ops; XX:XX:XX.X (XXX YYY/sec and XXX ops/sec)
wrote 65536/65536 bytes at offset 65536
XXX Bytes, X ops; XX:XX:XX.X (XXX YYY/sec and XXX ops/sec)
00000000:  63 00 00 00 00 00 00 00 00 00 00 00 00 00 00 00  c...............
00000010:  00 00 00 00 00 00 00 00 00 00 00 00 00 00 00 00  ................
*
00010000:  41 41 41 41 41 41 41 41 41 41 41 41 41 41 41 41  AAAAAAAAAAAAAAAA
*
read 131072/131072 bytes at offset 0
XXX Bytes, X ops; XX:XX:XX.X (XXX YYY/sec and XXX ops/sec)

Basic Block Hole test
00001388:  00 00 00 00 00 00 00 00 00 00 00 00 00 00 00 00  ................
*
00001f38:  00 00 00 00 00 00 00 00  ........
read 3000/3000 bytes at offset 5000
XXX Bytes, X ops; XX:XX:XX.X (XXX YYY/sec and XXX ops/sec)

Test buffered and direct IO coherency
wrote 1000/1000 bytes at offset 8000
XXX Bytes, X ops; XX:XX:XX.X (XXX YYY/sec and XXX ops/sec)
wrote 1000/1000 bytes at offset 4000
XXX Bytes, X ops; XX:XX:XX.X (XXX YYY/sec and XXX ops/sec)
wrote 4096/4096 bytes at offset 20480
XXX Bytes, X ops; XX:XX:XX.X (XXX YYY/sec and XXX ops/sec)
wrote 4096/4096 bytes at offset 4096
XXX Bytes, X ops; XX:XX:XX.X (XXX YYY/sec and XXX ops/sec)
00000000:  00 00 00 00 00 00 00 00 00 00 00 00 00 00 00 00  ................
*
00000fa0:  57 57 57 57 57 57 57 57 57 57 57 57 57 57 57 57  WWWWWWWWWWWWWWWW
*
00001000:  79 79 79 79 79 79 79 79 79 79 79 79 79 79 79 79  yyyyyyyyyyyyyyyy
*
00002000:  41 41 41 41 41 41 41 41 41 41 41 41 41 41 41 41  AAAAAAAAAAAAAAAA
*
00002320:  41 41 41 41 41 41 41 41  AAAAAAAA
read 9000/9000 bytes at offset 0
XXX Bytes, X ops; XX:XX:XX.X (XXX YYY/sec and XXX ops/sec)

Test direct read and write
wrote 65536/65536 bytes at offset 0
XXX Bytes, X ops; XX:XX:XX.X (XXX YYY/sec and XXX ops/sec)
00000000:  78 78 78 78 78 78 78 78 78 78 78 78 78 78 78 78  xxxxxxxxxxxxxxxx
*
read 65536/65536 bytes at offset 0
XXX Bytes, X ops; XX:XX:XX.X (XXX YYY/sec and XXX ops/sec)
wrote 6553600/6553600 bytes at offset 65536
XXX Bytes, X ops; XX:XX:XX.X (XXX YYY/sec and XXX ops/sec)
00000000:  78 78 78 78 78 78 78 78 78 78 78 78 78 78 78 78  xxxxxxxxxxxxxxxx
*
00010000:  46 46 46 46 46 46 46 46 46 46 46 46 46 46 46 46  FFFFFFFFFFFFFFFF
*
read 6619136/6619136 bytes at offset 0
XXX Bytes, X ops; XX:XX:XX.X (XXX YYY/sec and XXX ops/sec)
00000000:  78 78 78 78 78 78 78 78 78 78 78 78 78 78 78 78  xxxxxxxxxxxxxxxx
*
00010000:  46 46 46 46 46 46 46 46 46 46 46 46 46 46 46 46  FFFFFFFFFFFFFFFF
*
read 6619136/6619136 bytes at offset 0
XXX Bytes, X ops; XX:XX:XX.X (XXX YYY/sec and XXX ops/sec)
wrote 65536/65536 bytes at offset 0
XXX Bytes, X ops; XX:XX:XX.X (XXX YYY/sec and XXX ops/sec)
00000000:  61 61 61 61 61 61 61 61 61 61 61 61 61 61 61 61  aaaaaaaaaaaaaaaa
*
read 65536/65536 bytes at offset 0
XXX Bytes, X ops; XX:XX:XX.X (XXX YYY/sec and XXX ops/sec)
wrote 131072/131072 bytes at offset 65536
XXX Bytes, X ops; XX:XX:XX.X (XXX YYY/sec and XXX ops/sec)
00000000:  61 61 61 61 61 61 61 61 61 61 61 61 61 61 61 61  aaaaaaaaaaaaaaaa
*
00010000:  62 62 62 62 62 62 62 62 62 62 62 62 62 62 62 62  bbbbbbbbbbbbbbbb
*
read 131072/131072 bytes at offset 0
XXX Bytes, X ops; XX:XX:XX.X (XXX YYY/sec and XXX ops/sec)
00000000:  61 61 61 61 61 61 61 61 61 61 61 61 61 61 61 61  aaaaaaaaaaaaaaaa
*
00010000:  62 62 62 62 62 62 62 62 62 62 62 62 62 62 62 62  bbbbbbbbbbbbbbbb
*
read 131072/131072 bytes at offset 0
XXX Bytes, X ops; XX:XX:XX.X (XXX YYY/sec and XXX ops/sec)

FSB Edge test
wrote 131072/131072 bytes at offset 0
XXX Bytes, X ops; XX:XX:XX.X (XXX YYY/sec and XXX ops/sec)
wrote 2/2 bytes at offset 65535
XXX Bytes, X ops; XX:XX:XX.X (XXX YYY/sec and XXX ops/sec)
00000000:  00 00 00 00 00 00 00 00 00 00 00 00 00 00 00 00  ................
*
0000fff0:  00 00 00 00 00 00 00 00 00 00 00 00 00 00 00 61  ...............a
00010000:  61 00 00 00 00 00 00 00 00 00 00 00 00 00 00 00  a...............
00010010:  00 00 00 00 00 00 00 00 00 00 00 00 00 00 00 00  ................
*
read 131072/131072 bytes at offset 0
XXX Bytes, X ops; XX:XX:XX.X (XXX YYY/sec and XXX ops/sec)

Open Trunk test (O_TRUNC)
read 0/100 bytes at offset 0
XXX Bytes, X ops; XX:XX:XX.X (XXX YYY/sec and XXX ops/sec)
read 0/100 bytes at offset 0
XXX Bytes, X ops; XX:XX:XX.X (XXX YYY/sec and XXX ops/sec)
read 0/100 bytes at offset 0
XXX Bytes, X ops; XX:XX:XX.X (XXX YYY/sec and XXX ops/sec)
read 0/100 bytes at offset 0
XXX Bytes, X ops; XX:XX:XX.X (XXX YYY/sec and XXX ops/sec)
read 0/100 bytes at offset 0
XXX Bytes, X ops; XX:XX:XX.X (XXX YYY/sec and XXX ops/sec)
read 0/100 bytes at offset 0
XXX Bytes, X ops; XX:XX:XX.X (XXX YYY/sec and XXX ops/sec)
read 0/100 bytes at offset 0
XXX Bytes, X ops; XX:XX:XX.X (XXX YYY/sec and XXX ops/sec)
read 0/100 bytes at offset 0
XXX Bytes, X ops; XX:XX:XX.X (XXX YYY/sec and XXX ops/sec)
read 0/100 bytes at offset 0
XXX Bytes, X ops; XX:XX:XX.X (XXX YYY/sec and XXX ops/sec)
read 0/100 bytes at offset 0
XXX Bytes, X ops; XX:XX:XX.X (XXX YYY/sec and XXX ops/sec)
DONE

Append test
wrote 10/10 bytes at offset 0
XXX Bytes, X ops; XX:XX:XX.X (XXX YYY/sec and XXX ops/sec)
00000000:  61 70 70 65 6e 64 20 74 6f 20 6d 65 0a 61 61 61  append.to.me.aaa
00000010:  61 61 61 61 61 61 61  aaaaaaa
read 23/24 bytes at offset 0
XXX Bytes, X ops; XX:XX:XX.X (XXX YYY/sec and XXX ops/sec)

Small Vector Async
00000000:  61  a
read 1/1 bytes at offset 0
XXX Bytes, X ops; XX:XX:XX.X (XXX YYY/sec and XXX ops/sec)
00000001:  62  b
read 1/1 bytes at offset 1
XXX Bytes, X ops; XX:XX:XX.X (XXX YYY/sec and XXX ops/sec)
00000002:  63  c
read 1/1 bytes at offset 2
XXX Bytes, X ops; XX:XX:XX.X (XXX YYY/sec and XXX ops/sec)
00000003:  64  d
read 1/1 bytes at offset 3
XXX Bytes, X ops; XX:XX:XX.X (XXX YYY/sec and XXX ops/sec)
00000004:  65  e
read 1/1 bytes at offset 4
XXX Bytes, X ops; XX:XX:XX.X (XXX YYY/sec and XXX ops/sec)
00000005:  66  f
read 1/1 bytes at offset 5
XXX Bytes, X ops; XX:XX:XX.X (XXX YYY/sec and XXX ops/sec)
00000006:  67  g
read 1/1 bytes at offset 6
XXX Bytes, X ops; XX:XX:XX.X (XXX YYY/sec and XXX ops/sec)
00000007:  68  h
read 1/1 bytes at offset 7
XXX Bytes, X ops; XX:XX:XX.X (XXX YYY/sec and XXX ops/sec)
00000008:  69  i
read 1/1 bytes at offset 8
XXX Bytes, X ops; XX:XX:XX.X (XXX YYY/sec and XXX ops/sec)
00000009:  6a  j
read 1/1 bytes at offset 9
XXX Bytes, X ops; XX:XX:XX.X (XXX YYY/sec and XXX ops/sec)
0000000a:  6b  k
read 1/1 bytes at offset 10
XXX Bytes, X ops; XX:XX:XX.X (XXX YYY/sec and XXX ops/sec)
0000000b:  6c  l
read 1/1 bytes at offset 11
XXX Bytes, X ops; XX:XX:XX.X (XXX YYY/sec and XXX ops/sec)
0000000c:  6d  m
read 1/1 bytes at offset 12
XXX Bytes, X ops; XX:XX:XX.X (XXX YYY/sec and XXX ops/sec)
0000000d:  6e 6f 70 71 72 73 74 75 76 77 78 79 7a  nopqrstuvwxyz
read 13/13 bytes at offset 13
XXX Bytes, X ops; XX:XX:XX.X (XXX YYY/sec and XXX ops/sec)
wrote 1/1 bytes at offset 4090
XXX Bytes, X ops; XX:XX:XX.X (XXX YYY/sec and XXX ops/sec)
wrote 1/1 bytes at offset 4091
XXX Bytes, X ops; XX:XX:XX.X (XXX YYY/sec and XXX ops/sec)
wrote 1/1 bytes at offset 4092
XXX Bytes, X ops; XX:XX:XX.X (XXX YYY/sec and XXX ops/sec)
wrote 1/1 bytes at offset 4093
XXX Bytes, X ops; XX:XX:XX.X (XXX YYY/sec and XXX ops/sec)
wrote 1/1 bytes at offset 4094
XXX Bytes, X ops; XX:XX:XX.X (XXX YYY/sec and XXX ops/sec)
wrote 1/1 bytes at offset 4095
XXX Bytes, X ops; XX:XX:XX.X (XXX YYY/sec and XXX ops/sec)
wrote 1/1 bytes at offset 4096
XXX Bytes, X ops; XX:XX:XX.X (XXX YYY/sec and XXX ops/sec)
wrote 1/1 bytes at offset 4097
XXX Bytes, X ops; XX:XX:XX.X (XXX YYY/sec and XXX ops/sec)
wrote 1/1 bytes at offset 4098
XXX Bytes, X ops; XX:XX:XX.X (XXX YYY/sec and XXX ops/sec)
wrote 1/1 bytes at offset 4099
XXX Bytes, X ops; XX:XX:XX.X (XXX YYY/sec and XXX ops/sec)
wrote 1/1 bytes at offset 4100
XXX Bytes, X ops; XX:XX:XX.X (XXX YYY/sec and XXX ops/sec)
wrote 1/1 bytes at offset 4101
XXX Bytes, X ops; XX:XX:XX.X (XXX YYY/sec and XXX ops/sec)
wrote 1/1 bytes at offset 4102
XXX Bytes, X ops; XX:XX:XX.X (XXX YYY/sec and XXX ops/sec)
wrote 1/1 bytes at offset 4103
XXX Bytes, X ops; XX:XX:XX.X (XXX YYY/sec and XXX ops/sec)
wrote 1/1 bytes at offset 4104
XXX Bytes, X ops; XX:XX:XX.X (XXX YYY/sec and XXX ops/sec)
wrote 1/1 bytes at offset 4105
XXX Bytes, X ops; XX:XX:XX.X (XXX YYY/sec and XXX ops/sec)
00000ffa:  61 62 63 64  abcd
read 4/4 bytes at offset 4090
XXX Bytes, X ops; XX:XX:XX.X (XXX YYY/sec and XXX ops/sec)
00000ffe:  65 66 67 68  efgh
read 4/4 bytes at offset 4094
XXX Bytes, X ops; XX:XX:XX.X (XXX YYY/sec and XXX ops/sec)
00001002:  69 6a 6b 6c  ijkl
read 4/4 bytes at offset 4098
XXX Bytes, X ops; XX:XX:XX.X (XXX YYY/sec and XXX ops/sec)
00001006:  6d 6e 6f 70  mnop
read 4/4 bytes at offset 4102
XXX Bytes, X ops; XX:XX:XX.X (XXX YYY/sec and XXX ops/sec)
wrote 1/1 bytes at offset 10000000000
XXX Bytes, X ops; XX:XX:XX.X (XXX YYY/sec and XXX ops/sec)
wrote 1/1 bytes at offset 10000000001
XXX Bytes, X ops; XX:XX:XX.X (XXX YYY/sec and XXX ops/sec)
wrote 1/1 bytes at offset 10000000002
XXX Bytes, X ops; XX:XX:XX.X (XXX YYY/sec and XXX ops/sec)
wrote 1/1 bytes at offset 10000000003
XXX Bytes, X ops; XX:XX:XX.X (XXX YYY/sec and XXX ops/sec)
wrote 1/1 bytes at offset 10000000004
XXX Bytes, X ops; XX:XX:XX.X (XXX YYY/sec and XXX ops/sec)
wrote 1/1 bytes at offset 10000000005
XXX Bytes, X ops; XX:XX:XX.X (XXX YYY/sec and XXX ops/sec)
wrote 1/1 bytes at offset 10000000006
XXX Bytes, X ops; XX:XX:XX.X (XXX YYY/sec and XXX ops/sec)
wrote 1/1 bytes at offset 10000000007
XXX Bytes, X ops; XX:XX:XX.X (XXX YYY/sec and XXX ops/sec)
wrote 1/1 bytes at offset 10000000008
XXX Bytes, X ops; XX:XX:XX.X (XXX YYY/sec and XXX ops/sec)
wrote 1/1 bytes at offset 10000000009
XXX Bytes, X ops; XX:XX:XX.X (XXX YYY/sec and XXX ops/sec)
wrote 1/1 bytes at offset 10000000010
XXX Bytes, X ops; XX:XX:XX.X (XXX YYY/sec and XXX ops/sec)
wrote 1/1 bytes at offset 10000000011
XXX Bytes, X ops; XX:XX:XX.X (XXX YYY/sec and XXX ops/sec)
wrote 1/1 bytes at offset 10000000012
XXX Bytes, X ops; XX:XX:XX.X (XXX YYY/sec and XXX ops/sec)
wrote 1/1 bytes at offset 10000000013
XXX Bytes, X ops; XX:XX:XX.X (XXX YYY/sec and XXX ops/sec)
wrote 1/1 bytes at offset 10000000014
XXX Bytes, X ops; XX:XX:XX.X (XXX YYY/sec and XXX ops/sec)
wrote 1/1 bytes at offset 10000000015
XXX Bytes, X ops; XX:XX:XX.X (XXX YYY/sec and XXX ops/sec)
2540be400:  61 62 63 64  abcd
read 4/4 bytes at offset 10000000000
XXX Bytes, X ops; XX:XX:XX.X (XXX YYY/sec and XXX ops/sec)
2540be404:  65 66 67 68  efgh
read 4/4 bytes at offset 10000000004
XXX Bytes, X ops; XX:XX:XX.X (XXX YYY/sec and XXX ops/sec)
2540be408:  69 6a 6b 6c  ijkl
read 4/4 bytes at offset 10000000008
XXX Bytes, X ops; XX:XX:XX.X (XXX YYY/sec and XXX ops/sec)
2540be40c:  6d 6e 6f 70  mnop
read 4/4 bytes at offset 10000000012
XXX Bytes, X ops; XX:XX:XX.X (XXX YYY/sec and XXX ops/sec)

Small Vector Sync
00000000:  61  a
read 1/1 bytes at offset 0
XXX Bytes, X ops; XX:XX:XX.X (XXX YYY/sec and XXX ops/sec)
00000001:  62  b
read 1/1 bytes at offset 1
XXX Bytes, X ops; XX:XX:XX.X (XXX YYY/sec and XXX ops/sec)
00000002:  63  c
read 1/1 bytes at offset 2
XXX Bytes, X ops; XX:XX:XX.X (XXX YYY/sec and XXX ops/sec)
00000003:  64  d
read 1/1 bytes at offset 3
XXX Bytes, X ops; XX:XX:XX.X (XXX YYY/sec and XXX ops/sec)
00000004:  65  e
read 1/1 bytes at offset 4
XXX Bytes, X ops; XX:XX:XX.X (XXX YYY/sec and XXX ops/sec)
00000005:  66  f
read 1/1 bytes at offset 5
XXX Bytes, X ops; XX:XX:XX.X (XXX YYY/sec and XXX ops/sec)
00000006:  67  g
read 1/1 bytes at offset 6
XXX Bytes, X ops; XX:XX:XX.X (XXX YYY/sec and XXX ops/sec)
00000007:  68  h
read 1/1 bytes at offset 7
XXX Bytes, X ops; XX:XX:XX.X (XXX YYY/sec and XXX ops/sec)
00000008:  69  i
read 1/1 bytes at offset 8
XXX Bytes, X ops; XX:XX:XX.X (XXX YYY/sec and XXX ops/sec)
00000009:  6a  j
read 1/1 bytes at offset 9
XXX Bytes, X ops; XX:XX:XX.X (XXX YYY/sec and XXX ops/sec)
0000000a:  6b  k
read 1/1 bytes at offset 10
XXX Bytes, X ops; XX:XX:XX.X (XXX YYY/sec and XXX ops/sec)
0000000b:  6c  l
read 1/1 bytes at offset 11
XXX Bytes, X ops; XX:XX:XX.X (XXX YYY/sec and XXX ops/sec)
0000000c:  6d  m
read 1/1 bytes at offset 12
XXX Bytes, X ops; XX:XX:XX.X (XXX YYY/sec and XXX ops/sec)
0000000d:  6e 6f 70 71 72 73 74 75 76 77 78 79 7a  nopqrstuvwxyz
read 13/13 bytes at offset 13
XXX Bytes, X ops; XX:XX:XX.X (XXX YYY/sec and XXX ops/sec)
wrote 1/1 bytes at offset 4090
XXX Bytes, X ops; XX:XX:XX.X (XXX YYY/sec and XXX ops/sec)
wrote 1/1 bytes at offset 4091
XXX Bytes, X ops; XX:XX:XX.X (XXX YYY/sec and XXX ops/sec)
wrote 1/1 bytes at offset 4092
XXX Bytes, X ops; XX:XX:XX.X (XXX YYY/sec and XXX ops/sec)
wrote 1/1 bytes at offset 4093
XXX Bytes, X ops; XX:XX:XX.X (XXX YYY/sec and XXX ops/sec)
wrote 1/1 bytes at offset 4094
XXX Bytes, X ops; XX:XX:XX.X (XXX YYY/sec and XXX ops/sec)
wrote 1/1 bytes at offset 4095
XXX Bytes, X ops; XX:XX:XX.X (XXX YYY/sec and XXX ops/sec)
wrote 1/1 bytes at offset 4096
XXX Bytes, X ops; XX:XX:XX.X (XXX YYY/sec and XXX ops/sec)
wrote 1/1 bytes at offset 4097
XXX Bytes, X ops; XX:XX:XX.X (XXX YYY/sec and XXX ops/sec)
wrote 1/1 bytes at offset 4098
XXX Bytes, X ops; XX:XX:XX.X (XXX YYY/sec and XXX ops/sec)
wrote 1/1 bytes at offset 4099
XXX Bytes, X ops; XX:XX:XX.X (XXX YYY/sec and XXX ops/sec)
wrote 1/1 bytes at offset 4100
XXX Bytes, X ops; XX:XX:XX.X (XXX YYY/sec and XXX ops/sec)
wrote 1/1 bytes at offset 4101
XXX Bytes, X ops; XX:XX:XX.X (XXX YYY/sec and XXX ops/sec)
wrote 1/1 bytes at offset 4102
XXX Bytes, X ops; XX:XX:XX.X (XXX YYY/sec and XXX ops/sec)
wrote 1/1 bytes at offset 4103
XXX Bytes, X ops; XX:XX:XX.X (XXX YYY/sec and XXX ops/sec)
wrote 1/1 bytes at offset 4104
XXX Bytes, X ops; XX:XX:XX.X (XXX YYY/sec and XXX ops/sec)
wrote 1/1 bytes at offset 4105
XXX Bytes, X ops; XX:XX:XX.X (XXX YYY/sec and XXX ops/sec)
00000ffa:  61 62 63 64  abcd
read 4/4 bytes at offset 4090
XXX Bytes, X ops; XX:XX:XX.X (XXX YYY/sec and XXX ops/sec)
00000ffe:  65 66 67 68  efgh
read 4/4 bytes at offset 4094
XXX Bytes, X ops; XX:XX:XX.X (XXX YYY/sec and XXX ops/sec)
00001002:  69 6a 6b 6c  ijkl
read 4/4 bytes at offset 4098
XXX Bytes, X ops; XX:XX:XX.X (XXX YYY/sec and XXX ops/sec)
00001006:  6d 6e 6f 70  mnop
read 4/4 bytes at offset 4102
XXX Bytes, X ops; XX:XX:XX.X (XXX YYY/sec and XXX ops/sec)
wrote 1/1 bytes at offset 10000000000
XXX Bytes, X ops; XX:XX:XX.X (XXX YYY/sec and XXX ops/sec)
wrote 1/1 bytes at offset 10000000001
XXX Bytes, X ops; XX:XX:XX.X (XXX YYY/sec and XXX ops/sec)
wrote 1/1 bytes at offset 10000000002
XXX Bytes, X ops; XX:XX:XX.X (XXX YYY/sec and XXX ops/sec)
wrote 1/1 bytes at offset 10000000003
XXX Bytes, X ops; XX:XX:XX.X (XXX YYY/sec and XXX ops/sec)
wrote 1/1 bytes at offset 10000000004
XXX Bytes, X ops; XX:XX:XX.X (XXX YYY/sec and XXX ops/sec)
wrote 1/1 bytes at offset 10000000005
XXX Bytes, X ops; XX:XX:XX.X (XXX YYY/sec and XXX ops/sec)
wrote 1/1 bytes at offset 10000000006
XXX Bytes, X ops; XX:XX:XX.X (XXX YYY/sec and XXX ops/sec)
wrote 1/1 bytes at offset 10000000007
XXX Bytes, X ops; XX:XX:XX.X (XXX YYY/sec and XXX ops/sec)
wrote 1/1 bytes at offset 10000000008
XXX Bytes, X ops; XX:XX:XX.X (XXX YYY/sec and XXX ops/sec)
wrote 1/1 bytes at offset 10000000009
XXX Bytes, X ops; XX:XX:XX.X (XXX YYY/sec and XXX ops/sec)
wrote 1/1 bytes at offset 10000000010
XXX Bytes, X ops; XX:XX:XX.X (XXX YYY/sec and XXX ops/sec)
wrote 1/1 bytes at offset 10000000011
XXX Bytes, X ops; XX:XX:XX.X (XXX YYY/sec and XXX ops/sec)
wrote 1/1 bytes at offset 10000000012
XXX Bytes, X ops; XX:XX:XX.X (XXX YYY/sec and XXX ops/sec)
wrote 1/1 bytes at offset 10000000013
XXX Bytes, X ops; XX:XX:XX.X (XXX YYY/sec and XXX ops/sec)
wrote 1/1 bytes at offset 10000000014
XXX Bytes, X ops; XX:XX:XX.X (XXX YYY/sec and XXX ops/sec)
wrote 1/1 bytes at offset 10000000015
XXX Bytes, X ops; XX:XX:XX.X (XXX YYY/sec and XXX ops/sec)
2540be400:  61 62 63 64  abcd
read 4/4 bytes at offset 10000000000
XXX Bytes, X ops; XX:XX:XX.X (XXX YYY/sec and XXX ops/sec)
2540be404:  65 66 67 68  efgh
read 4/4 bytes at offset 10000000004
XXX Bytes, X ops; XX:XX:XX.X (XXX YYY/sec and XXX ops/sec)
2540be408:  69 6a 6b 6c  ijkl
read 4/4 bytes at offset 10000000008
XXX Bytes, X ops; XX:XX:XX.X (XXX YYY/sec and XXX ops/sec)
2540be40c:  6d 6e 6f 70  mnop
read 4/4 bytes at offset 10000000012
XXX Bytes, X ops; XX:XX:XX.X (XXX YYY/sec and XXX ops/sec)
