QA output created by 146
Invisible read/write tests beginning...
Report: time stamp unchanged by write

Report: time stamp unchanged by read
Report: time stamp unchanged by write

Report: time stamp unchanged by read
Report: time stamp unchanged by write

Report: time stamp unchanged by read
Report: time stamp unchanged by write

Report: time stamp unchanged by read
Report: time stamp unchanged by write

Report: time stamp unchanged by read
Report: time stamp unchanged by write

Report: time stamp unchanged by read
Report: time stamp unchanged by write

Report: time stamp unchanged by read
Report: time stamp unchanged by write

Report: time stamp unchanged by read
Report: time stamp unchanged by write

Report: time stamp unchanged by read
Report: time stamp unchanged by write

Report: time stamp unchanged by read
Report: time stamp unchanged by write
.....
Report: time stamp unchanged by read
Report: time stamp unchanged by write
.....
Report: time stamp unchanged by read
Report: time stamp unchanged by write
.....
Report: time stamp unchanged by read
Report: time stamp unchanged by write
.....
Report: time stamp unchanged by read
Report: time stamp unchanged by write
.....
Report: time stamp unchanged by read
Report: time stamp unchanged by write
.....
Report: time stamp unchanged by read
Report: time stamp unchanged by write
.....
Report: time stamp unchanged by read
Report: time stamp unchanged by write
.....
Report: time stamp unchanged by read
Report: time stamp unchanged by write
.....
Report: time stamp unchanged by read
Report: time stamp unchanged by write
.....
Report: time stamp unchanged by read
Report: time stamp unchanged by write
..........
Report: time stamp unchanged by read
Report: time stamp unchanged by write
..........
Report: time stamp unchanged by read
Report: time stamp unchanged by write
..........
Report: time stamp unchanged by read
Report: time stamp unchanged by write
..........
Report: time stamp unchanged by read
Report: time stamp unchanged by write
..........
Report: time stamp unchanged by read
Report: time stamp unchanged by write
..........
Report: time stamp unchanged by read
Report: time stamp unchanged by write
..........
Report: time stamp unchanged by read
Report: time stamp unchanged by write
..........
Report: time stamp unchanged by read
Report: time stamp unchanged by write
..........
Report: time stamp unchanged by read
Report: time stamp unchanged by write
..........
Report: time stamp unchanged by read
Report: time stamp unchanged by write
...............
Report: time stamp unchanged by read
Report: time stamp unchanged by write
...............
Report: time stamp unchanged by read
Report: time stamp unchanged by write
...............
Report: time stamp unchanged by read
Report: time stamp unchanged by write
...............
Report: time stamp unchanged by read
Report: time stamp unchanged by write
...............
Report: time stamp unchanged by read
Report: time stamp unchanged by write
...............
Report: time stamp unchanged by read
Report: time stamp unchanged by write
...............
Report: time stamp unchanged by read
Report: time stamp unchanged by write
...............
Report: time stamp unchanged by read
Report: time stamp unchanged by write
...............
Report: time stamp unchanged by read
Report: time stamp unchanged by write
...............
Report: time stamp unchanged by read
Report: time stamp unchanged by write
....................
Report: time stamp unchanged by read
Report: time stamp unchanged by write
....................
Report: time stamp unchanged by read
Report: time stamp unchanged by write
....................
Report: time stamp unchanged by read
Report: time stamp unchanged by write
....................
Report: time stamp unchanged by read
Report: time stamp unchanged by write
....................
Report: time stamp unchanged by read
Report: time stamp unchanged by write
....................
Report: time stamp unchanged by read
Report: time stamp unchanged by write
....................
Report: time stamp unchanged by read
Report: time stamp unchanged by write
....................
Report: time stamp unchanged by read
Report: time stamp unchanged by write
....................
Report: time stamp unchanged by read
Report: time stamp unchanged by write
....................
Report: time stamp unchanged by read
Report: time stamp unchanged by write
.........................
Report: time stamp unchanged by read
Report: time stamp unchanged by write
.........................
Report: time stamp unchanged by read
Report: time stamp unchanged by write
.........................
Report: time stamp unchanged by read
Report: time stamp unchanged by write
.........................
Report: time stamp unchanged by read
Report: time stamp unchanged by write
.........................
Report: time stamp unchanged by read
Report: time stamp unchanged by write
.........................
Report: time stamp unchanged by read
Report: time stamp unchanged by write
.........................
Report: time stamp unchanged by read
Report: time stamp unchanged by write
.........................
Report: time stamp unchanged by read
Report: time stamp unchanged by write
.........................
Report: time stamp unchanged by read
Report: time stamp unchanged by write
.........................
Report: time stamp unchanged by read
Report: time stamp unchanged by write
..............................
Report: time stamp unchanged by read
Report: time stamp unchanged by write
..............................
Report: time stamp unchanged by read
Report: time stamp unchanged by write
..............................
Report: time stamp unchanged by read
Report: time stamp unchanged by write
..............................
Report: time stamp unchanged by read
Report: time stamp unchanged by write
..............................
Report: time stamp unchanged by read
Report: time stamp unchanged by write
..............................
Report: time stamp unchanged by read
Report: time stamp unchanged by write
..............................
Report: time stamp unchanged by read
Report: time stamp unchanged by write
..............................
Report: time stamp unchanged by read
Report: time stamp unchanged by write
..............................
Report: time stamp unchanged by read
Report: time stamp unchanged by write
..............................
Report: time stamp unchanged by read
Report: time stamp unchanged by write
...................................
Report: time stamp unchanged by read
Report: time stamp unchanged by write
...................................
Report: time stamp unchanged by read
Report: time stamp unchanged by write
...................................
Report: time stamp unchanged by read
Report: time stamp unchanged by write
...................................
Report: time stamp unchanged by read
Report: time stamp unchanged by write
...................................
Report: time stamp unchanged by read
Report: time stamp unchanged by write
...................................
Report: time stamp unchanged by read
Report: time stamp unchanged by write
...................................
Report: time stamp unchanged by read
Report: time stamp unchanged by write
...................................
Report: time stamp unchanged by read
Report: time stamp unchanged by write
...................................
Report: time stamp unchanged by read
Report: time stamp unchanged by write
...................................
Report: time stamp unchanged by read
Report: time stamp unchanged by write
........................................
Report: time stamp unchanged by read
Report: time stamp unchanged by write
........................................
Report: time stamp unchanged by read
Report: time stamp unchanged by write
........................................
Report: time stamp unchanged by read
Report: time stamp unchanged by write
........................................
Report: time stamp unchanged by read
Report: time stamp unchanged by write
........................................
Report: time stamp unchanged by read
Report: time stamp unchanged by write
........................................
Report: time stamp unchanged by read
Report: time stamp unchanged by write
........................................
Report: time stamp unchanged by read
Report: time stamp unchanged by write
........................................
Report: time stamp unchanged by read
Report: time stamp unchanged by write
........................................
Report: time stamp unchanged by read
Report: time stamp unchanged by write
........................................
Report: time stamp unchanged by read
Report: time stamp unchanged by write
.............................................
Report: time stamp unchanged by read
Report: time stamp unchanged by write
.............................................
Report: time stamp unchanged by read
Report: time stamp unchanged by write
.............................................
Report: time stamp unchanged by read
Report: time stamp unchanged by write
.............................................
Report: time stamp unchanged by read
Report: time stamp unchanged by write
.............................................
Report: time stamp unchanged by read
Report: time stamp unchanged by write
.............................................
Report: time stamp unchanged by read
Report: time stamp unchanged by write
.............................................
Report: time stamp unchanged by read
Report: time stamp unchanged by write
.............................................
Report: time stamp unchanged by read
Report: time stamp unchanged by write
.............................................
Report: time stamp unchanged by read
Report: time stamp unchanged by write
.............................................
Report: time stamp unchanged by read
Report: "HEX" was written and "HEX" was read at byte NUM million.
	(errno subtests beginning...)
	report on test for EACCES in no-right write: test successful
	report on test for EACCES in SHARED write: test successful
	report on test for success in EXCL write: test successful.
	report on test for EBADF in write: test successful
	report on test for EBADF in read: test successful
	report on test for EBADF in write: test successful
	report on test for EFAULT in write: test successful
	report on test for EINVAL in (bad sid) write: test successful
	report on test for EACCES in no-right read: test successful
	report on test for success in SHARED read: test successful.
	report on test for success in EXCL read: test successful.
	report on test for EBADF in read: test successful
	report on test for EFAULT in read: test successful
	report on test for EINVAL in (bad sid) read: test successful
	(errno subtests complete!)
Invisible read/write tests complete.
