QA output created by 164
wrote 51200/51200 bytes at offset 0
50 KiB, 13 ops
read 102400/204800 bytes at offset 0
100 KiB, 1 ops
/mnt/test/file.164: 
EXT: FILE-OFFSET
0: [0..127]:
1: [128..199]: hole

boundary_minus1 = 102399
wrote 51200/51200 bytes at offset 0
50 KiB, 13 ops
read 102399/204800 bytes at offset 0
100 KiB, 1 ops
/mnt/test/file.164: 
EXT: FILE-OFFSET
0: [0..127]:
1: [128..199]: hole

boundary_plus1 = 
wrote 51200/51200 bytes at offset 0
50 KiB, 13 ops
read 102401/204800 bytes at offset 0
100 KiB, 1 ops
/mnt/test/file.164: 
EXT: FILE-OFFSET
0: [0..127]:
1: [128..207]: hole

wrote 51200/51200 bytes at offset 0
50 KiB, 13 ops
read 102401/204800 bytes at offset 0
100 KiB, 1 ops
/mnt/test/file.164: 
EXT: FILE-OFFSET
0: [0..127]:
1: [128..199]: unwritten

boundary_minus1 = 102399
wrote 51200/51200 bytes at offset 0
50 KiB, 13 ops
read 102401/204800 bytes at offset 0
100 KiB, 1 ops
/mnt/test/file.164: 
EXT: FILE-OFFSET
0: [0..127]:
1: [128..199]: unwritten

boundary_plus1 = 102401
wrote 51200/51200 bytes at offset 0
50 KiB, 13 ops
read 102401/204800 bytes at offset 0
100 KiB, 1 ops
/mnt/test/file.164: 
EXT: FILE-OFFSET
0: [0..127]:
1: [128..199]: unwritten
2: [200..207]: unwritten

