QA output created by 168
# create file
# remove file
# create file
# set dmapi attributes on file
# remove file
# here comes the dmapi print_event filtered and sorted output
	attrcopy        <NONE>
	attrname        <NONE>
	retcode         0
	retcode         0
	retcode         0
	retcode         0
attrcopy COPY
attribute: token TOKEN sequence SEQ
attribute: token TOKEN sequence SEQ
attrname NAME
create: token TOKEN sequence SEQ
create: token TOKEN sequence SEQ
destroy: token TOKEN sequence SEQ
destroy: token TOKEN sequence SEQ
handle HANDLE
handle HANDLE
mode bits mode MODE: perm PERMISSIONS, type FILE_TYPE
mode bits mode MODE: perm PERMISSIONS, type FILE_TYPE
mode bits mode MODE: perm PERMISSIONS, type FILE_TYPE
mode bits mode MODE: perm PERMISSIONS, type FILE_TYPE
mode bits mode MODE: perm PERMISSIONS, type FILE_TYPE
mode bits mode MODE: perm PERMISSIONS, type FILE_TYPE
mode bits mode MODE: perm PERMISSIONS, type FILE_TYPE
mode bits mode MODE: perm PERMISSIONS, type FILE_TYPE
name FILE_NAME
name FILE_NAME
name FILE_NAME
name FILE_NAME
name FILE_NAME
name FILE_NAME
name FILE_NAME
name FILE_NAME
new object OBJECT
new object OBJECT
object OBJECT
object OBJECT
parent dir PARENT_DIR
parent dir PARENT_DIR
parent dir PARENT_DIR
parent dir PARENT_DIR
parent dir PARENT_DIR
parent dir PARENT_DIR
parent dir PARENT_DIR
parent dir PARENT_DIR
postcreate: token TOKEN sequence SEQ
postcreate: token TOKEN sequence SEQ
postremove: token TOKEN sequence SEQ
postremove: token TOKEN sequence SEQ
remove: token TOKEN sequence SEQ
remove: token TOKEN sequence SEQ
