QA output created by 171
# testing 64 16 8 100 1 1 0 ....
# streaming
# sync AGs...
# checking stream AGs...
+ passed, streams are in seperate AGs
# testing 64 16 8 100 1 1 1 ....
# streaming
# sync AGs...
# checking stream AGs...
+ passed, streams are in seperate AGs
# testing 64 16 8 100 1 0 0 ....
# streaming
# sync AGs...
# checking stream AGs...
+ passed, streams are in seperate AGs
# testing 64 16 8 100 1 0 1 ....
# streaming
# sync AGs...
# checking stream AGs...
+ passed, streams are in seperate AGs
