QA output created by 177
Start original bulkstat_unlink_test
Iteration 0 ... passed
Iteration 1 ... passed
Iteration 2 ... passed
Iteration 3 ... passed
Iteration 4 ... passed
Iteration 5 ... passed
Iteration 6 ... passed
Iteration 7 ... passed
Iteration 8 ... passed
Iteration 9 ... passed
Iteration 0 ... passed
Iteration 1 ... passed
Iteration 2 ... passed
Iteration 3 ... passed
Iteration 4 ... passed
Iteration 5 ... passed
Iteration 6 ... passed
Iteration 7 ... passed
Iteration 8 ... passed
Iteration 9 ... passed
Iteration 0 ... passed
Iteration 1 ... passed
Iteration 2 ... passed
Iteration 3 ... passed
Iteration 4 ... passed
Iteration 5 ... passed
Iteration 6 ... passed
Iteration 7 ... passed
Iteration 8 ... passed
Iteration 9 ... passed
Iteration 10 ... passed
Iteration 11 ... passed
Iteration 12 ... passed
Iteration 13 ... passed
Iteration 14 ... passed
Iteration 0 ... passed
Iteration 1 ... passed
Iteration 2 ... passed
Iteration 3 ... passed
Iteration 4 ... passed
Iteration 5 ... passed
Iteration 6 ... passed
Iteration 7 ... passed
Iteration 8 ... passed
Iteration 9 ... passed
Iteration 10 ... passed
Iteration 11 ... passed
Iteration 12 ... passed
Iteration 13 ... passed
Iteration 14 ... passed
Iteration 15 ... passed
Iteration 16 ... passed
Iteration 17 ... passed
Iteration 18 ... passed
Iteration 19 ... passed
Start bulkstat_unlink_test_modified
Iteration 0 ... 
testFiles 1000 ... 
passed
Iteration 1 ... 
testFiles 1000 ... 
passed
Iteration 2 ... 
testFiles 1000 ... 
passed
Iteration 3 ... 
testFiles 1000 ... 
passed
Iteration 4 ... 
testFiles 1000 ... 
passed
Iteration 5 ... 
testFiles 1000 ... 
passed
Iteration 6 ... 
testFiles 1000 ... 
passed
Iteration 7 ... 
testFiles 1000 ... 
passed
Iteration 8 ... 
testFiles 1000 ... 
passed
Iteration 9 ... 
testFiles 1000 ... 
passed
