QA output created by 203
/mnt/test/hole_file10: 
0: [0..7]:
1: [8..2047]: hole
2: [2048..2055]:
3: [2056..4095]: hole
4: [4096..4103]:
5: [4104..6143]: hole
6: [6144..6151]:
7: [6152..8191]: hole
8: [8192..8199]:
9: [8200..10239]: hole
10: [10240..10247]:
11: [10248..12287]: hole
12: [12288..12295]:
13: [12296..14335]: hole
14: [14336..14343]:
15: [14344..16383]: hole
16: [16384..16391]:
17: [16392..18431]: hole
18: [18432..18439]:
19: [18440..20479]: hole
20: [20480..20487]:
21: [20488..22527]: hole
22: [22528..22535]:

/mnt/test/hole_file14: 
0: [0..7]:
1: [8..2047]: hole
2: [2048..2055]:
3: [2056..4095]: hole
4: [4096..4103]:
5: [4104..6143]: hole
6: [6144..6151]:
7: [6152..8191]: hole
8: [8192..8199]:
9: [8200..10239]: hole
10: [10240..10247]:
11: [10248..12287]: hole
12: [12288..12295]:
13: [12296..14335]: hole
14: [14336..14343]:
15: [14344..16383]: hole
16: [16384..16391]:
17: [16392..18431]: hole
18: [18432..18439]:
19: [18440..20479]: hole
20: [20480..20487]:
21: [20488..22527]: hole
22: [22528..22535]:
23: [22536..24575]: hole
24: [24576..24583]:
25: [24584..26623]: hole
26: [26624..26631]:
27: [26632..28671]: hole
28: [28672..28679]:
29: [28680..30719]: hole
30: [30720..30727]:

/mnt/test/hole_file15: 
0: [0..7]:
1: [8..2047]: hole
2: [2048..2055]:
3: [2056..4095]: hole
4: [4096..4103]:
5: [4104..6143]: hole
6: [6144..6151]:
7: [6152..8191]: hole
8: [8192..8199]:
9: [8200..10239]: hole
10: [10240..10247]:
11: [10248..12287]: hole
12: [12288..12295]:
13: [12296..14335]: hole
14: [14336..14343]:
15: [14344..16383]: hole
16: [16384..16391]:
17: [16392..18431]: hole
18: [18432..18439]:
19: [18440..20479]: hole
20: [20480..20487]:
21: [20488..22527]: hole
22: [22528..22535]:
23: [22536..24575]: hole
24: [24576..24583]:
25: [24584..26623]: hole
26: [26624..26631]:
27: [26632..28671]: hole
28: [28672..28679]:
29: [28680..30719]: hole
30: [30720..30727]:
31: [30728..32767]: hole
32: [32768..32775]:

/mnt/test/hole_file16: 
0: [0..7]:
1: [8..2047]: hole
2: [2048..2055]:
3: [2056..4095]: hole
4: [4096..4103]:
5: [4104..6143]: hole
6: [6144..6151]:
7: [6152..8191]: hole
8: [8192..8199]:
9: [8200..10239]: hole
10: [10240..10247]:
11: [10248..12287]: hole
12: [12288..12295]:
13: [12296..14335]: hole
14: [14336..14343]:
15: [14344..16383]: hole
16: [16384..16391]:
17: [16392..18431]: hole
18: [18432..18439]:
19: [18440..20479]: hole
20: [20480..20487]:
21: [20488..22527]: hole
22: [22528..22535]:
23: [22536..24575]: hole
24: [24576..24583]:
25: [24584..26623]: hole
26: [26624..26631]:
27: [26632..28671]: hole
28: [28672..28679]:
29: [28680..30719]: hole
30: [30720..30727]:
31: [30728..32767]: hole
32: [32768..32775]:
33: [32776..34815]: hole
34: [34816..34823]:

/mnt/test/hole_file17: 
0: [0..7]:
1: [8..2047]: hole
2: [2048..2055]:
3: [2056..4095]: hole
4: [4096..4103]:
5: [4104..6143]: hole
6: [6144..6151]:
7: [6152..8191]: hole
8: [8192..8199]:
9: [8200..10239]: hole
10: [10240..10247]:
11: [10248..12287]: hole
12: [12288..12295]:
13: [12296..14335]: hole
14: [14336..14343]:
15: [14344..16383]: hole
16: [16384..16391]:
17: [16392..18431]: hole
18: [18432..18439]:
19: [18440..20479]: hole
20: [20480..20487]:
21: [20488..22527]: hole
22: [22528..22535]:
23: [22536..24575]: hole
24: [24576..24583]:
25: [24584..26623]: hole
26: [26624..26631]:
27: [26632..28671]: hole
28: [28672..28679]:
29: [28680..30719]: hole
30: [30720..30727]:
31: [30728..32767]: hole
32: [32768..32775]:
33: [32776..34815]: hole
34: [34816..34823]:
35: [34824..36863]: hole
36: [36864..36871]:

/mnt/test/hole_file28: 
0: [0..7]:
1: [8..2047]: hole
2: [2048..2055]:
3: [2056..4095]: hole
4: [4096..4103]:
5: [4104..6143]: hole
6: [6144..6151]:
7: [6152..8191]: hole
8: [8192..8199]:
9: [8200..10239]: hole
10: [10240..10247]:
11: [10248..12287]: hole
12: [12288..12295]:
13: [12296..14335]: hole
14: [14336..14343]:
15: [14344..16383]: hole
16: [16384..16391]:
17: [16392..18431]: hole
18: [18432..18439]:
19: [18440..20479]: hole
20: [20480..20487]:
21: [20488..22527]: hole
22: [22528..22535]:
23: [22536..24575]: hole
24: [24576..24583]:
25: [24584..26623]: hole
26: [26624..26631]:
27: [26632..28671]: hole
28: [28672..28679]:
29: [28680..30719]: hole
30: [30720..30727]:
31: [30728..32767]: hole
32: [32768..32775]:
33: [32776..34815]: hole
34: [34816..34823]:
35: [34824..36863]: hole
36: [36864..36871]:
37: [36872..38911]: hole
38: [38912..38919]:
39: [38920..40959]: hole
40: [40960..40967]:
41: [40968..43007]: hole
42: [43008..43015]:
43: [43016..45055]: hole
44: [45056..45063]:
45: [45064..47103]: hole
46: [47104..47111]:
47: [47112..49151]: hole
48: [49152..49159]:
49: [49160..51199]: hole
50: [51200..51207]:
51: [51208..53247]: hole
52: [53248..53255]:
53: [53256..55295]: hole
54: [55296..55303]:
55: [55304..57343]: hole
56: [57344..57351]:
57: [57352..59391]: hole
58: [59392..59399]:

/mnt/test/hole_file29: 
0: [0..7]:
1: [8..2047]: hole
2: [2048..2055]:
3: [2056..4095]: hole
4: [4096..4103]:
5: [4104..6143]: hole
6: [6144..6151]:
7: [6152..8191]: hole
8: [8192..8199]:
9: [8200..10239]: hole
10: [10240..10247]:
11: [10248..12287]: hole
12: [12288..12295]:
13: [12296..14335]: hole
14: [14336..14343]:
15: [14344..16383]: hole
16: [16384..16391]:
17: [16392..18431]: hole
18: [18432..18439]:
19: [18440..20479]: hole
20: [20480..20487]:
21: [20488..22527]: hole
22: [22528..22535]:
23: [22536..24575]: hole
24: [24576..24583]:
25: [24584..26623]: hole
26: [26624..26631]:
27: [26632..28671]: hole
28: [28672..28679]:
29: [28680..30719]: hole
30: [30720..30727]:
31: [30728..32767]: hole
32: [32768..32775]:
33: [32776..34815]: hole
34: [34816..34823]:
35: [34824..36863]: hole
36: [36864..36871]:
37: [36872..38911]: hole
38: [38912..38919]:
39: [38920..40959]: hole
40: [40960..40967]:
41: [40968..43007]: hole
42: [43008..43015]:
43: [43016..45055]: hole
44: [45056..45063]:
45: [45064..47103]: hole
46: [47104..47111]:
47: [47112..49151]: hole
48: [49152..49159]:
49: [49160..51199]: hole
50: [51200..51207]:
51: [51208..53247]: hole
52: [53248..53255]:
53: [53256..55295]: hole
54: [55296..55303]:
55: [55304..57343]: hole
56: [57344..57351]:
57: [57352..59391]: hole
58: [59392..59399]:
59: [59400..61439]: hole
60: [61440..61447]:

/mnt/test/hole_file30: 
0: [0..7]:
1: [8..2047]: hole
2: [2048..2055]:
3: [2056..4095]: hole
4: [4096..4103]:
5: [4104..6143]: hole
6: [6144..6151]:
7: [6152..8191]: hole
8: [8192..8199]:
9: [8200..10239]: hole
10: [10240..10247]:
11: [10248..12287]: hole
12: [12288..12295]:
13: [12296..14335]: hole
14: [14336..14343]:
15: [14344..16383]: hole
16: [16384..16391]:
17: [16392..18431]: hole
18: [18432..18439]:
19: [18440..20479]: hole
20: [20480..20487]:
21: [20488..22527]: hole
22: [22528..22535]:
23: [22536..24575]: hole
24: [24576..24583]:
25: [24584..26623]: hole
26: [26624..26631]:
27: [26632..28671]: hole
28: [28672..28679]:
29: [28680..30719]: hole
30: [30720..30727]:
31: [30728..32767]: hole
32: [32768..32775]:
33: [32776..34815]: hole
34: [34816..34823]:
35: [34824..36863]: hole
36: [36864..36871]:
37: [36872..38911]: hole
38: [38912..38919]:
39: [38920..40959]: hole
40: [40960..40967]:
41: [40968..43007]: hole
42: [43008..43015]:
43: [43016..45055]: hole
44: [45056..45063]:
45: [45064..47103]: hole
46: [47104..47111]:
47: [47112..49151]: hole
48: [49152..49159]:
49: [49160..51199]: hole
50: [51200..51207]:
51: [51208..53247]: hole
52: [53248..53255]:
53: [53256..55295]: hole
54: [55296..55303]:
55: [55304..57343]: hole
56: [57344..57351]:
57: [57352..59391]: hole
58: [59392..59399]:
59: [59400..61439]: hole
60: [61440..61447]:
61: [61448..63487]: hole
62: [63488..63495]:

/mnt/test/hole_file31: 
0: [0..7]:
1: [8..2047]: hole
2: [2048..2055]:
3: [2056..4095]: hole
4: [4096..4103]:
5: [4104..6143]: hole
6: [6144..6151]:
7: [6152..8191]: hole
8: [8192..8199]:
9: [8200..10239]: hole
10: [10240..10247]:
11: [10248..12287]: hole
12: [12288..12295]:
13: [12296..14335]: hole
14: [14336..14343]:
15: [14344..16383]: hole
16: [16384..16391]:
17: [16392..18431]: hole
18: [18432..18439]:
19: [18440..20479]: hole
20: [20480..20487]:
21: [20488..22527]: hole
22: [22528..22535]:
23: [22536..24575]: hole
24: [24576..24583]:
25: [24584..26623]: hole
26: [26624..26631]:
27: [26632..28671]: hole
28: [28672..28679]:
29: [28680..30719]: hole
30: [30720..30727]:
31: [30728..32767]: hole
32: [32768..32775]:
33: [32776..34815]: hole
34: [34816..34823]:
35: [34824..36863]: hole
36: [36864..36871]:
37: [36872..38911]: hole
38: [38912..38919]:
39: [38920..40959]: hole
40: [40960..40967]:
41: [40968..43007]: hole
42: [43008..43015]:
43: [43016..45055]: hole
44: [45056..45063]:
45: [45064..47103]: hole
46: [47104..47111]:
47: [47112..49151]: hole
48: [49152..49159]:
49: [49160..51199]: hole
50: [51200..51207]:
51: [51208..53247]: hole
52: [53248..53255]:
53: [53256..55295]: hole
54: [55296..55303]:
55: [55304..57343]: hole
56: [57344..57351]:
57: [57352..59391]: hole
58: [59392..59399]:
59: [59400..61439]: hole
60: [61440..61447]:
61: [61448..63487]: hole
62: [63488..63495]:
63: [63496..65535]: hole
64: [65536..65543]:

*** done
