QA output created by 206
=== truncate file ===
=== mkfs.xfs ===
meta-data=FILE                   isize=256    agcount=52, agsize=76288719 blks
         =                       sectsz=512   attr=2
data     =                       bsize=4096   blocks=3905982455, imaxpct=5
         =                       sunit=0      swidth=0 blks
naming   =version 2              bsize=4096   ascii-ci=0
log      =internal log           bsize=4096   blocks=32768, version=2
         =                       sectsz=512   sunit=0 blks, lazy-count=0
realtime =none                   extsz=4096   blocks=0, rtextents=0
=== xfs_growfs ===
meta-data=FILE                   isize=256    agcount=52, agsize=76288719 blks
         =                       sectsz=512   attr=2
data     =                       bsize=4096   blocks=3905982455, imaxpct=5
         =                       sunit=0      swidth=0 blks
naming   =version 2              bsize=4096   ascii-ci=0
log      =internal               bsize=4096   blocks=32768, version=2
         =                       sectsz=512   sunit=0 blks, lazy-count=0
realtime =none                   extsz=4096   blocks=0, rtextents=0
