QA output created by 223
=== mkfs with su 2 blocks x 4 ===
=== Testing size 1*8k on 8k stripe ===
SCRATCH_MNT/file-1-8192-falloc: well-aligned
SCRATCH_MNT/file-1-8192-write: well-aligned
SCRATCH_MNT/file-2-8192-falloc: well-aligned
SCRATCH_MNT/file-2-8192-write: well-aligned
SCRATCH_MNT/file-3-8192-falloc: well-aligned
SCRATCH_MNT/file-3-8192-write: well-aligned
SCRATCH_MNT/file-4-8192-falloc: well-aligned
SCRATCH_MNT/file-4-8192-write: well-aligned
=== Testing size 2*8k on 8k stripe ===
SCRATCH_MNT/file-1-16384-falloc: well-aligned
SCRATCH_MNT/file-1-16384-write: well-aligned
SCRATCH_MNT/file-2-16384-falloc: well-aligned
SCRATCH_MNT/file-2-16384-write: well-aligned
SCRATCH_MNT/file-3-16384-falloc: well-aligned
SCRATCH_MNT/file-3-16384-write: well-aligned
SCRATCH_MNT/file-4-16384-falloc: well-aligned
SCRATCH_MNT/file-4-16384-write: well-aligned
=== Testing size 8*8k on 8k stripe ===
SCRATCH_MNT/file-1-65536-falloc: well-aligned
SCRATCH_MNT/file-1-65536-write: well-aligned
SCRATCH_MNT/file-2-65536-falloc: well-aligned
SCRATCH_MNT/file-2-65536-write: well-aligned
SCRATCH_MNT/file-3-65536-falloc: well-aligned
SCRATCH_MNT/file-3-65536-write: well-aligned
SCRATCH_MNT/file-4-65536-falloc: well-aligned
SCRATCH_MNT/file-4-65536-write: well-aligned
=== Testing size 64*8k on 8k stripe ===
SCRATCH_MNT/file-1-524288-falloc: well-aligned
SCRATCH_MNT/file-1-524288-write: well-aligned
SCRATCH_MNT/file-2-524288-falloc: well-aligned
SCRATCH_MNT/file-2-524288-write: well-aligned
SCRATCH_MNT/file-3-524288-falloc: well-aligned
SCRATCH_MNT/file-3-524288-write: well-aligned
SCRATCH_MNT/file-4-524288-falloc: well-aligned
SCRATCH_MNT/file-4-524288-write: well-aligned
=== Testing size 256*8k on 8k stripe ===
SCRATCH_MNT/file-1-2097152-falloc: well-aligned
SCRATCH_MNT/file-1-2097152-write: well-aligned
SCRATCH_MNT/file-2-2097152-falloc: well-aligned
SCRATCH_MNT/file-2-2097152-write: well-aligned
SCRATCH_MNT/file-3-2097152-falloc: well-aligned
SCRATCH_MNT/file-3-2097152-write: well-aligned
SCRATCH_MNT/file-4-2097152-falloc: well-aligned
SCRATCH_MNT/file-4-2097152-write: well-aligned
=== Testing size 1g falloc on 8k stripe ===
SCRATCH_MNT/file-1g-falloc: well-aligned
=== Testing size 1073745920 falloc on 8k stripe ===
SCRATCH_MNT/file-1073745920-falloc: well-aligned
=== mkfs with su 4 blocks x 4 ===
=== Testing size 1*16k on 16k stripe ===
SCRATCH_MNT/file-1-16384-falloc: well-aligned
SCRATCH_MNT/file-1-16384-write: well-aligned
SCRATCH_MNT/file-2-16384-falloc: well-aligned
SCRATCH_MNT/file-2-16384-write: well-aligned
SCRATCH_MNT/file-3-16384-falloc: well-aligned
SCRATCH_MNT/file-3-16384-write: well-aligned
SCRATCH_MNT/file-4-16384-falloc: well-aligned
SCRATCH_MNT/file-4-16384-write: well-aligned
=== Testing size 2*16k on 16k stripe ===
SCRATCH_MNT/file-1-32768-falloc: well-aligned
SCRATCH_MNT/file-1-32768-write: well-aligned
SCRATCH_MNT/file-2-32768-falloc: well-aligned
SCRATCH_MNT/file-2-32768-write: well-aligned
SCRATCH_MNT/file-3-32768-falloc: well-aligned
SCRATCH_MNT/file-3-32768-write: well-aligned
SCRATCH_MNT/file-4-32768-falloc: well-aligned
SCRATCH_MNT/file-4-32768-write: well-aligned
=== Testing size 8*16k on 16k stripe ===
SCRATCH_MNT/file-1-131072-falloc: well-aligned
SCRATCH_MNT/file-1-131072-write: well-aligned
SCRATCH_MNT/file-2-131072-falloc: well-aligned
SCRATCH_MNT/file-2-131072-write: well-aligned
SCRATCH_MNT/file-3-131072-falloc: well-aligned
SCRATCH_MNT/file-3-131072-write: well-aligned
SCRATCH_MNT/file-4-131072-falloc: well-aligned
SCRATCH_MNT/file-4-131072-write: well-aligned
=== Testing size 64*16k on 16k stripe ===
SCRATCH_MNT/file-1-1048576-falloc: well-aligned
SCRATCH_MNT/file-1-1048576-write: well-aligned
SCRATCH_MNT/file-2-1048576-falloc: well-aligned
SCRATCH_MNT/file-2-1048576-write: well-aligned
SCRATCH_MNT/file-3-1048576-falloc: well-aligned
SCRATCH_MNT/file-3-1048576-write: well-aligned
SCRATCH_MNT/file-4-1048576-falloc: well-aligned
SCRATCH_MNT/file-4-1048576-write: well-aligned
=== Testing size 256*16k on 16k stripe ===
SCRATCH_MNT/file-1-4194304-falloc: well-aligned
SCRATCH_MNT/file-1-4194304-write: well-aligned
SCRATCH_MNT/file-2-4194304-falloc: well-aligned
SCRATCH_MNT/file-2-4194304-write: well-aligned
SCRATCH_MNT/file-3-4194304-falloc: well-aligned
SCRATCH_MNT/file-3-4194304-write: well-aligned
SCRATCH_MNT/file-4-4194304-falloc: well-aligned
SCRATCH_MNT/file-4-4194304-write: well-aligned
=== Testing size 1g falloc on 16k stripe ===
SCRATCH_MNT/file-1g-falloc: well-aligned
=== Testing size 1073745920 falloc on 16k stripe ===
SCRATCH_MNT/file-1073745920-falloc: well-aligned
=== mkfs with su 8 blocks x 4 ===
=== Testing size 1*32k on 32k stripe ===
SCRATCH_MNT/file-1-32768-falloc: well-aligned
SCRATCH_MNT/file-1-32768-write: well-aligned
SCRATCH_MNT/file-2-32768-falloc: well-aligned
SCRATCH_MNT/file-2-32768-write: well-aligned
SCRATCH_MNT/file-3-32768-falloc: well-aligned
SCRATCH_MNT/file-3-32768-write: well-aligned
SCRATCH_MNT/file-4-32768-falloc: well-aligned
SCRATCH_MNT/file-4-32768-write: well-aligned
=== Testing size 2*32k on 32k stripe ===
SCRATCH_MNT/file-1-65536-falloc: well-aligned
SCRATCH_MNT/file-1-65536-write: well-aligned
SCRATCH_MNT/file-2-65536-falloc: well-aligned
SCRATCH_MNT/file-2-65536-write: well-aligned
SCRATCH_MNT/file-3-65536-falloc: well-aligned
SCRATCH_MNT/file-3-65536-write: well-aligned
SCRATCH_MNT/file-4-65536-falloc: well-aligned
SCRATCH_MNT/file-4-65536-write: well-aligned
=== Testing size 8*32k on 32k stripe ===
SCRATCH_MNT/file-1-262144-falloc: well-aligned
SCRATCH_MNT/file-1-262144-write: well-aligned
SCRATCH_MNT/file-2-262144-falloc: well-aligned
SCRATCH_MNT/file-2-262144-write: well-aligned
SCRATCH_MNT/file-3-262144-falloc: well-aligned
SCRATCH_MNT/file-3-262144-write: well-aligned
SCRATCH_MNT/file-4-262144-falloc: well-aligned
SCRATCH_MNT/file-4-262144-write: well-aligned
=== Testing size 64*32k on 32k stripe ===
SCRATCH_MNT/file-1-2097152-falloc: well-aligned
SCRATCH_MNT/file-1-2097152-write: well-aligned
SCRATCH_MNT/file-2-2097152-falloc: well-aligned
SCRATCH_MNT/file-2-2097152-write: well-aligned
SCRATCH_MNT/file-3-2097152-falloc: well-aligned
SCRATCH_MNT/file-3-2097152-write: well-aligned
SCRATCH_MNT/file-4-2097152-falloc: well-aligned
SCRATCH_MNT/file-4-2097152-write: well-aligned
=== Testing size 256*32k on 32k stripe ===
SCRATCH_MNT/file-1-8388608-falloc: well-aligned
SCRATCH_MNT/file-1-8388608-write: well-aligned
SCRATCH_MNT/file-2-8388608-falloc: well-aligned
SCRATCH_MNT/file-2-8388608-write: well-aligned
SCRATCH_MNT/file-3-8388608-falloc: well-aligned
SCRATCH_MNT/file-3-8388608-write: well-aligned
SCRATCH_MNT/file-4-8388608-falloc: well-aligned
SCRATCH_MNT/file-4-8388608-write: well-aligned
=== Testing size 1g falloc on 32k stripe ===
SCRATCH_MNT/file-1g-falloc: well-aligned
=== Testing size 1073745920 falloc on 32k stripe ===
SCRATCH_MNT/file-1073745920-falloc: well-aligned
=== mkfs with su 16 blocks x 4 ===
=== Testing size 1*64k on 64k stripe ===
SCRATCH_MNT/file-1-65536-falloc: well-aligned
SCRATCH_MNT/file-1-65536-write: well-aligned
SCRATCH_MNT/file-2-65536-falloc: well-aligned
SCRATCH_MNT/file-2-65536-write: well-aligned
SCRATCH_MNT/file-3-65536-falloc: well-aligned
SCRATCH_MNT/file-3-65536-write: well-aligned
SCRATCH_MNT/file-4-65536-falloc: well-aligned
SCRATCH_MNT/file-4-65536-write: well-aligned
=== Testing size 2*64k on 64k stripe ===
SCRATCH_MNT/file-1-131072-falloc: well-aligned
SCRATCH_MNT/file-1-131072-write: well-aligned
SCRATCH_MNT/file-2-131072-falloc: well-aligned
SCRATCH_MNT/file-2-131072-write: well-aligned
SCRATCH_MNT/file-3-131072-falloc: well-aligned
SCRATCH_MNT/file-3-131072-write: well-aligned
SCRATCH_MNT/file-4-131072-falloc: well-aligned
SCRATCH_MNT/file-4-131072-write: well-aligned
=== Testing size 8*64k on 64k stripe ===
SCRATCH_MNT/file-1-524288-falloc: well-aligned
SCRATCH_MNT/file-1-524288-write: well-aligned
SCRATCH_MNT/file-2-524288-falloc: well-aligned
SCRATCH_MNT/file-2-524288-write: well-aligned
SCRATCH_MNT/file-3-524288-falloc: well-aligned
SCRATCH_MNT/file-3-524288-write: well-aligned
SCRATCH_MNT/file-4-524288-falloc: well-aligned
SCRATCH_MNT/file-4-524288-write: well-aligned
=== Testing size 64*64k on 64k stripe ===
SCRATCH_MNT/file-1-4194304-falloc: well-aligned
SCRATCH_MNT/file-1-4194304-write: well-aligned
SCRATCH_MNT/file-2-4194304-falloc: well-aligned
SCRATCH_MNT/file-2-4194304-write: well-aligned
SCRATCH_MNT/file-3-4194304-falloc: well-aligned
SCRATCH_MNT/file-3-4194304-write: well-aligned
SCRATCH_MNT/file-4-4194304-falloc: well-aligned
SCRATCH_MNT/file-4-4194304-write: well-aligned
=== Testing size 256*64k on 64k stripe ===
SCRATCH_MNT/file-1-16777216-falloc: well-aligned
SCRATCH_MNT/file-1-16777216-write: well-aligned
SCRATCH_MNT/file-2-16777216-falloc: well-aligned
SCRATCH_MNT/file-2-16777216-write: well-aligned
SCRATCH_MNT/file-3-16777216-falloc: well-aligned
SCRATCH_MNT/file-3-16777216-write: well-aligned
SCRATCH_MNT/file-4-16777216-falloc: well-aligned
SCRATCH_MNT/file-4-16777216-write: well-aligned
=== Testing size 1g falloc on 64k stripe ===
SCRATCH_MNT/file-1g-falloc: well-aligned
=== Testing size 1073745920 falloc on 64k stripe ===
SCRATCH_MNT/file-1073745920-falloc: well-aligned
=== mkfs with su 32 blocks x 4 ===
=== Testing size 1*128k on 128k stripe ===
SCRATCH_MNT/file-1-131072-falloc: well-aligned
SCRATCH_MNT/file-1-131072-write: well-aligned
SCRATCH_MNT/file-2-131072-falloc: well-aligned
SCRATCH_MNT/file-2-131072-write: well-aligned
SCRATCH_MNT/file-3-131072-falloc: well-aligned
SCRATCH_MNT/file-3-131072-write: well-aligned
SCRATCH_MNT/file-4-131072-falloc: well-aligned
SCRATCH_MNT/file-4-131072-write: well-aligned
=== Testing size 2*128k on 128k stripe ===
SCRATCH_MNT/file-1-262144-falloc: well-aligned
SCRATCH_MNT/file-1-262144-write: well-aligned
SCRATCH_MNT/file-2-262144-falloc: well-aligned
SCRATCH_MNT/file-2-262144-write: well-aligned
SCRATCH_MNT/file-3-262144-falloc: well-aligned
SCRATCH_MNT/file-3-262144-write: well-aligned
SCRATCH_MNT/file-4-262144-falloc: well-aligned
SCRATCH_MNT/file-4-262144-write: well-aligned
=== Testing size 8*128k on 128k stripe ===
SCRATCH_MNT/file-1-1048576-falloc: well-aligned
SCRATCH_MNT/file-1-1048576-write: well-aligned
SCRATCH_MNT/file-2-1048576-falloc: well-aligned
SCRATCH_MNT/file-2-1048576-write: well-aligned
SCRATCH_MNT/file-3-1048576-falloc: well-aligned
SCRATCH_MNT/file-3-1048576-write: well-aligned
SCRATCH_MNT/file-4-1048576-falloc: well-aligned
SCRATCH_MNT/file-4-1048576-write: well-aligned
=== Testing size 64*128k on 128k stripe ===
SCRATCH_MNT/file-1-8388608-falloc: well-aligned
SCRATCH_MNT/file-1-8388608-write: well-aligned
SCRATCH_MNT/file-2-8388608-falloc: well-aligned
SCRATCH_MNT/file-2-8388608-write: well-aligned
SCRATCH_MNT/file-3-8388608-falloc: well-aligned
SCRATCH_MNT/file-3-8388608-write: well-aligned
SCRATCH_MNT/file-4-8388608-falloc: well-aligned
SCRATCH_MNT/file-4-8388608-write: well-aligned
=== Testing size 256*128k on 128k stripe ===
SCRATCH_MNT/file-1-33554432-falloc: well-aligned
SCRATCH_MNT/file-1-33554432-write: well-aligned
SCRATCH_MNT/file-2-33554432-falloc: well-aligned
SCRATCH_MNT/file-2-33554432-write: well-aligned
SCRATCH_MNT/file-3-33554432-falloc: well-aligned
SCRATCH_MNT/file-3-33554432-write: well-aligned
SCRATCH_MNT/file-4-33554432-falloc: well-aligned
SCRATCH_MNT/file-4-33554432-write: well-aligned
=== Testing size 1g falloc on 128k stripe ===
SCRATCH_MNT/file-1g-falloc: well-aligned
=== Testing size 1073745920 falloc on 128k stripe ===
SCRATCH_MNT/file-1073745920-falloc: well-aligned
