QA output created by 272

 Switch data journalling mode

OP write_opt: iflag=noatime 4M, chattr_opt: +j
OP write_opt: iflag=noatime 4M, chattr_opt: -j
OP write_opt: iflag=noatime 4M, chattr_opt: +jS
OP write_opt: iflag=noatime 4M, chattr_opt: -j
OP write_opt: conv=notrunc 4M, chattr_opt: +j
OP write_opt: conv=notrunc 4M, chattr_opt: -j
OP write_opt: conv=notrunc 4M, chattr_opt: +jS
OP write_opt: conv=notrunc 4M, chattr_opt: -j
OP write_opt: conv=fsync 4M, chattr_opt: +j
OP write_opt: conv=fsync 4M, chattr_opt: -j
OP write_opt: conv=fsync 4M, chattr_opt: +jS
OP write_opt: conv=fsync 4M, chattr_opt: -j
OP write_opt: oflag=direct 4M, chattr_opt: +j
OP write_opt: oflag=direct 4M, chattr_opt: -j
OP write_opt: oflag=direct 4M, chattr_opt: +jS
OP write_opt: oflag=direct 4M, chattr_opt: -j
OP write_opt: iflag=noatime ENOSPC, chattr_opt: +j
OP write_opt: iflag=noatime ENOSPC, chattr_opt: -j
OP write_opt: iflag=noatime ENOSPC, chattr_opt: +jS
OP write_opt: iflag=noatime ENOSPC, chattr_opt: -j
OP write_opt: conv=notrunc ENOSPC, chattr_opt: +j
OP write_opt: conv=notrunc ENOSPC, chattr_opt: -j
OP write_opt: conv=notrunc ENOSPC, chattr_opt: +jS
OP write_opt: conv=notrunc ENOSPC, chattr_opt: -j
OP write_opt: conv=fsync ENOSPC, chattr_opt: +j
OP write_opt: conv=fsync ENOSPC, chattr_opt: -j
OP write_opt: conv=fsync ENOSPC, chattr_opt: +jS
OP write_opt: conv=fsync ENOSPC, chattr_opt: -j
OP write_opt: oflag=direct ENOSPC, chattr_opt: +j
OP write_opt: oflag=direct ENOSPC, chattr_opt: -j
OP write_opt: oflag=direct ENOSPC, chattr_opt: +jS
OP write_opt: oflag=direct ENOSPC, chattr_opt: -j
Check filesystem
